#
# There is insufficient memory for the Java Runtime Environment to continue.
# Native memory allocation (malloc) failed to allocate 734976 bytes for Chunk::new
# Possible reasons:
#   The system is out of physical RAM or swap space
#   The process is running with CompressedOops enabled, and the Java Heap may be blocking the growth of the native heap
# Possible solutions:
#   Reduce memory load on the system
#   Increase physical memory or swap space
#   Check if swap backing store is full
#   Decrease Java heap size (-Xmx/-Xms)
#   Decrease number of Java threads
#   Decrease Java thread stack sizes (-Xss)
#   Set larger code cache with -XX:ReservedCodeCacheSize=
#   JVM is running with Unscaled Compressed Oops mode in which the Java heap is
#     placed in the first 4GB address space. The Java Heap base address is the
#     maximum limit for the native heap growth. Please use -XX:HeapBaseMinAddress
#     to set the Java Heap base and to place the Java Heap above 4GB virtual address.
# This output file may be truncated or incomplete.
#
#  Out of Memory Error (allocation.cpp:389), pid=9116, tid=0x0000000000002274
#
# JRE version: OpenJDK Runtime Environment (8.0_202-b03) (build 1.8.0_202-release-1483-b03)
# Java VM: OpenJDK 64-Bit Server VM (25.202-b03 mixed mode windows-amd64 compressed oops)
# Failed to write core dump. Minidumps are not enabled by default on client versions of Windows
#

---------------  T H R E A D  ---------------

Current thread (0x00000000166ee000):  JavaThread "C2 CompilerThread1" daemon [_thread_in_native, id=8820, stack(0x0000000017e60000,0x0000000017f60000)]

Stack: [0x0000000017e60000,0x0000000017f60000]
[error occurred during error reporting (printing stack bounds), id 0xc0000005]

Native frames: (J=compiled Java code, j=interpreted, Vv=VM code, C=native code)


Current CompileTask:
C2:1239194 12395       4       com.android.utils.XmlUtils::append (540 bytes)


---------------  P R O C E S S  ---------------

Java Threads: ( => current thread )
  0x000000001cdbd800 JavaThread "pool-2-thread-1" [_thread_blocked, id=7068, stack(0x0000000026ef0000,0x0000000026ff0000)]
  0x000000001cdbc800 JavaThread "stdout" daemon [_thread_in_native, id=4924, stack(0x0000000026df0000,0x0000000026ef0000)]
  0x000000001cdbc000 JavaThread "stderr" daemon [_thread_in_native, id=7368, stack(0x0000000026cf0000,0x0000000026df0000)]
  0x000000001cdb9800 JavaThread "stdout" daemon [_thread_in_native, id=1796, stack(0x0000000026bf0000,0x0000000026cf0000)]
  0x000000001cdb2000 JavaThread "stderr" daemon [_thread_in_native, id=7880, stack(0x0000000026af0000,0x0000000026bf0000)]
  0x000000001cdb8000 JavaThread "stdout" daemon [_thread_in_native, id=1312, stack(0x00000000269f0000,0x0000000026af0000)]
  0x000000001cdb6800 JavaThread "stderr" daemon [_thread_in_native, id=5312, stack(0x00000000268f0000,0x00000000269f0000)]
  0x000000001cdb7800 JavaThread "stdout" daemon [_thread_in_native, id=6176, stack(0x00000000267f0000,0x00000000268f0000)]
  0x000000001cdb9000 JavaThread "stderr" daemon [_thread_in_native, id=72, stack(0x00000000266f0000,0x00000000267f0000)]
  0x000000001cdb1800 JavaThread "MarlinRenderer Disposer" daemon [_thread_blocked, id=9324, stack(0x00000000265f0000,0x00000000266f0000)]
  0x000000001cdb5000 JavaThread "Java2D Disposer" daemon [_thread_blocked, id=8360, stack(0x00000000264f0000,0x00000000265f0000)]
  0x000000001cdb6000 JavaThread "queued-resource-processor_4" daemon [_thread_blocked, id=8644, stack(0x00000000263f0000,0x00000000264f0000)]
  0x000000001cdb4800 JavaThread "queued-resource-processor_3" daemon [_thread_blocked, id=10560, stack(0x00000000262f0000,0x00000000263f0000)]
  0x000000001cdb3800 JavaThread "queued-resource-processor_2" daemon [_thread_blocked, id=9448, stack(0x00000000261f0000,0x00000000262f0000)]
  0x000000001cdb3000 JavaThread "queued-resource-processor_1" daemon [_thread_blocked, id=964, stack(0x00000000260f0000,0x00000000261f0000)]
  0x000000001d9b9000 JavaThread "WorkerExecutor Queue Thread 4" [_thread_blocked, id=6208, stack(0x0000000025df0000,0x0000000025ef0000)]
  0x000000001c043000 JavaThread "WorkerExecutor Queue Thread 3" [_thread_blocked, id=6512, stack(0x0000000025cf0000,0x0000000025df0000)]
  0x000000001c044800 JavaThread "WorkerExecutor Queue Thread 2" [_thread_blocked, id=3076, stack(0x0000000025bf0000,0x0000000025cf0000)]
  0x000000001c044000 JavaThread "WorkerExecutor Queue" [_thread_blocked, id=7520, stack(0x0000000025af0000,0x0000000025bf0000)]
  0x000000001d9b6800 JavaThread "Cache worker for Build Output Cleanup Cache (C:\Users\ALEXANDER\AndroidStudioProjects\Asandic\.gradle\buildOutputCleanup)" [_thread_blocked, id=4324, stack(0x00000000259f0000,0x0000000025af0000)]
  0x000000001d9b6000 JavaThread "Cache worker for task history cache (C:\Users\ALEXANDER\AndroidStudioProjects\Asandic\.gradle\4.10\taskHistory)" [_thread_blocked, id=6352, stack(0x00000000258f0000,0x00000000259f0000)]
  0x000000001d9b5000 JavaThread "Task worker for ':' Thread 3" [_thread_blocked, id=9020, stack(0x00000000257f0000,0x00000000258f0000)]
  0x000000001d9b3800 JavaThread "Task worker for ':' Thread 2" [_thread_blocked, id=3596, stack(0x00000000256f0000,0x00000000257f0000)]
  0x000000001d9b4800 JavaThread "Task worker for ':'" [_thread_blocked, id=7612, stack(0x00000000255f0000,0x00000000256f0000)]
  0x000000001d9ac000 JavaThread "Build operations Thread 4" [_thread_blocked, id=7568, stack(0x00000000254f0000,0x00000000255f0000)]
  0x000000001d9b3000 JavaThread "Build operations Thread 3" [_thread_blocked, id=7620, stack(0x00000000253f0000,0x00000000254f0000)]
  0x000000001d9b2000 JavaThread "Build operations Thread 2" [_thread_blocked, id=7360, stack(0x00000000252f0000,0x00000000253f0000)]
  0x000000001d9af000 JavaThread "Build operations" [_thread_blocked, id=11168, stack(0x00000000251f0000,0x00000000252f0000)]
  0x000000001d9b0000 JavaThread "Cache worker for cache directory md-rule (C:\Users\ALEXANDER\.gradle\caches\4.10\md-rule)" [_thread_blocked, id=3340, stack(0x00000000250f0000,0x00000000251f0000)]
  0x000000001d9aa800 JavaThread "Cache worker for cache directory md-supplier (C:\Users\ALEXANDER\.gradle\caches\4.10\md-supplier)" [_thread_blocked, id=10788, stack(0x0000000024ff0000,0x00000000250f0000)]
  0x000000001d9ad800 JavaThread "Cache worker for file hash cache (C:\Users\ALEXANDER\AndroidStudioProjects\Asandic\.gradle\4.10\fileHashes)" [_thread_blocked, id=6164, stack(0x0000000024ef0000,0x0000000024ff0000)]
  0x000000001d9ae800 JavaThread "Stdin handler" [_thread_blocked, id=7088, stack(0x0000000024df0000,0x0000000024ef0000)]
  0x000000001d9b0800 JavaThread "Asynchronous log dispatcher for DefaultDaemonConnection: socket connection from /127.0.0.1:65002 to /127.0.0.1:65368" [_thread_blocked, id=4396, stack(0x0000000024cf0000,0x0000000024df0000)]
  0x000000001d9ad000 JavaThread "Cancel handler" [_thread_blocked, id=4976, stack(0x0000000024bf0000,0x0000000024cf0000)]
  0x000000001d9ab800 JavaThread "Handler for socket connection from /127.0.0.1:65002 to /127.0.0.1:65368" [_thread_in_native, id=7036, stack(0x0000000024af0000,0x0000000024bf0000)]
  0x000000001d9b7800 JavaThread "Memory manager" [_thread_blocked, id=7692, stack(0x0000000023a20000,0x0000000023b20000)]
  0x000000001c048800 JavaThread "Daemon worker Thread 3" [_thread_in_native, id=9356, stack(0x0000000022b20000,0x0000000022c20000)]
  0x000000001c047000 JavaThread "Daemon Thread 3" [_thread_blocked, id=11052, stack(0x0000000022820000,0x0000000022920000)]
  0x000000001c047800 JavaThread "Cache worker for Artifact transforms cache (C:\Users\ALEXANDER\.gradle\caches\transforms-1)" [_thread_blocked, id=9336, stack(0x0000000020220000,0x0000000020320000)]
  0x000000001c045800 JavaThread "Cache worker for journal cache (C:\Users\ALEXANDER\.gradle\caches\journal-1)" [_thread_blocked, id=5232, stack(0x000000001fc20000,0x000000001fd20000)]
  0x000000001a973800 JavaThread "File lock request listener" [_thread_in_native, id=484, stack(0x000000001d190000,0x000000001d290000)]
  0x000000001944f000 JavaThread "Cache worker for file hash cache (C:\Users\ALEXANDER\.gradle\caches\4.10\fileHashes)" [_thread_blocked, id=1460, stack(0x000000001ce50000,0x000000001cf50000)]
  0x0000000019a76000 JavaThread "Daemon periodic checks" [_thread_blocked, id=6948, stack(0x000000001b580000,0x000000001b680000)]
  0x0000000019263800 JavaThread "Incoming local TCP Connector on port 65002" [_thread_in_native, id=9916, stack(0x000000001b340000,0x000000001b440000)]
  0x0000000018088800 JavaThread "Service Thread" daemon [_thread_blocked, id=8120, stack(0x0000000018460000,0x0000000018560000)]
  0x00000000166fa000 JavaThread "C1 CompilerThread2" daemon [_thread_blocked, id=900, stack(0x0000000017f60000,0x0000000018060000)]
=>0x00000000166ee000 JavaThread "C2 CompilerThread1" daemon [_thread_in_native, id=8820, stack(0x0000000017e60000,0x0000000017f60000)]
  0x00000000166ea800 JavaThread "C2 CompilerThread0" daemon [_thread_in_native, id=7232, stack(0x0000000017d60000,0x0000000017e60000)]
  0x00000000166e9000 JavaThread "Attach Listener" daemon [_thread_blocked, id=10420, stack(0x0000000017c60000,0x0000000017d60000)]
  0x00000000166f7800 JavaThread "Signal Dispatcher" daemon [_thread_blocked, id=1080, stack(0x0000000017b60000,0x0000000017c60000)]
  0x0000000002d7c000 JavaThread "Finalizer" daemon [_thread_blocked, id=9152, stack(0x0000000017960000,0x0000000017a60000)]
  0x00000000166d9800 JavaThread "Reference Handler" daemon [_thread_blocked, id=8940, stack(0x0000000017860000,0x0000000017960000)]
  0x0000000002c82800 JavaThread "main" [_thread_blocked, id=3388, stack(0x0000000002ae0000,0x0000000002be0000)]

Other Threads:
  0x00000000166b6800 VMThread [stack: 0x0000000017760000,0x0000000017860000] [id=9764]
  0x000000001674c000 WatcherThread [stack: 0x0000000018560000,0x0000000018660000] [id=2040]

VM state:not at safepoint (normal execution)

VM Mutex/Monitor currently owned by a thread: None

heap address: 0x00000000a0000000, size: 1536 MB, Compressed Oops mode: 32-bit
Narrow klass base: 0x0000000000000000, Narrow klass shift: 3
Compressed class space size: 1073741824 Address: 0x0000000100000000

Heap:
 PSYoungGen      total 101888K, used 35697K [0x00000000e0000000, 0x00000000e9180000, 0x0000000100000000)
  eden space 86016K, 23% used [0x00000000e0000000,0x00000000e135fae0,0x00000000e5400000)
  from space 15872K, 99% used [0x00000000e6800000,0x00000000e777cb68,0x00000000e7780000)
  to   space 20480K, 0% used [0x00000000e5400000,0x00000000e5400000,0x00000000e6800000)
 ParOldGen       total 97792K, used 43926K [0x00000000a0000000, 0x00000000a5f80000, 0x00000000e0000000)
  object space 97792K, 44% used [0x00000000a0000000,0x00000000a2ae58e8,0x00000000a5f80000)
 Metaspace       used 73907K, capacity 77196K, committed 77440K, reserved 1116160K
  class space    used 9456K, capacity 10110K, committed 10112K, reserved 1048576K

Card table byte_map: [0x0000000012140000,0x0000000012450000] byte_map_base: 0x0000000011c40000

Marking Bits: (ParMarkBitMap*) 0x000000006f7a9f30
 Begin Bits: [0x0000000012a50000, 0x0000000014250000)
 End Bits:   [0x0000000014250000, 0x0000000015a50000)

Polling page: 0x0000000001270000

CodeCache: size=245760Kb used=36464Kb max_used=36475Kb free=209295Kb
 bounds [0x0000000002d80000, 0x0000000005150000, 0x0000000011d80000]
 total_blobs=11371 nmethods=10409 adapters=874
 compilation: enabled

Compilation events (10 events):
Event: 1238.971 Thread 0x00000000166ea800 nmethod 12391% 0x000000000390c890 code [0x000000000390ca20, 0x000000000390d528]
Event: 1239.015 Thread 0x00000000166ee000 12395       4       com.android.utils.XmlUtils::append (540 bytes)
Event: 1239.016 Thread 0x00000000166ea800 12396       4       sun.nio.cs.UTF_8$Encoder::encodeArrayLoop (489 bytes)
Event: 1239.034 Thread 0x00000000166ea800 nmethod 12396 0x000000000514b7d0 code [0x000000000514b940, 0x000000000514c2a8]
Event: 1239.066 Thread 0x00000000166ea800 12397       4       com.android.ide.common.res2.ResourceItem::compareTo (9 bytes)
Event: 1239.069 Thread 0x00000000166ea800 nmethod 12397 0x00000000048cf410 code [0x00000000048cf560, 0x00000000048cf738]
Event: 1239.091 Thread 0x00000000166ea800 12398       4       com.google.common.collect.AbstractMapBasedMultimap$WrappedCollection::refreshIfEmpty (78 bytes)
Event: 1239.092 Thread 0x00000000166ea800 nmethod 12398 0x0000000005120d10 code [0x0000000005120e60, 0x0000000005120f38]
Event: 1239.158 Thread 0x00000000166ea800 12399       4       java.util.ArrayDeque::removeFirst (19 bytes)
Event: 1239.159 Thread 0x00000000166ea800 nmethod 12399 0x0000000003c3e750 code [0x0000000003c3e880, 0x0000000003c3e938]

GC Heap History (10 events):
Event: 1185.071 GC heap before
{Heap before GC invocations=27 (full 3):
 PSYoungGen      total 97280K, used 87504K [0x00000000e0000000, 0x00000000e7d80000, 0x0000000100000000)
  eden space 83456K, 100% used [0x00000000e0000000,0x00000000e5180000,0x00000000e5180000)
  from space 13824K, 29% used [0x00000000e5180000,0x00000000e5574260,0x00000000e5f00000)
  to   space 13824K, 0% used [0x00000000e7000000,0x00000000e7000000,0x00000000e7d80000)
 ParOldGen       total 97792K, used 34440K [0x00000000a0000000, 0x00000000a5f80000, 0x00000000e0000000)
  object space 97792K, 35% used [0x00000000a0000000,0x00000000a21a2200,0x00000000a5f80000)
 Metaspace       used 63289K, capacity 65990K, committed 66048K, reserved 1105920K
  class space    used 8379K, capacity 8907K, committed 8960K, reserved 1048576K
Event: 1185.084 GC heap after
Heap after GC invocations=27 (full 3):
 PSYoungGen      total 110592K, used 675K [0x00000000e0000000, 0x00000000e7b80000, 0x0000000100000000)
  eden space 98816K, 0% used [0x00000000e0000000,0x00000000e0000000,0x00000000e6080000)
  from space 11776K, 5% used [0x00000000e7000000,0x00000000e70a8d50,0x00000000e7b80000)
  to   space 13824K, 0% used [0x00000000e6080000,0x00000000e6080000,0x00000000e6e00000)
 ParOldGen       total 97792K, used 38196K [0x00000000a0000000, 0x00000000a5f80000, 0x00000000e0000000)
  object space 97792K, 39% used [0x00000000a0000000,0x00000000a254d240,0x00000000a5f80000)
 Metaspace       used 63289K, capacity 65990K, committed 66048K, reserved 1105920K
  class space    used 8379K, capacity 8907K, committed 8960K, reserved 1048576K
}
Event: 1201.625 GC heap before
{Heap before GC invocations=28 (full 3):
 PSYoungGen      total 110592K, used 99491K [0x00000000e0000000, 0x00000000e7b80000, 0x0000000100000000)
  eden space 98816K, 100% used [0x00000000e0000000,0x00000000e6080000,0x00000000e6080000)
  from space 11776K, 5% used [0x00000000e7000000,0x00000000e70a8d50,0x00000000e7b80000)
  to   space 13824K, 0% used [0x00000000e6080000,0x00000000e6080000,0x00000000e6e00000)
 ParOldGen       total 97792K, used 38196K [0x00000000a0000000, 0x00000000a5f80000, 0x00000000e0000000)
  object space 97792K, 39% used [0x00000000a0000000,0x00000000a254d240,0x00000000a5f80000)
 Metaspace       used 63666K, capacity 66452K, committed 66688K, reserved 1107968K
  class space    used 8417K, capacity 8974K, committed 9088K, reserved 1048576K
Event: 1201.629 GC heap after
Heap after GC invocations=28 (full 3):
 PSYoungGen      total 97280K, used 1219K [0x00000000e0000000, 0x00000000e7880000, 0x0000000100000000)
  eden space 95744K, 0% used [0x00000000e0000000,0x00000000e0000000,0x00000000e5d80000)
  from space 1536K, 79% used [0x00000000e6080000,0x00000000e61b0d20,0x00000000e6200000)
  to   space 13824K, 0% used [0x00000000e6b00000,0x00000000e6b00000,0x00000000e7880000)
 ParOldGen       total 97792K, used 38204K [0x00000000a0000000, 0x00000000a5f80000, 0x00000000e0000000)
  object space 97792K, 39% used [0x00000000a0000000,0x00000000a254f240,0x00000000a5f80000)
 Metaspace       used 63666K, capacity 66452K, committed 66688K, reserved 1107968K
  class space    used 8417K, capacity 8974K, committed 9088K, reserved 1048576K
}
Event: 1212.001 GC heap before
{Heap before GC invocations=29 (full 3):
 PSYoungGen      total 97280K, used 96963K [0x00000000e0000000, 0x00000000e7880000, 0x0000000100000000)
  eden space 95744K, 100% used [0x00000000e0000000,0x00000000e5d80000,0x00000000e5d80000)
  from space 1536K, 79% used [0x00000000e6080000,0x00000000e61b0d20,0x00000000e6200000)
  to   space 13824K, 0% used [0x00000000e6b00000,0x00000000e6b00000,0x00000000e7880000)
 ParOldGen       total 97792K, used 38204K [0x00000000a0000000, 0x00000000a5f80000, 0x00000000e0000000)
  object space 97792K, 39% used [0x00000000a0000000,0x00000000a254f240,0x00000000a5f80000)
 Metaspace       used 69143K, capacity 72306K, committed 72448K, reserved 1112064K
  class space    used 8974K, capacity 9609K, committed 9728K, reserved 1048576K
Event: 1212.019 GC heap after
Heap after GC invocations=29 (full 3):
 PSYoungGen      total 106496K, used 9273K [0x00000000e0000000, 0x00000000e7800000, 0x0000000100000000)
  eden space 93184K, 0% used [0x00000000e0000000,0x00000000e0000000,0x00000000e5b00000)
  from space 13312K, 69% used [0x00000000e6b00000,0x00000000e740e7d0,0x00000000e7800000)
  to   space 14848K, 0% used [0x00000000e5b00000,0x00000000e5b00000,0x00000000e6980000)
 ParOldGen       total 97792K, used 38212K [0x00000000a0000000, 0x00000000a5f80000, 0x00000000e0000000)
  object space 97792K, 39% used [0x00000000a0000000,0x00000000a2551240,0x00000000a5f80000)
 Metaspace       used 69143K, capacity 72306K, committed 72448K, reserved 1112064K
  class space    used 8974K, capacity 9609K, committed 9728K, reserved 1048576K
}
Event: 1232.702 GC heap before
{Heap before GC invocations=30 (full 3):
 PSYoungGen      total 106496K, used 102457K [0x00000000e0000000, 0x00000000e7800000, 0x0000000100000000)
  eden space 93184K, 100% used [0x00000000e0000000,0x00000000e5b00000,0x00000000e5b00000)
  from space 13312K, 69% used [0x00000000e6b00000,0x00000000e740e7d0,0x00000000e7800000)
  to   space 14848K, 0% used [0x00000000e5b00000,0x00000000e5b00000,0x00000000e6980000)
 ParOldGen       total 97792K, used 38212K [0x00000000a0000000, 0x00000000a5f80000, 0x00000000e0000000)
  object space 97792K, 39% used [0x00000000a0000000,0x00000000a2551240,0x00000000a5f80000)
 Metaspace       used 70740K, capacity 73982K, committed 74112K, reserved 1114112K
  class space    used 9153K, capacity 9801K, committed 9856K, reserved 1048576K
Event: 1232.733 GC heap after
Heap after GC invocations=30 (full 3):
 PSYoungGen      total 102912K, used 11932K [0x00000000e0000000, 0x00000000e7780000, 0x0000000100000000)
  eden space 90624K, 0% used [0x00000000e0000000,0x00000000e0000000,0x00000000e5880000)
  from space 12288K, 97% used [0x00000000e5b00000,0x00000000e66a7310,0x00000000e6700000)
  to   space 15872K, 0% used [0x00000000e6800000,0x00000000e6800000,0x00000000e7780000)
 ParOldGen       total 97792K, used 38220K [0x00000000a0000000, 0x00000000a5f80000, 0x00000000e0000000)
  object space 97792K, 39% used [0x00000000a0000000,0x00000000a2553240,0x00000000a5f80000)
 Metaspace       used 70740K, capacity 73982K, committed 74112K, reserved 1114112K
  class space    used 9153K, capacity 9801K, committed 9856K, reserved 1048576K
}
Event: 1235.141 GC heap before
{Heap before GC invocations=31 (full 3):
 PSYoungGen      total 102912K, used 102556K [0x00000000e0000000, 0x00000000e7780000, 0x0000000100000000)
  eden space 90624K, 100% used [0x00000000e0000000,0x00000000e5880000,0x00000000e5880000)
  from space 12288K, 97% used [0x00000000e5b00000,0x00000000e66a7310,0x00000000e6700000)
  to   space 15872K, 0% used [0x00000000e6800000,0x00000000e6800000,0x00000000e7780000)
 ParOldGen       total 97792K, used 38220K [0x00000000a0000000, 0x00000000a5f80000, 0x00000000e0000000)
  object space 97792K, 39% used [0x00000000a0000000,0x00000000a2553240,0x00000000a5f80000)
 Metaspace       used 71443K, capacity 74686K, committed 74880K, reserved 1114112K
  class space    used 9208K, capacity 9849K, committed 9856K, reserved 1048576K
Event: 1235.216 GC heap after
Heap after GC invocations=31 (full 3):
 PSYoungGen      total 101888K, used 15858K [0x00000000e0000000, 0x00000000e9180000, 0x0000000100000000)
  eden space 86016K, 0% used [0x00000000e0000000,0x00000000e0000000,0x00000000e5400000)
  from space 15872K, 99% used [0x00000000e6800000,0x00000000e777cb68,0x00000000e7780000)
  to   space 20480K, 0% used [0x00000000e5400000,0x00000000e5400000,0x00000000e6800000)
 ParOldGen       total 97792K, used 43926K [0x00000000a0000000, 0x00000000a5f80000, 0x00000000e0000000)
  object space 97792K, 44% used [0x00000000a0000000,0x00000000a2ae58e8,0x00000000a5f80000)
 Metaspace       used 71443K, capacity 74686K, committed 74880K, reserved 1114112K
  class space    used 9208K, capacity 9849K, committed 9856K, reserved 1048576K
}

Deoptimization events (10 events):
Event: 1235.303 Thread 0x000000001c048800 Uncommon trap: reason=unstable_if action=reinterpret pc=0x0000000004789254 method=com.sun.org.apache.xerces.internal.dom.CoreDocumentImpl.setUserData(Lorg/w3c/dom/Node;Ljava/lang/String;Ljava/lang/Object;Lorg/w3c/dom/UserDataHandler;)Ljava/lang/Object; @ 
Event: 1235.303 Thread 0x000000001c048800 Uncommon trap: reason=unstable_if action=reinterpret pc=0x00000000047853a4 method=com.sun.org.apache.xerces.internal.dom.CoreDocumentImpl.setUserData(Lorg/w3c/dom/Node;Ljava/lang/String;Ljava/lang/Object;Lorg/w3c/dom/UserDataHandler;)Ljava/lang/Object; @ 
Event: 1235.331 Thread 0x000000001c048800 Uncommon trap: reason=null_check action=make_not_entrant pc=0x0000000004a739f4 method=com.sun.org.apache.xerces.internal.dom.CoreDocumentImpl.getUserData(Lorg/w3c/dom/Node;Ljava/lang/String;)Ljava/lang/Object; @ 19
Event: 1235.331 Thread 0x000000001c048800 Uncommon trap: reason=null_check action=make_not_entrant pc=0x000000000477efa8 method=com.sun.org.apache.xerces.internal.dom.CoreDocumentImpl.getUserData(Lorg/w3c/dom/Node;Ljava/lang/String;)Ljava/lang/Object; @ 19
Event: 1235.356 Thread 0x000000001c044800 Uncommon trap: reason=unstable_if action=reinterpret pc=0x0000000004f77f0c method=com.sun.org.apache.xerces.internal.impl.XMLEntityScanner.scanLiteral(ILcom/sun/org/apache/xerces/internal/xni/XMLString;Z)I @ 44
Event: 1235.364 Thread 0x000000001c044000 Uncommon trap: reason=class_check action=maybe_recompile pc=0x0000000005056460 method=com.sun.org.apache.xerces.internal.dom.NamedNodeMapImpl.item(I)Lorg/w3c/dom/Node; @ 30
Event: 1235.364 Thread 0x000000001c044000 Uncommon trap: reason=class_check action=maybe_recompile pc=0x0000000005056460 method=com.sun.org.apache.xerces.internal.dom.NamedNodeMapImpl.item(I)Lorg/w3c/dom/Node; @ 30
Event: 1235.364 Thread 0x000000001c044000 Uncommon trap: reason=class_check action=maybe_recompile pc=0x0000000005056460 method=com.sun.org.apache.xerces.internal.dom.NamedNodeMapImpl.item(I)Lorg/w3c/dom/Node; @ 30
Event: 1235.364 Thread 0x000000001c044000 Uncommon trap: reason=class_check action=maybe_recompile pc=0x0000000005056460 method=com.sun.org.apache.xerces.internal.dom.NamedNodeMapImpl.item(I)Lorg/w3c/dom/Node; @ 30
Event: 1238.947 Thread 0x000000001c048800 Uncommon trap: reason=null_check action=make_not_entrant pc=0x000000000506b7dc method=com.android.ide.common.res2.NodeUtils.processSingleNodeNamespace(Lorg/w3c/dom/Node;Lorg/w3c/dom/Document;)Z @ 8

Classes redefined (0 events):
No events

Internal exceptions (10 events):
Event: 1234.905 Thread 0x000000001c048800 Exception <a 'java/lang/NoSuchMethodError': <clinit>> (0x00000000e48498a0) thrown at [D:\src\AOSP-openjdk-cygwin\jdk8u\hotspot\src\share\vm\prims\jni.cpp, line 1614]
Event: 1234.907 Thread 0x000000001c048800 Exception <a 'java/lang/NoSuchMethodError': <clinit>> (0x00000000e4862f48) thrown at [D:\src\AOSP-openjdk-cygwin\jdk8u\hotspot\src\share\vm\prims\jni.cpp, line 1614]
Event: 1234.909 Thread 0x000000001c048800 Exception <a 'java/lang/NoSuchMethodError': <clinit>> (0x00000000e4882128) thrown at [D:\src\AOSP-openjdk-cygwin\jdk8u\hotspot\src\share\vm\prims\jni.cpp, line 1614]
Event: 1234.909 Thread 0x000000001c048800 Exception <a 'java/lang/NoSuchMethodError': <clinit>> (0x00000000e4885570) thrown at [D:\src\AOSP-openjdk-cygwin\jdk8u\hotspot\src\share\vm\prims\jni.cpp, line 1614]
Event: 1234.910 Thread 0x000000001c048800 Exception <a 'java/lang/NoSuchMethodError': <clinit>> (0x00000000e48985e8) thrown at [D:\src\AOSP-openjdk-cygwin\jdk8u\hotspot\src\share\vm\prims\jni.cpp, line 1614]
Event: 1235.331 Thread 0x000000001c048800 Implicit null exception at 0x0000000004a73562 to 0x0000000004a739e5
Event: 1235.331 Thread 0x000000001c048800 Implicit null exception at 0x000000000477e9b4 to 0x000000000477ef99
Event: 1235.614 Thread 0x000000001c044000 Exception <a 'java/io/FileNotFoundException'> (0x00000000e0531118) thrown at [D:\src\AOSP-openjdk-cygwin\jdk8u\hotspot\src\share\vm\prims\jni.cpp, line 710]
Event: 1236.247 Thread 0x000000001c044000 Exception <a 'java/io/FileNotFoundException'> (0x00000000e0a39980) thrown at [D:\src\AOSP-openjdk-cygwin\jdk8u\hotspot\src\share\vm\prims\jni.cpp, line 710]
Event: 1238.947 Thread 0x000000001c048800 Implicit null exception at 0x000000000506b497 to 0x000000000506b7cd

Events (10 events):
Event: 1238.950 Executing VM operation: RevokeBias
Event: 1238.950 Executing VM operation: RevokeBias done
Event: 1238.954 Executing VM operation: RevokeBias
Event: 1238.954 Executing VM operation: RevokeBias done
Event: 1238.988 Executing VM operation: RevokeBias
Event: 1238.988 Executing VM operation: RevokeBias done
Event: 1239.016 Thread 0x000000001c048800 DEOPT PACKING pc=0x0000000003bdbc0f sp=0x0000000022c19fb0
Event: 1239.016 Thread 0x000000001c048800 DEOPT UNPACKING pc=0x0000000002dc75d0 sp=0x0000000022c19db8 mode 0
Event: 1239.017 Executing VM operation: RevokeBias
Event: 1239.018 Executing VM operation: RevokeBias done


Dynamic libraries:
0x00007ff77bf50000 - 0x00007ff77bf81000 	C:\Program Files\Android\Android Studio\jre\bin\java.exe
0x00007ff814100000 - 0x00007ff8142ed000 	C:\Windows\SYSTEM32\ntdll.dll
0x00007ff8135c0000 - 0x00007ff813673000 	C:\Windows\System32\KERNEL32.DLL
0x00007ff810530000 - 0x00007ff8107c3000 	C:\Windows\System32\KERNELBASE.dll
0x00007ff813f90000 - 0x00007ff814033000 	C:\Windows\System32\ADVAPI32.dll
0x00007ff811510000 - 0x00007ff8115ae000 	C:\Windows\System32\msvcrt.dll
0x00007ff813520000 - 0x00007ff8135be000 	C:\Windows\System32\sechost.dll
0x00007ff811330000 - 0x00007ff811453000 	C:\Windows\System32\RPCRT4.dll
0x00007ff813370000 - 0x00007ff813507000 	C:\Windows\System32\USER32.dll
0x00007ff8101d0000 - 0x00007ff8101f0000 	C:\Windows\System32\win32u.dll
0x00007ff813240000 - 0x00007ff813269000 	C:\Windows\System32\GDI32.dll
0x00007ff810850000 - 0x00007ff8109ea000 	C:\Windows\System32\gdi32full.dll
0x00007ff811290000 - 0x00007ff811330000 	C:\Windows\System32\msvcp_win.dll
0x00007ff8109f0000 - 0x00007ff810aec000 	C:\Windows\System32\ucrtbase.dll
0x00007ffffb5e0000 - 0x00007ffffb859000 	C:\Windows\WinSxS\amd64_microsoft.windows.common-controls_6595b64144ccf1df_6.0.17758.1_none_f04561a4ff3c0a8f\COMCTL32.dll
0x00007ff812da0000 - 0x00007ff8130ce000 	C:\Windows\System32\combase.dll
0x00007ff8107d0000 - 0x00007ff81084e000 	C:\Windows\System32\bcryptPrimitives.dll
0x00007ff8140a0000 - 0x00007ff8140ce000 	C:\Windows\System32\IMM32.DLL
0x000000006ef00000 - 0x000000006efd2000 	C:\Program Files\Android\Android Studio\jre\jre\bin\msvcr100.dll
0x000000006efe0000 - 0x000000006f826000 	C:\Program Files\Android\Android Studio\jre\jre\bin\server\jvm.dll
0x00007ff813360000 - 0x00007ff813368000 	C:\Windows\System32\PSAPI.DLL
0x00007ff80d880000 - 0x00007ff80d8a4000 	C:\Windows\SYSTEM32\WINMM.dll
0x00007ff808910000 - 0x00007ff80891a000 	C:\Windows\SYSTEM32\VERSION.dll
0x00007ffffe8e0000 - 0x00007ffffe8e9000 	C:\Windows\SYSTEM32\WSOCK32.dll
0x00007ff811760000 - 0x00007ff8117cd000 	C:\Windows\System32\WS2_32.dll
0x00007ff80d850000 - 0x00007ff80d87d000 	C:\Windows\SYSTEM32\winmmbase.dll
0x00007ff810af0000 - 0x00007ff810b3a000 	C:\Windows\System32\cfgmgr32.dll
0x00007ff80d920000 - 0x00007ff80d92f000 	C:\Program Files\Android\Android Studio\jre\jre\bin\verify.dll
0x00007ff80c2b0000 - 0x00007ff80c2d9000 	C:\Program Files\Android\Android Studio\jre\jre\bin\java.dll
0x00007ff80c260000 - 0x00007ff80c276000 	C:\Program Files\Android\Android Studio\jre\jre\bin\zip.dll
0x00007ff8117d0000 - 0x00007ff812cbf000 	C:\Windows\System32\SHELL32.dll
0x00007ff811460000 - 0x00007ff811508000 	C:\Windows\System32\shcore.dll
0x00007ff810b40000 - 0x00007ff811288000 	C:\Windows\System32\windows.storage.dll
0x00007ff8101a0000 - 0x00007ff8101c4000 	C:\Windows\System32\profapi.dll
0x00007ff810140000 - 0x00007ff81019d000 	C:\Windows\System32\powrprof.dll
0x00007ff814040000 - 0x00007ff814092000 	C:\Windows\System32\shlwapi.dll
0x00007ff810100000 - 0x00007ff810111000 	C:\Windows\System32\kernel.appcore.dll
0x00007ff8102d0000 - 0x00007ff8102e7000 	C:\Windows\System32\cryptsp.dll
0x00007ff8099b0000 - 0x00007ff8099ca000 	C:\Program Files\Android\Android Studio\jre\jre\bin\net.dll
0x00007ff80f990000 - 0x00007ff80f9f7000 	C:\Windows\system32\mswsock.dll
0x00007ff8098c0000 - 0x00007ff8098d1000 	C:\Program Files\Android\Android Studio\jre\jre\bin\nio.dll
0x00007ff8097e0000 - 0x00007ff8097fe000 	C:\Users\ALEXANDER\.gradle\native\25\windows-amd64\native-platform.dll
0x00007ff80c370000 - 0x00007ff80c37d000 	C:\Program Files\Android\Android Studio\jre\jre\bin\management.dll
0x00007ff80f4f0000 - 0x00007ff80f523000 	C:\Windows\system32\rsaenh.dll
0x00007ff8101f0000 - 0x00007ff810216000 	C:\Windows\System32\bcrypt.dll
0x00007ff810030000 - 0x00007ff810058000 	C:\Windows\SYSTEM32\USERENV.dll
0x00007ff80fb60000 - 0x00007ff80fb6c000 	C:\Windows\SYSTEM32\CRYPTBASE.dll
0x00007ff80f690000 - 0x00007ff80f6cd000 	C:\Windows\SYSTEM32\IPHLPAPI.DLL
0x00007ff8130d0000 - 0x00007ff8130d8000 	C:\Windows\System32\NSI.dll
0x00007ff806dc0000 - 0x00007ff806dd6000 	C:\Windows\SYSTEM32\dhcpcsvc6.DLL
0x00007ff806da0000 - 0x00007ff806dbc000 	C:\Windows\SYSTEM32\dhcpcsvc.DLL
0x00007ff80f6d0000 - 0x00007ff80f796000 	C:\Windows\SYSTEM32\DNSAPI.dll
0x00007ffff17f0000 - 0x00007ffff1814000 	C:\Program Files\Android\Android Studio\jre\jre\bin\sunec.dll
0x00007ff805c80000 - 0x00007ff805c8a000 	C:\Windows\System32\rasadhlp.dll
0x00007ff806800000 - 0x00007ff806879000 	C:\Windows\System32\fwpuclnt.dll
0x00007ff8098b0000 - 0x00007ff8098bb000 	C:\Program Files\Android\Android Studio\jre\jre\bin\sunmscapi.dll
0x00007ff810350000 - 0x00007ff81052b000 	C:\Windows\System32\CRYPT32.dll
0x00007ff810120000 - 0x00007ff810132000 	C:\Windows\System32\MSASN1.dll
0x00007fffe7a80000 - 0x00007fffe7c1c000 	C:\Program Files\Android\Android Studio\jre\jre\bin\awt.dll
0x00007ff813290000 - 0x00007ff81335b000 	C:\Windows\System32\OLEAUT32.dll
0x00007ff80dec0000 - 0x00007ff80deee000 	C:\Windows\SYSTEM32\dwmapi.dll
0x00007ff80c430000 - 0x00007ff80c9ee000 	C:\Windows\SYSTEM32\d2d1.dll
0x00007ff80db60000 - 0x00007ff80dbec000 	C:\Windows\SYSTEM32\apphelp.dll
0x00007ff80dc40000 - 0x00007ff80dcdc000 	C:\Windows\system32\uxtheme.dll

VM Arguments:
jvm_args: -Xmx1536m -Dfile.encoding=windows-1252 -Duser.country=US -Duser.language=en -Duser.variant 
java_command: org.gradle.launcher.daemon.bootstrap.GradleDaemon 4.10
java_class_path (initial): F:\Personae\Projects\Asandic Android Proj\gradle-4.10\lib\gradle-launcher-4.10.jar
Launcher Type: SUN_STANDARD

Environment Variables:
JAVA_HOME=C:\Program Files\Java\jdk1.8.0_77
PATH=C:\ProgramData\Oracle\Java\javapath;C:\Windows\system32;C:\Windows;C:\Windows\System32\Wbem;C:\Windows\System32\WindowsPowerShell\v1.0\;C:\Windows\System32\OpenSSH\;E:\AOMEI Backupper;C:\Program Files\Microsoft SQL Server\Client SDK\ODBC\130\Tools\Binn\;C:\Program Files (x86)\Microsoft SQL Server\130\Tools\Binn\;C:\Program Files\Microsoft SQL Server\130\Tools\Binn\;C:\Program Files\Microsoft SQL Server\130\DTS\Binn\;C:\Program Files (x86)\Microsoft SQL Server\Client SDK\ODBC\130\Tools\Binn\;C:\Program Files (x86)\Microsoft SQL Server\140\Tools\Binn\;C:\Program Files (x86)\Microsoft SQL Server\140\DTS\Binn\;C:\Program Files (x86)\Microsoft SQL Server\140\Tools\Binn\ManagementStudio\;C:\Program Files (x86)\Brackets\command;C:\Windows\system32\config\systemprofile\.dnx\bin;C:\Program Files\Microsoft DNX\Dnvm\;C:\Program Files\Git\cmd;C:\Program Files (x86)\ATI Technologies\ATI.ACE\Core-Static;C:\Program Files\Java\jdk1.8.0_77\bin;C:\Program Files (x86)\sbt\bin;C:\Program Files\nodejs\;C:\Users\ALEXANDER\AppData\Local\Microsoft\WindowsApps;C:\Users\ALEXANDER\AppData\Local\atom\bin;C:\Users\ALEXANDER\AppData\Local\Programs\Microsoft VS Code\bin;C:\Users\ALEXANDER\AppData\Roaming\npm
USERNAME=ALEXANDER
OS=Windows_NT
PROCESSOR_IDENTIFIER=Intel64 Family 6 Model 58 Stepping 9, GenuineIntel



---------------  S Y S T E M  ---------------

OS: Windows 10.0 , 64 bit Build 17758 (10.0.17758.1)

CPU:total 4 (initial active 4) (2 cores per cpu, 2 threads per core) family 6 model 58 stepping 9, cmov, cx8, fxsr, mmx, sse, sse2, sse3, ssse3, sse4.1, sse4.2, popcnt, avx, aes, clmul, erms, ht, tsc, tscinvbit, tscinv

Memory: 4k page, physical 6191420k(656740k free), swap 6191420k(5140k free)

vm_info: OpenJDK 64-Bit Server VM (25.202-b03) for windows-amd64 JRE (1.8.0_202-release-1483-b03), built by "builder" with MS VC++ 10.0 (VS2010)

time: Fri Nov 01 11:53:38 2019
timezone: GMT Standard Time
elapsed time: 1239 seconds (0d 0h 20m 39s)

