#
# There is insufficient memory for the Java Runtime Environment to continue.
# Native memory allocation (malloc) failed to allocate 1262896 bytes for Chunk::new
# Possible reasons:
#   The system is out of physical RAM or swap space
#   The process is running with CompressedOops enabled, and the Java Heap may be blocking the growth of the native heap
# Possible solutions:
#   Reduce memory load on the system
#   Increase physical memory or swap space
#   Check if swap backing store is full
#   Decrease Java heap size (-Xmx/-Xms)
#   Decrease number of Java threads
#   Decrease Java thread stack sizes (-Xss)
#   Set larger code cache with -XX:ReservedCodeCacheSize=
#   JVM is running with Unscaled Compressed Oops mode in which the Java heap is
#     placed in the first 4GB address space. The Java Heap base address is the
#     maximum limit for the native heap growth. Please use -XX:HeapBaseMinAddress
#     to set the Java Heap base and to place the Java Heap above 4GB virtual address.
# This output file may be truncated or incomplete.
#
#  Out of Memory Error (allocation.cpp:389), pid=10516, tid=0x0000000000001db0
#
# JRE version: OpenJDK Runtime Environment (8.0_202-b03) (build 1.8.0_202-release-1483-b03)
# Java VM: OpenJDK 64-Bit Server VM (25.202-b03 mixed mode windows-amd64 compressed oops)
# Failed to write core dump. Minidumps are not enabled by default on client versions of Windows
#

---------------  T H R E A D  ---------------

Current thread (0x0000000016340800):  JavaThread "C2 CompilerThread1" daemon [_thread_in_native, id=7600, stack(0x0000000017ab0000,0x0000000017bb0000)]

Stack: [0x0000000017ab0000,0x0000000017bb0000]
[error occurred during error reporting (printing stack bounds), id 0xc0000005]

Native frames: (J=compiled Java code, j=interpreted, Vv=VM code, C=native code)


Current CompileTask:
C2:   7473 2440   !   4       java.net.URLClassLoader$1::run (63 bytes)


---------------  P R O C E S S  ---------------

Java Threads: ( => current thread )
  0x000000001a94c800 JavaThread "Build operations Thread 4" [_thread_blocked, id=9744, stack(0x0000000020950000,0x0000000020a50000)]
  0x00000000190cc000 JavaThread "Build operations Thread 3" [_thread_blocked, id=7416, stack(0x0000000020850000,0x0000000020950000)]
  0x00000000190cf000 JavaThread "Build operations Thread 2" [_thread_blocked, id=2192, stack(0x0000000020750000,0x0000000020850000)]
  0x00000000190cd800 JavaThread "Build operations" [_thread_blocked, id=2080, stack(0x0000000020650000,0x0000000020750000)]
  0x00000000190cd000 JavaThread "Cache worker for Artifact transforms cache (C:\Users\ALEXANDER\.gradle\caches\transforms-1)" [_thread_blocked, id=5520, stack(0x000000001ff90000,0x0000000020090000)]
  0x00000000190ce800 JavaThread "Cache worker for cache directory md-rule (C:\Users\ALEXANDER\.gradle\caches\4.10\md-rule)" [_thread_blocked, id=8696, stack(0x000000001e7e0000,0x000000001e8e0000)]
  0x00000000190ca800 JavaThread "Cache worker for cache directory md-supplier (C:\Users\ALEXANDER\.gradle\caches\4.10\md-supplier)" [_thread_blocked, id=9332, stack(0x000000001d2a0000,0x000000001d3a0000)]
  0x00000000190cb800 JavaThread "Cache worker for journal cache (C:\Users\ALEXANDER\.gradle\caches\journal-1)" [_thread_blocked, id=8372, stack(0x000000001cfa0000,0x000000001d0a0000)]
  0x00000000190ca000 JavaThread "Cache worker for file hash cache (C:\Users\ALEXANDER\AndroidStudioProjects\Asandic\.gradle\4.10\fileHashes)" [_thread_blocked, id=10828, stack(0x000000001bed0000,0x000000001bfd0000)]
  0x0000000018b74800 JavaThread "File lock request listener" [_thread_in_native, id=10124, stack(0x000000001bdd0000,0x000000001bed0000)]
  0x0000000018b74000 JavaThread "Cache worker for file hash cache (C:\Users\ALEXANDER\.gradle\caches\4.10\fileHashes)" [_thread_blocked, id=1248, stack(0x000000001bcd0000,0x000000001bdd0000)]
  0x0000000019755800 JavaThread "Stdin handler" [_thread_blocked, id=3300, stack(0x000000001b9d0000,0x000000001bad0000)]
  0x0000000017d60800 JavaThread "Asynchronous log dispatcher for DefaultDaemonConnection: socket connection from /127.0.0.1:65514 to /127.0.0.1:65515" [_thread_blocked, id=4808, stack(0x000000001b8d0000,0x000000001b9d0000)]
  0x0000000018fb5800 JavaThread "Daemon worker" [_thread_blocked, id=6572, stack(0x000000001b7d0000,0x000000001b8d0000)]
  0x0000000018efa000 JavaThread "Cancel handler" [_thread_blocked, id=9588, stack(0x000000001b6d0000,0x000000001b7d0000)]
  0x0000000018ef5000 JavaThread "Handler for socket connection from /127.0.0.1:65514 to /127.0.0.1:65515" [_thread_in_native, id=10484, stack(0x000000001b3d0000,0x000000001b4d0000)]
  0x0000000018ef3000 JavaThread "Daemon" [_thread_blocked, id=5464, stack(0x000000001b2d0000,0x000000001b3d0000)]
  0x0000000018565000 JavaThread "Daemon periodic checks" [_thread_blocked, id=9276, stack(0x000000001b1d0000,0x000000001b2d0000)]
  0x000000001857b800 JavaThread "Incoming local TCP Connector on port 65514" [_thread_in_native, id=2932, stack(0x000000001af90000,0x000000001b090000)]
  0x0000000017cd8800 JavaThread "Service Thread" daemon [_thread_blocked, id=9640, stack(0x00000000180b0000,0x00000000181b0000)]
  0x0000000016347000 JavaThread "C1 CompilerThread2" daemon [_thread_blocked, id=10556, stack(0x0000000017bb0000,0x0000000017cb0000)]
=>0x0000000016340800 JavaThread "C2 CompilerThread1" daemon [_thread_in_native, id=7600, stack(0x0000000017ab0000,0x0000000017bb0000)]
  0x000000001633d000 JavaThread "C2 CompilerThread0" daemon [_thread_in_native, id=7164, stack(0x00000000179b0000,0x0000000017ab0000)]
  0x000000001633a800 JavaThread "Attach Listener" daemon [_thread_blocked, id=10768, stack(0x00000000178b0000,0x00000000179b0000)]
  0x0000000016339800 JavaThread "Signal Dispatcher" daemon [_thread_blocked, id=9684, stack(0x00000000177b0000,0x00000000178b0000)]
  0x00000000029cc000 JavaThread "Finalizer" daemon [_thread_blocked, id=4500, stack(0x00000000175b0000,0x00000000176b0000)]
  0x0000000016329800 JavaThread "Reference Handler" daemon [_thread_blocked, id=3852, stack(0x00000000174b0000,0x00000000175b0000)]
  0x00000000028d2800 JavaThread "main" [_thread_blocked, id=4588, stack(0x0000000002780000,0x0000000002880000)]

Other Threads:
  0x0000000016306800 VMThread [stack: 0x00000000173b0000,0x00000000174b0000] [id=9712]
  0x000000001639a800 WatcherThread [stack: 0x00000000181b0000,0x00000000182b0000] [id=1692]

VM state:not at safepoint (normal execution)

VM Mutex/Monitor currently owned by a thread: None

heap address: 0x00000000a0000000, size: 1536 MB, Compressed Oops mode: 32-bit
Narrow klass base: 0x0000000000000000, Narrow klass shift: 3
Compressed class space size: 1073741824 Address: 0x0000000100000000

Heap:
 PSYoungGen      total 87040K, used 85160K [0x00000000e0000000, 0x00000000e6e80000, 0x0000000100000000)
  eden space 81408K, 97% used [0x00000000e0000000,0x00000000e4dcd7d8,0x00000000e4f80000)
  from space 5632K, 97% used [0x00000000e6900000,0x00000000e6e5ca88,0x00000000e6e80000)
  to   space 8704K, 0% used [0x00000000e5d80000,0x00000000e5d80000,0x00000000e6600000)
 ParOldGen       total 44544K, used 7684K [0x00000000a0000000, 0x00000000a2b80000, 0x00000000e0000000)
  object space 44544K, 17% used [0x00000000a0000000,0x00000000a0781068,0x00000000a2b80000)
 Metaspace       used 30581K, capacity 31024K, committed 31360K, reserved 1077248K
  class space    used 4254K, capacity 4419K, committed 4480K, reserved 1048576K

Card table byte_map: [0x0000000011d90000,0x00000000120a0000] byte_map_base: 0x0000000011890000

Marking Bits: (ParMarkBitMap*) 0x000000006f7a9f30
 Begin Bits: [0x00000000126a0000, 0x0000000013ea0000)
 End Bits:   [0x0000000013ea0000, 0x00000000156a0000)

Polling page: 0x0000000000bd0000

CodeCache: size=245760Kb used=9432Kb max_used=9432Kb free=236327Kb
 bounds [0x00000000029d0000, 0x0000000003310000, 0x00000000119d0000]
 total_blobs=3361 nmethods=2680 adapters=594
 compilation: enabled

Compilation events (10 events):
Event: 7.433 Thread 0x0000000016347000 2888       1       com.google.common.cache.CacheBuilder$3::read (2 bytes)
Event: 7.433 Thread 0x0000000016347000 nmethod 2888 0x000000000330bad0 code [0x000000000330bc20, 0x000000000330bd30]
Event: 7.434 Thread 0x0000000016347000 2889       2       sun.nio.fs.WindowsPath::getNameCount (10 bytes)
Event: 7.435 Thread 0x0000000016347000 nmethod 2889 0x000000000330bd90 code [0x000000000330bf00, 0x000000000330c088]
Event: 7.466 Thread 0x0000000016347000 2890       2       sun.security.provider.MD5::implReset (13 bytes)
Event: 7.467 Thread 0x0000000016347000 nmethod 2890 0x000000000330c150 code [0x000000000330c2c0, 0x000000000330c510]
Event: 7.470 Thread 0x0000000016347000 2891       2       java.util.concurrent.locks.AbstractQueuedSynchronizer$Node::predecessor (19 bytes)
Event: 7.470 Thread 0x0000000016347000 nmethod 2891 0x000000000330c710 code [0x000000000330c880, 0x000000000330ca88]
Event: 7.471 Thread 0x0000000016347000 2892       1       com.google.common.cache.LocalCache$StrongEntry::getKey (5 bytes)
Event: 7.472 Thread 0x0000000016347000 nmethod 2892 0x000000000330cb50 code [0x000000000330cca0, 0x000000000330cdb0]

GC Heap History (10 events):
Event: 4.447 GC heap before
{Heap before GC invocations=5 (full 0):
 PSYoungGen      total 28672K, used 28656K [0x00000000e0000000, 0x00000000e3800000, 0x0000000100000000)
  eden space 24576K, 100% used [0x00000000e0000000,0x00000000e1800000,0x00000000e1800000)
  from space 4096K, 99% used [0x00000000e1c00000,0x00000000e1ffc050,0x00000000e2000000)
  to   space 4096K, 0% used [0x00000000e1800000,0x00000000e1800000,0x00000000e1c00000)
 ParOldGen       total 65536K, used 3979K [0x00000000a0000000, 0x00000000a4000000, 0x00000000e0000000)
  object space 65536K, 6% used [0x00000000a0000000,0x00000000a03e2c10,0x00000000a4000000)
 Metaspace       used 16375K, capacity 16746K, committed 16896K, reserved 1062912K
  class space    used 2339K, capacity 2519K, committed 2560K, reserved 1048576K
Event: 4.460 GC heap after
Heap after GC invocations=5 (full 0):
 PSYoungGen      total 28672K, used 4064K [0x00000000e0000000, 0x00000000e4200000, 0x0000000100000000)
  eden space 24576K, 0% used [0x00000000e0000000,0x00000000e0000000,0x00000000e1800000)
  from space 4096K, 99% used [0x00000000e1800000,0x00000000e1bf8020,0x00000000e1c00000)
  to   space 9216K, 0% used [0x00000000e3900000,0x00000000e3900000,0x00000000e4200000)
 ParOldGen       total 65536K, used 7276K [0x00000000a0000000, 0x00000000a4000000, 0x00000000e0000000)
  object space 65536K, 11% used [0x00000000a0000000,0x00000000a071b2e8,0x00000000a4000000)
 Metaspace       used 16375K, capacity 16746K, committed 16896K, reserved 1062912K
  class space    used 2339K, capacity 2519K, committed 2560K, reserved 1048576K
}
Event: 5.035 GC heap before
{Heap before GC invocations=6 (full 0):
 PSYoungGen      total 28672K, used 28640K [0x00000000e0000000, 0x00000000e4200000, 0x0000000100000000)
  eden space 24576K, 100% used [0x00000000e0000000,0x00000000e1800000,0x00000000e1800000)
  from space 4096K, 99% used [0x00000000e1800000,0x00000000e1bf8020,0x00000000e1c00000)
  to   space 9216K, 0% used [0x00000000e3900000,0x00000000e3900000,0x00000000e4200000)
 ParOldGen       total 65536K, used 7276K [0x00000000a0000000, 0x00000000a4000000, 0x00000000e0000000)
  object space 65536K, 11% used [0x00000000a0000000,0x00000000a071b2e8,0x00000000a4000000)
 Metaspace       used 18999K, capacity 19446K, committed 19584K, reserved 1067008K
  class space    used 2724K, capacity 2893K, committed 2944K, reserved 1048576K
Event: 5.047 GC heap after
Heap after GC invocations=6 (full 0):
 PSYoungGen      total 58368K, used 7034K [0x00000000e0000000, 0x00000000e4200000, 0x0000000100000000)
  eden space 49152K, 0% used [0x00000000e0000000,0x00000000e0000000,0x00000000e3000000)
  from space 9216K, 76% used [0x00000000e3900000,0x00000000e3fdeab0,0x00000000e4200000)
  to   space 9216K, 0% used [0x00000000e3000000,0x00000000e3000000,0x00000000e3900000)
 ParOldGen       total 65536K, used 7284K [0x00000000a0000000, 0x00000000a4000000, 0x00000000e0000000)
  object space 65536K, 11% used [0x00000000a0000000,0x00000000a071d2e8,0x00000000a4000000)
 Metaspace       used 18999K, capacity 19446K, committed 19584K, reserved 1067008K
  class space    used 2724K, capacity 2893K, committed 2944K, reserved 1048576K
}
Event: 5.300 GC heap before
{Heap before GC invocations=7 (full 0):
 PSYoungGen      total 58368K, used 16830K [0x00000000e0000000, 0x00000000e4200000, 0x0000000100000000)
  eden space 49152K, 19% used [0x00000000e0000000,0x00000000e0990f88,0x00000000e3000000)
  from space 9216K, 76% used [0x00000000e3900000,0x00000000e3fdeab0,0x00000000e4200000)
  to   space 9216K, 0% used [0x00000000e3000000,0x00000000e3000000,0x00000000e3900000)
 ParOldGen       total 65536K, used 7284K [0x00000000a0000000, 0x00000000a4000000, 0x00000000e0000000)
  object space 65536K, 11% used [0x00000000a0000000,0x00000000a071d2e8,0x00000000a4000000)
 Metaspace       used 20787K, capacity 21206K, committed 21248K, reserved 1067008K
  class space    used 2884K, capacity 3053K, committed 3072K, reserved 1048576K
Event: 5.311 GC heap after
Heap after GC invocations=7 (full 0):
 PSYoungGen      total 58368K, used 4749K [0x00000000e0000000, 0x00000000e7200000, 0x0000000100000000)
  eden space 49152K, 0% used [0x00000000e0000000,0x00000000e0000000,0x00000000e3000000)
  from space 9216K, 51% used [0x00000000e3000000,0x00000000e34a3780,0x00000000e3900000)
  to   space 9216K, 0% used [0x00000000e6900000,0x00000000e6900000,0x00000000e7200000)
 ParOldGen       total 65536K, used 9186K [0x00000000a0000000, 0x00000000a4000000, 0x00000000e0000000)
  object space 65536K, 14% used [0x00000000a0000000,0x00000000a08f89b8,0x00000000a4000000)
 Metaspace       used 20787K, capacity 21206K, committed 21248K, reserved 1067008K
  class space    used 2884K, capacity 3053K, committed 3072K, reserved 1048576K
}
Event: 5.311 GC heap before
{Heap before GC invocations=8 (full 1):
 PSYoungGen      total 58368K, used 4749K [0x00000000e0000000, 0x00000000e7200000, 0x0000000100000000)
  eden space 49152K, 0% used [0x00000000e0000000,0x00000000e0000000,0x00000000e3000000)
  from space 9216K, 51% used [0x00000000e3000000,0x00000000e34a3780,0x00000000e3900000)
  to   space 9216K, 0% used [0x00000000e6900000,0x00000000e6900000,0x00000000e7200000)
 ParOldGen       total 65536K, used 9186K [0x00000000a0000000, 0x00000000a4000000, 0x00000000e0000000)
  object space 65536K, 14% used [0x00000000a0000000,0x00000000a08f89b8,0x00000000a4000000)
 Metaspace       used 20787K, capacity 21206K, committed 21248K, reserved 1067008K
  class space    used 2884K, capacity 3053K, committed 3072K, reserved 1048576K
Event: 5.364 GC heap after
Heap after GC invocations=8 (full 1):
 PSYoungGen      total 58368K, used 0K [0x00000000e0000000, 0x00000000e7200000, 0x0000000100000000)
  eden space 49152K, 0% used [0x00000000e0000000,0x00000000e0000000,0x00000000e3000000)
  from space 9216K, 0% used [0x00000000e3000000,0x00000000e3000000,0x00000000e3900000)
  to   space 9216K, 0% used [0x00000000e6900000,0x00000000e6900000,0x00000000e7200000)
 ParOldGen       total 44544K, used 7676K [0x00000000a0000000, 0x00000000a2b80000, 0x00000000e0000000)
  object space 44544K, 17% used [0x00000000a0000000,0x00000000a077f068,0x00000000a2b80000)
 Metaspace       used 20787K, capacity 21206K, committed 21248K, reserved 1067008K
  class space    used 2884K, capacity 3053K, committed 3072K, reserved 1048576K
}
Event: 6.173 GC heap before
{Heap before GC invocations=9 (full 1):
 PSYoungGen      total 58368K, used 49152K [0x00000000e0000000, 0x00000000e7200000, 0x0000000100000000)
  eden space 49152K, 100% used [0x00000000e0000000,0x00000000e3000000,0x00000000e3000000)
  from space 9216K, 0% used [0x00000000e3000000,0x00000000e3000000,0x00000000e3900000)
  to   space 9216K, 0% used [0x00000000e6900000,0x00000000e6900000,0x00000000e7200000)
 ParOldGen       total 44544K, used 7676K [0x00000000a0000000, 0x00000000a2b80000, 0x00000000e0000000)
  object space 44544K, 17% used [0x00000000a0000000,0x00000000a077f068,0x00000000a2b80000)
 Metaspace       used 26377K, capacity 26892K, committed 27136K, reserved 1073152K
  class space    used 3576K, capacity 3768K, committed 3840K, reserved 1048576K
Event: 6.184 GC heap after
Heap after GC invocations=9 (full 1):
 PSYoungGen      total 87040K, used 5490K [0x00000000e0000000, 0x00000000e6e80000, 0x0000000100000000)
  eden space 81408K, 0% used [0x00000000e0000000,0x00000000e0000000,0x00000000e4f80000)
  from space 5632K, 97% used [0x00000000e6900000,0x00000000e6e5ca88,0x00000000e6e80000)
  to   space 8704K, 0% used [0x00000000e5d80000,0x00000000e5d80000,0x00000000e6600000)
 ParOldGen       total 44544K, used 7684K [0x00000000a0000000, 0x00000000a2b80000, 0x00000000e0000000)
  object space 44544K, 17% used [0x00000000a0000000,0x00000000a0781068,0x00000000a2b80000)
 Metaspace       used 26377K, capacity 26892K, committed 27136K, reserved 1073152K
  class space    used 3576K, capacity 3768K, committed 3840K, reserved 1048576K
}

Deoptimization events (10 events):
Event: 6.160 Thread 0x0000000018fb5800 Uncommon trap: reason=class_check action=maybe_recompile pc=0x0000000003006430 method=sun.misc.URLClassPath.getLoader(I)Lsun/misc/URLClassPath$Loader; @ 239
Event: 6.184 Thread 0x0000000016329800 Uncommon trap: reason=unstable_if action=reinterpret pc=0x0000000002fbc83c method=java.lang.ref.Reference.tryHandlePending(Z)Z @ 104
Event: 6.303 Thread 0x0000000018fb5800 Uncommon trap: reason=unstable_if action=reinterpret pc=0x0000000002c9b88c method=java.io.WinNTFileSystem.resolve(Ljava/lang/String;Ljava/lang/String;)Ljava/lang/String; @ 49
Event: 6.744 Thread 0x0000000018fb5800 Uncommon trap: reason=unstable_if action=reinterpret pc=0x0000000002cbe2d8 method=java.net.URI.match(CJJ)Z @ 45
Event: 6.746 Thread 0x0000000018fb5800 Uncommon trap: reason=unstable_if action=reinterpret pc=0x0000000002c1cde0 method=java.net.URI.match(CJJ)Z @ 45
Event: 6.818 Thread 0x0000000018fb5800 Uncommon trap: reason=unstable_if action=reinterpret pc=0x0000000002b281e0 method=java.net.URI.match(CJJ)Z @ 45
Event: 7.159 Thread 0x0000000018fb5800 Uncommon trap: reason=class_check action=maybe_recompile pc=0x0000000002f575a0 method=java.util.concurrent.ConcurrentHashMap.putVal(Ljava/lang/Object;Ljava/lang/Object;Z)Ljava/lang/Object; @ 192
Event: 7.160 Thread 0x0000000018fb5800 Uncommon trap: reason=class_check action=maybe_recompile pc=0x0000000002f575a0 method=java.util.concurrent.ConcurrentHashMap.putVal(Ljava/lang/Object;Ljava/lang/Object;Z)Ljava/lang/Object; @ 192
Event: 7.311 Thread 0x00000000190cc000 Uncommon trap: reason=unstable_if action=reinterpret pc=0x0000000002e7ef1c method=java.util.concurrent.ConcurrentHashMap.addCount(JI)V @ 34
Event: 7.313 Thread 0x00000000190cc000 Uncommon trap: reason=unstable_if action=reinterpret pc=0x0000000002f57400 method=java.util.concurrent.ConcurrentHashMap.addCount(JI)V @ 7

Classes redefined (0 events):
No events

Internal exceptions (10 events):
Event: 6.384 Thread 0x0000000018fb5800 Exception <a 'java/lang/ClassNotFoundException': org/gradle/api/internal/DefaultDomainObjectCollectionCustomizer> (0x00000000e0aed900) thrown at [D:\src\AOSP-openjdk-cygwin\jdk8u\hotspot\src\share\vm\classfile\systemDictionary.cpp, line 210]
Event: 6.390 Thread 0x0000000018fb5800 Exception <a 'java/lang/ClassNotFoundException': org/gradle/api/internal/DefaultNamedDomainObjectCollectionCustomizer> (0x00000000e0b48ac0) thrown at [D:\src\AOSP-openjdk-cygwin\jdk8u\hotspot\src\share\vm\classfile\systemDictionary.cpp, line 210]
Event: 6.399 Thread 0x0000000018fb5800 Exception <a 'java/lang/ClassNotFoundException': org/gradle/api/internal/DefaultNamedDomainObjectListCustomizer> (0x00000000e0bbea70) thrown at [D:\src\AOSP-openjdk-cygwin\jdk8u\hotspot\src\share\vm\classfile\systemDictionary.cpp, line 210]
Event: 6.407 Thread 0x0000000018fb5800 Exception <a 'java/lang/ClassNotFoundException': org/gradle/api/internal/artifacts/DefaultArtifactRepositoryContainerCustomizer> (0x00000000e0c32800) thrown at [D:\src\AOSP-openjdk-cygwin\jdk8u\hotspot\src\share\vm\classfile\systemDictionary.cpp, line 210
Event: 6.412 Thread 0x0000000018fb5800 Exception <a 'java/lang/ClassNotFoundException': org/gradle/api/internal/artifacts/dsl/DefaultRepositoryHandlerCustomizer> (0x00000000e0c98968) thrown at [D:\src\AOSP-openjdk-cygwin\jdk8u\hotspot\src\share\vm\classfile\systemDictionary.cpp, line 210]
Event: 6.416 Thread 0x0000000018fb5800 Exception <a 'java/lang/ClassNotFoundException': org/gradle/api/internal/artifacts/dsl/DefaultRepositoryHandler_DecoratedCustomizer> (0x00000000e0d07e60) thrown at [D:\src\AOSP-openjdk-cygwin\jdk8u\hotspot\src\share\vm\classfile\systemDictionary.cpp, line
Event: 6.708 Thread 0x0000000018fb5800 Exception <a 'java/lang/ClassNotFoundException': org/gradle/api/internal/artifacts/dsl/dependencies/DefaultDependencyHandler_DecoratedBeanInfo> (0x00000000e27623d8) thrown at [D:\src\AOSP-openjdk-cygwin\jdk8u\hotspot\src\share\vm\classfile\systemDictionar
Event: 6.710 Thread 0x0000000018fb5800 Exception <a 'java/lang/ClassNotFoundException': org/gradle/api/internal/artifacts/dsl/dependencies/DefaultDependencyHandlerBeanInfo> (0x00000000e27b4740) thrown at [D:\src\AOSP-openjdk-cygwin\jdk8u\hotspot\src\share\vm\classfile\systemDictionary.cpp, lin
Event: 6.711 Thread 0x0000000018fb5800 Exception <a 'java/lang/ClassNotFoundException': org/gradle/api/internal/artifacts/dsl/dependencies/DefaultDependencyHandlerCustomizer> (0x00000000e28079b8) thrown at [D:\src\AOSP-openjdk-cygwin\jdk8u\hotspot\src\share\vm\classfile\systemDictionary.cpp, l
Event: 6.716 Thread 0x0000000018fb5800 Exception <a 'java/lang/ClassNotFoundException': org/gradle/api/internal/artifacts/dsl/dependencies/DefaultDependencyHandler_DecoratedCustomizer> (0x00000000e2881e28) thrown at [D:\src\AOSP-openjdk-cygwin\jdk8u\hotspot\src\share\vm\classfile\systemDiction

Events (10 events):
Event: 7.462 loading class org/gradle/api/internal/changedetection/state/DefaultFileSystemSnapshotter$InternableString
Event: 7.462 loading class org/gradle/api/internal/changedetection/state/DefaultFileSystemSnapshotter$InternableString done
Event: 7.465 loading class org/gradle/internal/MutableBoolean
Event: 7.465 loading class org/gradle/internal/MutableBoolean done
Event: 7.465 loading class org/gradle/api/internal/changedetection/state/DefaultFileSystemSnapshotter$5
Event: 7.465 loading class org/gradle/api/internal/changedetection/state/DefaultFileSystemSnapshotter$5 done
Event: 7.465 loading class org/gradle/api/internal/changedetection/state/mirror/PhysicalFileSnapshot
Event: 7.465 loading class org/gradle/api/internal/changedetection/state/mirror/PhysicalFileSnapshot done
Event: 7.466 loading class org/gradle/api/internal/changedetection/state/mirror/AbstractPhysicalSnapshot
Event: 7.466 loading class org/gradle/api/internal/changedetection/state/mirror/AbstractPhysicalSnapshot done


Dynamic libraries:
0x00007ff77bf50000 - 0x00007ff77bf81000 	C:\Program Files\Android\Android Studio\jre\bin\java.exe
0x00007ff814100000 - 0x00007ff8142ed000 	C:\Windows\SYSTEM32\ntdll.dll
0x00007ff8135c0000 - 0x00007ff813673000 	C:\Windows\System32\KERNEL32.DLL
0x00007ff810530000 - 0x00007ff8107c3000 	C:\Windows\System32\KERNELBASE.dll
0x00007ff813f90000 - 0x00007ff814033000 	C:\Windows\System32\ADVAPI32.dll
0x00007ff811510000 - 0x00007ff8115ae000 	C:\Windows\System32\msvcrt.dll
0x00007ff813520000 - 0x00007ff8135be000 	C:\Windows\System32\sechost.dll
0x00007ff811330000 - 0x00007ff811453000 	C:\Windows\System32\RPCRT4.dll
0x00007ff813370000 - 0x00007ff813507000 	C:\Windows\System32\USER32.dll
0x00007ff8101d0000 - 0x00007ff8101f0000 	C:\Windows\System32\win32u.dll
0x00007ff813240000 - 0x00007ff813269000 	C:\Windows\System32\GDI32.dll
0x00007ff810850000 - 0x00007ff8109ea000 	C:\Windows\System32\gdi32full.dll
0x00007ff811290000 - 0x00007ff811330000 	C:\Windows\System32\msvcp_win.dll
0x00007ff8109f0000 - 0x00007ff810aec000 	C:\Windows\System32\ucrtbase.dll
0x00007ffffb5e0000 - 0x00007ffffb859000 	C:\Windows\WinSxS\amd64_microsoft.windows.common-controls_6595b64144ccf1df_6.0.17758.1_none_f04561a4ff3c0a8f\COMCTL32.dll
0x00007ff812da0000 - 0x00007ff8130ce000 	C:\Windows\System32\combase.dll
0x00007ff8107d0000 - 0x00007ff81084e000 	C:\Windows\System32\bcryptPrimitives.dll
0x00007ff8140a0000 - 0x00007ff8140ce000 	C:\Windows\System32\IMM32.DLL
0x000000006ef00000 - 0x000000006efd2000 	C:\Program Files\Android\Android Studio\jre\jre\bin\msvcr100.dll
0x000000006efe0000 - 0x000000006f826000 	C:\Program Files\Android\Android Studio\jre\jre\bin\server\jvm.dll
0x00007ff813360000 - 0x00007ff813368000 	C:\Windows\System32\PSAPI.DLL
0x00007ff808910000 - 0x00007ff80891a000 	C:\Windows\SYSTEM32\VERSION.dll
0x00007ffffe8e0000 - 0x00007ffffe8e9000 	C:\Windows\SYSTEM32\WSOCK32.dll
0x00007ff80d880000 - 0x00007ff80d8a4000 	C:\Windows\SYSTEM32\WINMM.dll
0x00007ff811760000 - 0x00007ff8117cd000 	C:\Windows\System32\WS2_32.dll
0x00007ff80d850000 - 0x00007ff80d87d000 	C:\Windows\SYSTEM32\winmmbase.dll
0x00007ff810af0000 - 0x00007ff810b3a000 	C:\Windows\System32\cfgmgr32.dll
0x00007ff80d920000 - 0x00007ff80d92f000 	C:\Program Files\Android\Android Studio\jre\jre\bin\verify.dll
0x00007ff80c2b0000 - 0x00007ff80c2d9000 	C:\Program Files\Android\Android Studio\jre\jre\bin\java.dll
0x00007ff80c260000 - 0x00007ff80c276000 	C:\Program Files\Android\Android Studio\jre\jre\bin\zip.dll
0x00007ff8117d0000 - 0x00007ff812cbf000 	C:\Windows\System32\SHELL32.dll
0x00007ff811460000 - 0x00007ff811508000 	C:\Windows\System32\shcore.dll
0x00007ff810b40000 - 0x00007ff811288000 	C:\Windows\System32\windows.storage.dll
0x00007ff8101a0000 - 0x00007ff8101c4000 	C:\Windows\System32\profapi.dll
0x00007ff810140000 - 0x00007ff81019d000 	C:\Windows\System32\powrprof.dll
0x00007ff814040000 - 0x00007ff814092000 	C:\Windows\System32\shlwapi.dll
0x00007ff810100000 - 0x00007ff810111000 	C:\Windows\System32\kernel.appcore.dll
0x00007ff8102d0000 - 0x00007ff8102e7000 	C:\Windows\System32\cryptsp.dll
0x00007ff8099b0000 - 0x00007ff8099ca000 	C:\Program Files\Android\Android Studio\jre\jre\bin\net.dll
0x00007ff80f990000 - 0x00007ff80f9f7000 	C:\Windows\system32\mswsock.dll
0x00007ff8098c0000 - 0x00007ff8098d1000 	C:\Program Files\Android\Android Studio\jre\jre\bin\nio.dll
0x00007ff8097e0000 - 0x00007ff8097fe000 	C:\Users\ALEXANDER\.gradle\native\25\windows-amd64\native-platform.dll
0x00007ff80c370000 - 0x00007ff80c37d000 	C:\Program Files\Android\Android Studio\jre\jre\bin\management.dll
0x00007ff80f4f0000 - 0x00007ff80f523000 	C:\Windows\system32\rsaenh.dll
0x00007ff8101f0000 - 0x00007ff810216000 	C:\Windows\System32\bcrypt.dll
0x00007ff810030000 - 0x00007ff810058000 	C:\Windows\SYSTEM32\USERENV.dll
0x00007ff80fb60000 - 0x00007ff80fb6c000 	C:\Windows\SYSTEM32\CRYPTBASE.dll
0x00007ff80f690000 - 0x00007ff80f6cd000 	C:\Windows\SYSTEM32\IPHLPAPI.DLL
0x00007ff8130d0000 - 0x00007ff8130d8000 	C:\Windows\System32\NSI.dll
0x00007ff806dc0000 - 0x00007ff806dd6000 	C:\Windows\SYSTEM32\dhcpcsvc6.DLL
0x00007ff806da0000 - 0x00007ff806dbc000 	C:\Windows\SYSTEM32\dhcpcsvc.DLL
0x00007ff80f6d0000 - 0x00007ff80f796000 	C:\Windows\SYSTEM32\DNSAPI.dll

VM Arguments:
jvm_args: -Xmx1536m -Dfile.encoding=windows-1252 -Duser.country=US -Duser.language=en -Duser.variant 
java_command: org.gradle.launcher.daemon.bootstrap.GradleDaemon 4.10
java_class_path (initial): F:\Personae\Projects\Asandic Android Proj\gradle-4.10\lib\gradle-launcher-4.10.jar
Launcher Type: SUN_STANDARD

Environment Variables:
JAVA_HOME=C:\Program Files\Java\jdk1.8.0_77
PATH=C:\ProgramData\Oracle\Java\javapath;C:\Windows\system32;C:\Windows;C:\Windows\System32\Wbem;C:\Windows\System32\WindowsPowerShell\v1.0\;C:\Windows\System32\OpenSSH\;E:\AOMEI Backupper;C:\Program Files\Microsoft SQL Server\Client SDK\ODBC\130\Tools\Binn\;C:\Program Files (x86)\Microsoft SQL Server\130\Tools\Binn\;C:\Program Files\Microsoft SQL Server\130\Tools\Binn\;C:\Program Files\Microsoft SQL Server\130\DTS\Binn\;C:\Program Files (x86)\Microsoft SQL Server\Client SDK\ODBC\130\Tools\Binn\;C:\Program Files (x86)\Microsoft SQL Server\140\Tools\Binn\;C:\Program Files (x86)\Microsoft SQL Server\140\DTS\Binn\;C:\Program Files (x86)\Microsoft SQL Server\140\Tools\Binn\ManagementStudio\;C:\Program Files (x86)\Brackets\command;C:\Windows\system32\config\systemprofile\.dnx\bin;C:\Program Files\Microsoft DNX\Dnvm\;C:\Program Files\Git\cmd;C:\Program Files (x86)\ATI Technologies\ATI.ACE\Core-Static;C:\Program Files\Java\jdk1.8.0_77\bin;C:\Program Files (x86)\sbt\bin;C:\Program Files\nodejs\;C:\Users\ALEXANDER\AppData\Local\Microsoft\WindowsApps;C:\Users\ALEXANDER\AppData\Local\atom\bin;C:\Users\ALEXANDER\AppData\Local\Programs\Microsoft VS Code\bin;C:\Users\ALEXANDER\AppData\Roaming\npm
USERNAME=ALEXANDER
OS=Windows_NT
PROCESSOR_IDENTIFIER=Intel64 Family 6 Model 58 Stepping 9, GenuineIntel



---------------  S Y S T E M  ---------------

OS: Windows 10.0 , 64 bit Build 17758 (10.0.17758.1)

CPU:total 4 (initial active 4) (2 cores per cpu, 2 threads per core) family 6 model 58 stepping 9, cmov, cx8, fxsr, mmx, sse, sse2, sse3, ssse3, sse4.1, sse4.2, popcnt, avx, aes, clmul, erms, ht, tsc, tscinvbit, tscinv

Memory: 4k page, physical 6191420k(668684k free), swap 6191420k(7716k free)

vm_info: OpenJDK 64-Bit Server VM (25.202-b03) for windows-amd64 JRE (1.8.0_202-release-1483-b03), built by "builder" with MS VC++ 10.0 (VS2010)

time: Fri Nov 01 12:03:30 2019
timezone: GMT Standard Time
elapsed time: 7 seconds (0d 0h 0m 7s)

