#
# There is insufficient memory for the Java Runtime Environment to continue.
# Native memory allocation (malloc) failed to allocate 1172336 bytes for Chunk::new
# Possible reasons:
#   The system is out of physical RAM or swap space
#   The process is running with CompressedOops enabled, and the Java Heap may be blocking the growth of the native heap
# Possible solutions:
#   Reduce memory load on the system
#   Increase physical memory or swap space
#   Check if swap backing store is full
#   Decrease Java heap size (-Xmx/-Xms)
#   Decrease number of Java threads
#   Decrease Java thread stack sizes (-Xss)
#   Set larger code cache with -XX:ReservedCodeCacheSize=
#   JVM is running with Unscaled Compressed Oops mode in which the Java heap is
#     placed in the first 4GB address space. The Java Heap base address is the
#     maximum limit for the native heap growth. Please use -XX:HeapBaseMinAddress
#     to set the Java Heap base and to place the Java Heap above 4GB virtual address.
# This output file may be truncated or incomplete.
#
#  Out of Memory Error (allocation.cpp:389), pid=1300, tid=0x00000000000001d4
#
# JRE version: OpenJDK Runtime Environment (8.0_202-b03) (build 1.8.0_202-release-1483-b03)
# Java VM: OpenJDK 64-Bit Server VM (25.202-b03 mixed mode windows-amd64 compressed oops)
# Failed to write core dump. Minidumps are not enabled by default on client versions of Windows
#

---------------  T H R E A D  ---------------

Current thread (0x0000000016adc800):  JavaThread "C2 CompilerThread1" daemon [_thread_in_native, id=468, stack(0x0000000018250000,0x0000000018350000)]

Stack: [0x0000000018250000,0x0000000018350000]
[error occurred during error reporting (printing stack bounds), id 0xc0000005]

Native frames: (J=compiled Java code, j=interpreted, Vv=VM code, C=native code)


Current CompileTask:
C2: 162018 18990       4       com.android.tools.r8.ir.analysis.g.e::a (268 bytes)


---------------  P R O C E S S  ---------------

Java Threads: ( => current thread )
  0x0000000020745800 JavaThread "WorkerExecutor Queue Thread 4" [_thread_blocked, id=1464, stack(0x00000000311c0000,0x00000000312c0000)]
  0x0000000020744800 JavaThread "WorkerExecutor Queue Thread 3" [_thread_blocked, id=3372, stack(0x00000000310c0000,0x00000000311c0000)]
  0x000000002073d000 JavaThread "WorkerExecutor Queue Thread 2" [_thread_blocked, id=7144, stack(0x0000000030fc0000,0x00000000310c0000)]
  0x0000000020744000 JavaThread "WorkerExecutor Queue" [_thread_blocked, id=10600, stack(0x0000000030ec0000,0x0000000030fc0000)]
  0x000000002ca30800 JavaThread "Cache worker for Java compile cache (C:\Users\ALEXANDER\AndroidStudioProjects\Asandic\.gradle\5.5\javaCompile)" [_thread_blocked, id=10588, stack(0x0000000030dc0000,0x0000000030ec0000)]
  0x000000002ca2f800 JavaThread "Cache worker for execution history cache (C:\Users\ALEXANDER\AndroidStudioProjects\Asandic\.gradle\5.5\executionHistory)" [_thread_blocked, id=5364, stack(0x0000000030cc0000,0x0000000030dc0000)]
  0x000000002ca2f000 JavaThread "Execution worker for ':' Thread 3" [_thread_blocked, id=1928, stack(0x0000000030bc0000,0x0000000030cc0000)]
  0x000000002ca2c000 JavaThread "Execution worker for ':' Thread 2" [_thread_blocked, id=7808, stack(0x0000000030ac0000,0x0000000030bc0000)]
  0x000000002ca2e000 JavaThread "Execution worker for ':'" [_thread_blocked, id=9328, stack(0x00000000309c0000,0x0000000030ac0000)]
  0x000000002ca2d800 JavaThread "Cache worker for file content cache (C:\Users\ALEXANDER\AndroidStudioProjects\Asandic\.gradle\5.5\fileContent)" [_thread_blocked, id=6384, stack(0x00000000308c0000,0x00000000309c0000)]
  0x000000002ca26800 JavaThread "Cache worker for Build Output Cleanup Cache (C:\Users\ALEXANDER\AndroidStudioProjects\Asandic\.gradle\buildOutputCleanup)" [_thread_blocked, id=10700, stack(0x00000000307c0000,0x00000000308c0000)]
  0x000000002ca2c800 JavaThread "Build operations Thread 4" [_thread_blocked, id=4128, stack(0x00000000306c0000,0x00000000307c0000)]
  0x000000002ca28000 JavaThread "Build operations Thread 3" [_thread_blocked, id=11296, stack(0x00000000305c0000,0x00000000306c0000)]
  0x000000002ca24800 JavaThread "Build operations Thread 2" [_thread_blocked, id=11752, stack(0x00000000304c0000,0x00000000305c0000)]
  0x000000002ca2b000 JavaThread "Build operations" [_thread_blocked, id=5320, stack(0x00000000303c0000,0x00000000304c0000)]
  0x000000002ca25000 JavaThread "Cache worker for cache directory md-rule (C:\Users\ALEXANDER\.gradle\caches\5.5\md-rule)" [_thread_blocked, id=7532, stack(0x00000000302c0000,0x00000000303c0000)]
  0x000000002ca2a800 JavaThread "Cache worker for cache directory md-supplier (C:\Users\ALEXANDER\.gradle\caches\5.5\md-supplier)" [_thread_blocked, id=10756, stack(0x00000000301c0000,0x00000000302c0000)]
  0x000000002ca23000 JavaThread "Cache worker for file hash cache (C:\Users\ALEXANDER\AndroidStudioProjects\Asandic\.gradle\5.5\fileHashes)" [_thread_blocked, id=1316, stack(0x00000000300c0000,0x00000000301c0000)]
  0x000000002ca29000 JavaThread "Thread-40" [_thread_blocked, id=12096, stack(0x000000002ffc0000,0x00000000300c0000)]
  0x000000002ca27800 JavaThread "Stdin handler" [_thread_blocked, id=9288, stack(0x000000002fec0000,0x000000002ffc0000)]
  0x000000002ca26000 JavaThread "Asynchronous log dispatcher for DefaultDaemonConnection: socket connection from /127.0.0.1:50939 to /127.0.0.1:50949" [_thread_blocked, id=5676, stack(0x000000002fdc0000,0x000000002fec0000)]
  0x000000002ca29800 JavaThread "Cancel handler" [_thread_blocked, id=10360, stack(0x000000002fcc0000,0x000000002fdc0000)]
  0x000000002ca23800 JavaThread "Handler for socket connection from /127.0.0.1:50939 to /127.0.0.1:50949" [_thread_in_native, id=10752, stack(0x000000002fbc0000,0x000000002fcc0000)]
  0x000000002ca21800 JavaThread "Cache worker for Java compile cache (C:\Users\ALEXANDER\.gradle\caches\5.5\javaCompile)" [_thread_blocked, id=10624, stack(0x000000002efa0000,0x000000002f0a0000)]
  0x0000000020741800 JavaThread "MarlinRenderer Disposer" daemon [_thread_blocked, id=10708, stack(0x0000000026010000,0x0000000026110000)]
  0x0000000020741000 JavaThread "Java2D Disposer" daemon [_thread_blocked, id=2352, stack(0x0000000025cd0000,0x0000000025dd0000)]
  0x000000001cf1a000 JavaThread "Cache worker for file content cache (C:\Users\ALEXANDER\.gradle\caches\5.5\fileContent)" [_thread_blocked, id=2792, stack(0x0000000023a70000,0x0000000023b70000)]
  0x000000001cf14800 JavaThread "Memory manager" [_thread_blocked, id=1028, stack(0x0000000023820000,0x0000000023920000)]
  0x000000001cf0e000 JavaThread "Cache worker for execution history cache (C:\Users\ALEXANDER\.gradle\caches\5.5\executionHistory)" [_thread_blocked, id=8552, stack(0x000000001fbc0000,0x000000001fcc0000)]
  0x000000001992b000 JavaThread "Cache worker for journal cache (C:\Users\ALEXANDER\.gradle\caches\journal-1)" [_thread_blocked, id=12036, stack(0x000000001b8a0000,0x000000001b9a0000)]
  0x0000000019928000 JavaThread "File lock request listener" [_thread_in_native, id=7248, stack(0x000000001b7a0000,0x000000001b8a0000)]
  0x0000000019d9b800 JavaThread "Cache worker for file hash cache (C:\Users\ALEXANDER\.gradle\caches\5.5\fileHashes)" [_thread_blocked, id=10944, stack(0x000000001b4a0000,0x000000001b5a0000)]
  0x00000000192e3800 JavaThread "Daemon worker" [_thread_in_native, id=11116, stack(0x000000001b0a0000,0x000000001b1a0000)]
  0x0000000019c1d800 JavaThread "Daemon" [_thread_blocked, id=5328, stack(0x000000001aba0000,0x000000001aca0000)]
  0x0000000019c01000 JavaThread "Daemon periodic checks" [_thread_blocked, id=8792, stack(0x000000001aaa0000,0x000000001aba0000)]
  0x0000000019c08000 JavaThread "Incoming local TCP Connector on port 50939" [_thread_in_native, id=10068, stack(0x000000001a860000,0x000000001a960000)]
  0x0000000019ac8800 JavaThread "Daemon health stats" [_thread_blocked, id=10668, stack(0x000000001a220000,0x000000001a320000)]
  0x0000000018485000 JavaThread "Service Thread" daemon [_thread_blocked, id=6956, stack(0x0000000018850000,0x0000000018950000)]
  0x0000000016ae0000 JavaThread "C1 CompilerThread2" daemon [_thread_blocked, id=10320, stack(0x0000000018350000,0x0000000018450000)]
=>0x0000000016adc800 JavaThread "C2 CompilerThread1" daemon [_thread_in_native, id=468, stack(0x0000000018250000,0x0000000018350000)]
  0x0000000016ad9800 JavaThread "C2 CompilerThread0" daemon [_thread_in_native, id=11532, stack(0x0000000018150000,0x0000000018250000)]
  0x0000000016ae7800 JavaThread "Attach Listener" daemon [_thread_blocked, id=7352, stack(0x0000000018050000,0x0000000018150000)]
  0x0000000016ae6000 JavaThread "Signal Dispatcher" daemon [_thread_blocked, id=11220, stack(0x0000000017f50000,0x0000000018050000)]
  0x00000000030bd000 JavaThread "Finalizer" daemon [_thread_blocked, id=10184, stack(0x0000000017d50000,0x0000000017e50000)]
  0x0000000016ac9000 JavaThread "Reference Handler" daemon [_thread_blocked, id=6200, stack(0x0000000017c50000,0x0000000017d50000)]
  0x0000000002fc2800 JavaThread "main" [_thread_blocked, id=2312, stack(0x0000000001690000,0x0000000001790000)]

Other Threads:
  0x0000000016aa6800 VMThread [stack: 0x0000000017b50000,0x0000000017c50000] [id=11636]
  0x0000000018485800 WatcherThread [stack: 0x0000000018950000,0x0000000018a50000] [id=3404]

VM state:not at safepoint (normal execution)

VM Mutex/Monitor currently owned by a thread: None

heap address: 0x00000000a0000000, size: 1536 MB, Compressed Oops mode: 32-bit
Narrow klass base: 0x0000000000000000, Narrow klass shift: 3
Compressed class space size: 1073741824 Address: 0x0000000100000000

Heap:
 PSYoungGen      total 469504K, used 188112K [0x00000000e0000000, 0x0000000100000000, 0x0000000100000000)
  eden space 441344K, 36% used [0x00000000e0000000,0x00000000e9c3a260,0x00000000faf00000)
  from space 28160K, 99% used [0x00000000faf00000,0x00000000fca7a008,0x00000000fca80000)
  to   space 43520K, 0% used [0x00000000fd580000,0x00000000fd580000,0x0000000100000000)
 ParOldGen       total 229376K, used 108644K [0x00000000a0000000, 0x00000000ae000000, 0x00000000e0000000)
  object space 229376K, 47% used [0x00000000a0000000,0x00000000a6a19390,0x00000000ae000000)
 Metaspace       used 89010K, capacity 92520K, committed 92712K, reserved 1130496K
  class space    used 11314K, capacity 12010K, committed 12080K, reserved 1048576K

Card table byte_map: [0x0000000012530000,0x0000000012840000] byte_map_base: 0x0000000012030000

Marking Bits: (ParMarkBitMap*) 0x0000000071639f30
 Begin Bits: [0x0000000012e40000, 0x0000000014640000)
 End Bits:   [0x0000000014640000, 0x0000000015e40000)

Polling page: 0x0000000000df0000

CodeCache: size=245760Kb used=55114Kb max_used=56208Kb free=190645Kb
 bounds [0x0000000003170000, 0x00000000068a0000, 0x0000000012170000]
 total_blobs=16259 nmethods=15273 adapters=893
 compilation: enabled

Compilation events (10 events):
Event: 161.100 Thread 0x0000000016ad9800 nmethod 19054 0x0000000004db1590 code [0x0000000004db1740, 0x0000000004db2e38]
Event: 161.101 Thread 0x0000000016ad9800 19041       4       com.android.tools.r8.ir.code.IRCode::q (79 bytes)
Event: 161.290 Thread 0x0000000016ad9800 nmethod 19041 0x00000000060660d0 code [0x00000000060664a0, 0x0000000006068488]
Event: 161.292 Thread 0x0000000016ad9800 19030 %     4       com.android.tools.r8.graph.DexAnnotation::a @ 45 (177 bytes)
Event: 161.401 Thread 0x0000000016ad9800 nmethod 19030% 0x0000000006579e90 code [0x000000000657a160, 0x000000000657c350]
Event: 161.403 Thread 0x0000000016ad9800 19027       4       com.android.tools.r8.ir.optimize.PeepholeOptimizer::b (626 bytes)
Event: 161.436 Thread 0x0000000016ae0000 19116       2       java.security.MessageDigest$Delegate::clone (62 bytes)
Event: 161.437 Thread 0x0000000016ae0000 nmethod 19116 0x00000000036f0550 code [0x00000000036f06e0, 0x00000000036f0a58]
Event: 161.537 Thread 0x0000000016ae0000 19117   !   2       com.google.common.collect.MapMakerInternalMap$Segment::runLockedCleanup (34 bytes)
Event: 161.538 Thread 0x0000000016ae0000 nmethod 19117 0x000000000397e5d0 code [0x000000000397e760, 0x000000000397e9b8]

GC Heap History (10 events):
Event: 97.742 GC heap before
{Heap before GC invocations=70 (full 6):
 PSYoungGen      total 496128K, used 479808K [0x00000000e0000000, 0x00000000ffe80000, 0x0000000100000000)
  eden space 470528K, 100% used [0x00000000e0000000,0x00000000fcb80000,0x00000000fcb80000)
  from space 25600K, 36% used [0x00000000fcb80000,0x00000000fd490000,0x00000000fe480000)
  to   space 24064K, 0% used [0x00000000fe700000,0x00000000fe700000,0x00000000ffe80000)
 ParOldGen       total 192512K, used 134693K [0x00000000a0000000, 0x00000000abc00000, 0x00000000e0000000)
  object space 192512K, 69% used [0x00000000a0000000,0x00000000a83897b8,0x00000000abc00000)
 Metaspace       used 75657K, capacity 78664K, committed 78760K, reserved 1118208K
  class space    used 10011K, capacity 10658K, committed 10672K, reserved 1048576K
Event: 97.770 GC heap after
Heap after GC invocations=70 (full 6):
 PSYoungGen      total 497664K, used 7904K [0x00000000e0000000, 0x00000000ffd80000, 0x0000000100000000)
  eden space 474624K, 0% used [0x00000000e0000000,0x00000000e0000000,0x00000000fcf80000)
  from space 23040K, 34% used [0x00000000fe700000,0x00000000feeb8000,0x00000000ffd80000)
  to   space 23552K, 0% used [0x00000000fcf80000,0x00000000fcf80000,0x00000000fe680000)
 ParOldGen       total 192512K, used 142910K [0x00000000a0000000, 0x00000000abc00000, 0x00000000e0000000)
  object space 192512K, 74% used [0x00000000a0000000,0x00000000a8b8fb20,0x00000000abc00000)
 Metaspace       used 75657K, capacity 78664K, committed 78760K, reserved 1118208K
  class space    used 10011K, capacity 10658K, committed 10672K, reserved 1048576K
}
Event: 102.608 GC heap before
{Heap before GC invocations=71 (full 6):
 PSYoungGen      total 497664K, used 482528K [0x00000000e0000000, 0x00000000ffd80000, 0x0000000100000000)
  eden space 474624K, 100% used [0x00000000e0000000,0x00000000fcf80000,0x00000000fcf80000)
  from space 23040K, 34% used [0x00000000fe700000,0x00000000feeb8000,0x00000000ffd80000)
  to   space 23552K, 0% used [0x00000000fcf80000,0x00000000fcf80000,0x00000000fe680000)
 ParOldGen       total 192512K, used 142910K [0x00000000a0000000, 0x00000000abc00000, 0x00000000e0000000)
  object space 192512K, 74% used [0x00000000a0000000,0x00000000a8b8fb20,0x00000000abc00000)
 Metaspace       used 76334K, capacity 79360K, committed 79656K, reserved 1118208K
  class space    used 10071K, capacity 10744K, committed 10800K, reserved 1048576K
Event: 102.718 GC heap after
Heap after GC invocations=71 (full 6):
 PSYoungGen      total 498176K, used 23550K [0x00000000e0000000, 0x0000000100000000, 0x0000000100000000)
  eden space 474624K, 0% used [0x00000000e0000000,0x00000000e0000000,0x00000000fcf80000)
  from space 23552K, 99% used [0x00000000fcf80000,0x00000000fe67f888,0x00000000fe680000)
  to   space 26112K, 0% used [0x00000000fe680000,0x00000000fe680000,0x0000000100000000)
 ParOldGen       total 192512K, used 189349K [0x00000000a0000000, 0x00000000abc00000, 0x00000000e0000000)
  object space 192512K, 98% used [0x00000000a0000000,0x00000000ab8e9618,0x00000000abc00000)
 Metaspace       used 76334K, capacity 79360K, committed 79656K, reserved 1118208K
  class space    used 10071K, capacity 10744K, committed 10800K, reserved 1048576K
}
Event: 102.718 GC heap before
{Heap before GC invocations=72 (full 7):
 PSYoungGen      total 498176K, used 23550K [0x00000000e0000000, 0x0000000100000000, 0x0000000100000000)
  eden space 474624K, 0% used [0x00000000e0000000,0x00000000e0000000,0x00000000fcf80000)
  from space 23552K, 99% used [0x00000000fcf80000,0x00000000fe67f888,0x00000000fe680000)
  to   space 26112K, 0% used [0x00000000fe680000,0x00000000fe680000,0x0000000100000000)
 ParOldGen       total 192512K, used 189349K [0x00000000a0000000, 0x00000000abc00000, 0x00000000e0000000)
  object space 192512K, 98% used [0x00000000a0000000,0x00000000ab8e9618,0x00000000abc00000)
 Metaspace       used 76334K, capacity 79360K, committed 79656K, reserved 1118208K
  class space    used 10071K, capacity 10744K, committed 10800K, reserved 1048576K
Event: 103.179 GC heap after
Heap after GC invocations=72 (full 7):
 PSYoungGen      total 498176K, used 0K [0x00000000e0000000, 0x0000000100000000, 0x0000000100000000)
  eden space 474624K, 0% used [0x00000000e0000000,0x00000000e0000000,0x00000000fcf80000)
  from space 23552K, 0% used [0x00000000fcf80000,0x00000000fcf80000,0x00000000fe680000)
  to   space 26112K, 0% used [0x00000000fe680000,0x00000000fe680000,0x0000000100000000)
 ParOldGen       total 229376K, used 108628K [0x00000000a0000000, 0x00000000ae000000, 0x00000000e0000000)
  object space 229376K, 47% used [0x00000000a0000000,0x00000000a6a15390,0x00000000ae000000)
 Metaspace       used 76334K, capacity 79360K, committed 79656K, reserved 1118208K
  class space    used 10071K, capacity 10744K, committed 10800K, reserved 1048576K
}
Event: 144.875 GC heap before
{Heap before GC invocations=73 (full 7):
 PSYoungGen      total 498176K, used 474624K [0x00000000e0000000, 0x0000000100000000, 0x0000000100000000)
  eden space 474624K, 100% used [0x00000000e0000000,0x00000000fcf80000,0x00000000fcf80000)
  from space 23552K, 0% used [0x00000000fcf80000,0x00000000fcf80000,0x00000000fe680000)
  to   space 26112K, 0% used [0x00000000fe680000,0x00000000fe680000,0x0000000100000000)
 ParOldGen       total 229376K, used 108628K [0x00000000a0000000, 0x00000000ae000000, 0x00000000e0000000)
  object space 229376K, 47% used [0x00000000a0000000,0x00000000a6a15390,0x00000000ae000000)
 Metaspace       used 85952K, capacity 89126K, committed 89384K, reserved 1126400K
  class space    used 11022K, capacity 11707K, committed 11824K, reserved 1048576K
Event: 144.926 GC heap after
Heap after GC invocations=73 (full 7):
 PSYoungGen      total 467456K, used 14286K [0x00000000e0000000, 0x0000000100000000, 0x0000000100000000)
  eden space 441344K, 0% used [0x00000000e0000000,0x00000000e0000000,0x00000000faf00000)
  from space 26112K, 54% used [0x00000000fe680000,0x00000000ff473880,0x0000000100000000)
  to   space 41472K, 0% used [0x00000000faf00000,0x00000000faf00000,0x00000000fd780000)
 ParOldGen       total 229376K, used 108636K [0x00000000a0000000, 0x00000000ae000000, 0x00000000e0000000)
  object space 229376K, 47% used [0x00000000a0000000,0x00000000a6a17390,0x00000000ae000000)
 Metaspace       used 85952K, capacity 89126K, committed 89384K, reserved 1126400K
  class space    used 11022K, capacity 11707K, committed 11824K, reserved 1048576K
}
Event: 156.280 GC heap before
{Heap before GC invocations=74 (full 7):
 PSYoungGen      total 467456K, used 455630K [0x00000000e0000000, 0x0000000100000000, 0x0000000100000000)
  eden space 441344K, 100% used [0x00000000e0000000,0x00000000faf00000,0x00000000faf00000)
  from space 26112K, 54% used [0x00000000fe680000,0x00000000ff473880,0x0000000100000000)
  to   space 41472K, 0% used [0x00000000faf00000,0x00000000faf00000,0x00000000fd780000)
 ParOldGen       total 229376K, used 108636K [0x00000000a0000000, 0x00000000ae000000, 0x00000000e0000000)
  object space 229376K, 47% used [0x00000000a0000000,0x00000000a6a17390,0x00000000ae000000)
 Metaspace       used 88299K, capacity 91712K, committed 91816K, reserved 1128448K
  class space    used 11200K, capacity 11876K, committed 11952K, reserved 1048576K
Event: 156.331 GC heap after
Heap after GC invocations=74 (full 7):
 PSYoungGen      total 469504K, used 28136K [0x00000000e0000000, 0x0000000100000000, 0x0000000100000000)
  eden space 441344K, 0% used [0x00000000e0000000,0x00000000e0000000,0x00000000faf00000)
  from space 28160K, 99% used [0x00000000faf00000,0x00000000fca7a008,0x00000000fca80000)
  to   space 43520K, 0% used [0x00000000fd580000,0x00000000fd580000,0x0000000100000000)
 ParOldGen       total 229376K, used 108644K [0x00000000a0000000, 0x00000000ae000000, 0x00000000e0000000)
  object space 229376K, 47% used [0x00000000a0000000,0x00000000a6a19390,0x00000000ae000000)
 Metaspace       used 88299K, capacity 91712K, committed 91816K, reserved 1128448K
  class space    used 11200K, capacity 11876K, committed 11952K, reserved 1048576K
}

Deoptimization events (10 events):
Event: 158.615 Thread 0x000000002073d000 Uncommon trap: reason=class_check action=maybe_recompile pc=0x00000000038a489c method=com.android.tools.r8.utils.InternalOptions.c0()Z @ 4
Event: 158.615 Thread 0x000000002073d000 Uncommon trap: reason=class_check action=maybe_recompile pc=0x0000000005618be0 method=com.android.tools.r8.utils.InternalOptions.c0()Z @ 4
Event: 158.615 Thread 0x000000002073d000 Uncommon trap: reason=class_check action=maybe_recompile pc=0x00000000040d7c00 method=com.android.tools.r8.utils.InternalOptions.c0()Z @ 4
Event: 158.615 Thread 0x000000002073d000 Uncommon trap: reason=class_check action=maybe_recompile pc=0x0000000005ded85c method=com.android.tools.r8.utils.InternalOptions.c0()Z @ 4
Event: 158.703 Thread 0x000000002073d000 Uncommon trap: reason=array_check action=maybe_recompile pc=0x0000000005b319d8 method=java.util.TimSort.mergeHi(IIII)V @ 101
Event: 158.703 Thread 0x000000002073d000 Uncommon trap: reason=array_check action=maybe_recompile pc=0x0000000005dfd66c method=java.util.TimSort.mergeLo(IIII)V @ 81
Event: 159.123 Thread 0x0000000020744000 Uncommon trap: reason=array_check action=maybe_recompile pc=0x0000000005b319d8 method=java.util.TimSort.mergeHi(IIII)V @ 101
Event: 159.123 Thread 0x0000000020744000 Uncommon trap: reason=array_check action=maybe_recompile pc=0x0000000005dfd66c method=java.util.TimSort.mergeLo(IIII)V @ 81
Event: 159.123 Thread 0x0000000020744000 Uncommon trap: reason=array_check action=maybe_recompile pc=0x0000000005dfd66c method=java.util.TimSort.mergeLo(IIII)V @ 81
Event: 159.123 Thread 0x0000000020744000 Uncommon trap: reason=array_check action=maybe_recompile pc=0x0000000005b319d8 method=java.util.TimSort.mergeHi(IIII)V @ 101

Classes redefined (0 events):
No events

Internal exceptions (10 events):
Event: 160.399 Thread 0x0000000020744000 Exception <a 'sun/nio/fs/WindowsException'> (0x00000000e976e488) thrown at [D:\src\AOSP-openjdk-cygwin\jdk8u\hotspot\src\share\vm\prims\jni.cpp, line 710]
Event: 160.402 Thread 0x0000000020744000 Exception <a 'sun/nio/fs/WindowsException'> (0x00000000e9774e08) thrown at [D:\src\AOSP-openjdk-cygwin\jdk8u\hotspot\src\share\vm\prims\jni.cpp, line 710]
Event: 160.404 Thread 0x0000000020744000 Exception <a 'sun/nio/fs/WindowsException'> (0x00000000e977b650) thrown at [D:\src\AOSP-openjdk-cygwin\jdk8u\hotspot\src\share\vm\prims\jni.cpp, line 710]
Event: 160.406 Thread 0x0000000020744000 Exception <a 'sun/nio/fs/WindowsException'> (0x00000000e9781e48) thrown at [D:\src\AOSP-openjdk-cygwin\jdk8u\hotspot\src\share\vm\prims\jni.cpp, line 710]
Event: 160.553 Thread 0x0000000020744000 Exception <a 'sun/nio/fs/WindowsException'> (0x00000000e97892b0) thrown at [D:\src\AOSP-openjdk-cygwin\jdk8u\hotspot\src\share\vm\prims\jni.cpp, line 710]
Event: 160.555 Thread 0x0000000020744000 Exception <a 'sun/nio/fs/WindowsException'> (0x00000000e9790588) thrown at [D:\src\AOSP-openjdk-cygwin\jdk8u\hotspot\src\share\vm\prims\jni.cpp, line 710]
Event: 160.561 Thread 0x0000000020744000 Exception <a 'sun/nio/fs/WindowsException'> (0x00000000e97979d0) thrown at [D:\src\AOSP-openjdk-cygwin\jdk8u\hotspot\src\share\vm\prims\jni.cpp, line 710]
Event: 160.791 Thread 0x0000000020744000 Exception <a 'sun/nio/fs/WindowsException'> (0x00000000e995e2f0) thrown at [D:\src\AOSP-openjdk-cygwin\jdk8u\hotspot\src\share\vm\prims\jni.cpp, line 710]
Event: 160.797 Thread 0x0000000020744000 Exception <a 'sun/nio/fs/WindowsException'> (0x00000000e99a5db8) thrown at [D:\src\AOSP-openjdk-cygwin\jdk8u\hotspot\src\share\vm\prims\jni.cpp, line 710]
Event: 160.800 Thread 0x0000000020744000 Exception <a 'sun/nio/fs/WindowsException'> (0x00000000e99ad358) thrown at [D:\src\AOSP-openjdk-cygwin\jdk8u\hotspot\src\share\vm\prims\jni.cpp, line 710]

Events (10 events):
Event: 161.291 Thread 0x0000000016ad9800 flushing nmethod 0x000000000409e610
Event: 161.402 Thread 0x0000000016ad9800 flushing nmethod 0x0000000004299190
Event: 161.402 Thread 0x0000000016ad9800 flushing nmethod 0x0000000004305990
Event: 161.402 Thread 0x0000000016ad9800 flushing nmethod 0x00000000043dcc90
Event: 161.403 Thread 0x0000000016ad9800 flushing nmethod 0x000000000446a690
Event: 161.403 Thread 0x0000000016ad9800 flushing nmethod 0x000000000446b2d0
Event: 161.403 Thread 0x0000000016ad9800 flushing nmethod 0x000000000446ed10
Event: 161.539 Thread 0x0000000016ae0000 flushing nmethod 0x0000000004a70750
Event: 161.540 Thread 0x0000000016ae0000 flushing nmethod 0x0000000004aa6590
Event: 161.540 Thread 0x0000000016ae0000 flushing nmethod 0x0000000004aa6d10


Dynamic libraries:
0x00007ff777c00000 - 0x00007ff777c31000 	C:\Program Files\Android\Android Studio\jre\bin\java.exe
0x00007fff0e460000 - 0x00007fff0e64d000 	C:\Windows\SYSTEM32\ntdll.dll
0x00007fff0bba0000 - 0x00007fff0bc53000 	C:\Windows\System32\KERNEL32.DLL
0x00007fff0a910000 - 0x00007fff0aba3000 	C:\Windows\System32\KERNELBASE.dll
0x00007fff0db60000 - 0x00007fff0dc03000 	C:\Windows\System32\ADVAPI32.dll
0x00007fff0b7a0000 - 0x00007fff0b83e000 	C:\Windows\System32\msvcrt.dll
0x00007fff0dac0000 - 0x00007fff0db5e000 	C:\Windows\System32\sechost.dll
0x00007fff0c370000 - 0x00007fff0c493000 	C:\Windows\System32\RPCRT4.dll
0x00007fff0c010000 - 0x00007fff0c1a7000 	C:\Windows\System32\USER32.dll
0x00007fff0adc0000 - 0x00007fff0ade0000 	C:\Windows\System32\win32u.dll
0x00007fff0bc60000 - 0x00007fff0bc89000 	C:\Windows\System32\GDI32.dll
0x00007fff0a530000 - 0x00007fff0a6ca000 	C:\Windows\System32\gdi32full.dll
0x00007fff0a6d0000 - 0x00007fff0a770000 	C:\Windows\System32\msvcp_win.dll
0x00007fff0a770000 - 0x00007fff0a86c000 	C:\Windows\System32\ucrtbase.dll
0x00007ffef5100000 - 0x00007ffef5379000 	C:\Windows\WinSxS\amd64_microsoft.windows.common-controls_6595b64144ccf1df_6.0.17758.1_none_f04561a4ff3c0a8f\COMCTL32.dll
0x00007fff0dc10000 - 0x00007fff0df3e000 	C:\Windows\System32\combase.dll
0x00007fff0a870000 - 0x00007fff0a8ee000 	C:\Windows\System32\bcryptPrimitives.dll
0x00007fff0c4a0000 - 0x00007fff0c4ce000 	C:\Windows\System32\IMM32.DLL
0x0000000070d90000 - 0x0000000070e62000 	C:\Program Files\Android\Android Studio\jre\jre\bin\msvcr100.dll
0x0000000070e70000 - 0x00000000716b6000 	C:\Program Files\Android\Android Studio\jre\jre\bin\server\jvm.dll
0x00007fff0bb90000 - 0x00007fff0bb98000 	C:\Windows\System32\PSAPI.DLL
0x00007fff01eb0000 - 0x00007fff01eba000 	C:\Windows\SYSTEM32\VERSION.dll
0x00007fff07bd0000 - 0x00007fff07bf4000 	C:\Windows\SYSTEM32\WINMM.dll
0x00007ffefc2c0000 - 0x00007ffefc2c9000 	C:\Windows\SYSTEM32\WSOCK32.dll
0x00007fff0df40000 - 0x00007fff0dfad000 	C:\Windows\System32\WS2_32.dll
0x00007fff07ba0000 - 0x00007fff07bcd000 	C:\Windows\SYSTEM32\WINMMBASE.dll
0x00007fff0b640000 - 0x00007fff0b68a000 	C:\Windows\System32\cfgmgr32.dll
0x00007ffee51d0000 - 0x00007ffee51df000 	C:\Program Files\Android\Android Studio\jre\jre\bin\verify.dll
0x00007ffeceec0000 - 0x00007ffeceee9000 	C:\Program Files\Android\Android Studio\jre\jre\bin\java.dll
0x00007ffed0b80000 - 0x00007ffed0b96000 	C:\Program Files\Android\Android Studio\jre\jre\bin\zip.dll
0x00007fff0c550000 - 0x00007fff0da3f000 	C:\Windows\System32\SHELL32.dll
0x00007fff0b690000 - 0x00007fff0b738000 	C:\Windows\System32\shcore.dll
0x00007fff0aef0000 - 0x00007fff0b638000 	C:\Windows\System32\windows.storage.dll
0x00007fff0a4e0000 - 0x00007fff0a504000 	C:\Windows\System32\profapi.dll
0x00007fff0a480000 - 0x00007fff0a4dd000 	C:\Windows\System32\powrprof.dll
0x00007fff0c4d0000 - 0x00007fff0c522000 	C:\Windows\System32\shlwapi.dll
0x00007fff0a460000 - 0x00007fff0a471000 	C:\Windows\System32\kernel.appcore.dll
0x00007fff0a8f0000 - 0x00007fff0a907000 	C:\Windows\System32\cryptsp.dll
0x00007ffed0b60000 - 0x00007ffed0b7a000 	C:\Program Files\Android\Android Studio\jre\jre\bin\net.dll
0x00007fff09cf0000 - 0x00007fff09d57000 	C:\Windows\system32\mswsock.dll
0x00007ffecfa80000 - 0x00007ffecfa91000 	C:\Program Files\Android\Android Studio\jre\jre\bin\nio.dll
0x00007fff01280000 - 0x00007fff012a6000 	C:\Users\ALEXANDER\.gradle\native\29\windows-amd64\native-platform.dll
0x00007ffedf1c0000 - 0x00007ffedf1cd000 	C:\Program Files\Android\Android Studio\jre\jre\bin\management.dll
0x00007fff09850000 - 0x00007fff09883000 	C:\Windows\system32\rsaenh.dll
0x00007fff0abb0000 - 0x00007fff0abd6000 	C:\Windows\System32\bcrypt.dll
0x00007fff0a360000 - 0x00007fff0a388000 	C:\Windows\SYSTEM32\USERENV.dll
0x00007fff09ec0000 - 0x00007fff09ecc000 	C:\Windows\SYSTEM32\CRYPTBASE.dll
0x00007fff09a50000 - 0x00007fff09a8d000 	C:\Windows\SYSTEM32\IPHLPAPI.DLL
0x00007fff0c280000 - 0x00007fff0c288000 	C:\Windows\System32\NSI.dll
0x00007fff000d0000 - 0x00007fff000e6000 	C:\Windows\SYSTEM32\dhcpcsvc6.DLL
0x00007fff000b0000 - 0x00007fff000cc000 	C:\Windows\SYSTEM32\dhcpcsvc.DLL
0x00007fff09a90000 - 0x00007fff09b56000 	C:\Windows\SYSTEM32\DNSAPI.dll
0x00007ffece7e0000 - 0x00007ffece97c000 	C:\Program Files\Android\Android Studio\jre\jre\bin\awt.dll
0x00007fff0c1b0000 - 0x00007fff0c27b000 	C:\Windows\System32\OLEAUT32.dll
0x00007fff08770000 - 0x00007fff0879e000 	C:\Windows\SYSTEM32\dwmapi.dll
0x00007fff0abe0000 - 0x00007fff0adbb000 	C:\Windows\System32\CRYPT32.dll
0x00007fff0a510000 - 0x00007fff0a522000 	C:\Windows\System32\MSASN1.dll
0x00007fff061f0000 - 0x00007fff067ae000 	C:\Windows\SYSTEM32\d2d1.dll
0x00007fff07df0000 - 0x00007fff07e7c000 	C:\Windows\SYSTEM32\apphelp.dll
0x00007fff084d0000 - 0x00007fff0856c000 	C:\Windows\system32\uxtheme.dll

VM Arguments:
jvm_args: -Xmx1536m -Dfile.encoding=windows-1252 -Duser.country=US -Duser.language=en -Duser.variant 
java_command: org.gradle.launcher.daemon.bootstrap.GradleDaemon 5.5
java_class_path (initial): F:\Personae\Projects\Asandic Android Proj\gradle-5.5\lib\gradle-launcher-5.5.jar
Launcher Type: SUN_STANDARD

Environment Variables:
JAVA_HOME=C:\Program Files\Java\jdk1.8.0_77
PATH=C:\ProgramData\Oracle\Java\javapath;C:\Windows\system32;C:\Windows;C:\Windows\System32\Wbem;C:\Windows\System32\WindowsPowerShell\v1.0\;C:\Windows\System32\OpenSSH\;E:\AOMEI Backupper;C:\Program Files\Microsoft SQL Server\Client SDK\ODBC\130\Tools\Binn\;C:\Program Files (x86)\Microsoft SQL Server\130\Tools\Binn\;C:\Program Files\Microsoft SQL Server\130\Tools\Binn\;C:\Program Files\Microsoft SQL Server\130\DTS\Binn\;C:\Program Files (x86)\Microsoft SQL Server\Client SDK\ODBC\130\Tools\Binn\;C:\Program Files (x86)\Microsoft SQL Server\140\Tools\Binn\;C:\Program Files (x86)\Microsoft SQL Server\140\DTS\Binn\;C:\Program Files (x86)\Microsoft SQL Server\140\Tools\Binn\ManagementStudio\;C:\Program Files (x86)\Brackets\command;C:\Windows\system32\config\systemprofile\.dnx\bin;C:\Program Files\Microsoft DNX\Dnvm\;C:\Program Files\Git\cmd;C:\Program Files (x86)\ATI Technologies\ATI.ACE\Core-Static;C:\Program Files\Java\jdk1.8.0_77\bin;C:\Program Files (x86)\sbt\bin;C:\Program Files\nodejs\;C:\Users\ALEXANDER\AppData\Local\Microsoft\WindowsApps;C:\Users\ALEXANDER\AppData\Local\atom\bin;C:\Users\ALEXANDER\AppData\Local\Programs\Microsoft VS Code\bin;C:\Users\ALEXANDER\AppData\Roaming\npm
USERNAME=ALEXANDER
OS=Windows_NT
PROCESSOR_IDENTIFIER=Intel64 Family 6 Model 58 Stepping 9, GenuineIntel



---------------  S Y S T E M  ---------------

OS: Windows 10.0 , 64 bit Build 17758 (10.0.17758.1)

CPU:total 4 (initial active 4) (2 cores per cpu, 2 threads per core) family 6 model 58 stepping 9, cmov, cx8, fxsr, mmx, sse, sse2, sse3, ssse3, sse4.1, sse4.2, popcnt, avx, aes, clmul, erms, ht, tsc, tscinvbit, tscinv

Memory: 4k page, physical 6191420k(329184k free), swap 6191420k(4008k free)

vm_info: OpenJDK 64-Bit Server VM (25.202-b03) for windows-amd64 JRE (1.8.0_202-release-1483-b03), built by "builder" with MS VC++ 10.0 (VS2010)

time: Fri Nov 01 16:02:42 2019
timezone: GMT Standard Time
elapsed time: 162 seconds (0d 0h 2m 42s)

