#
# There is insufficient memory for the Java Runtime Environment to continue.
# Native memory allocation (malloc) failed to allocate 1443696 bytes for Chunk::new
# Possible reasons:
#   The system is out of physical RAM or swap space
#   The process is running with CompressedOops enabled, and the Java Heap may be blocking the growth of the native heap
# Possible solutions:
#   Reduce memory load on the system
#   Increase physical memory or swap space
#   Check if swap backing store is full
#   Decrease Java heap size (-Xmx/-Xms)
#   Decrease number of Java threads
#   Decrease Java thread stack sizes (-Xss)
#   Set larger code cache with -XX:ReservedCodeCacheSize=
#   JVM is running with Unscaled Compressed Oops mode in which the Java heap is
#     placed in the first 4GB address space. The Java Heap base address is the
#     maximum limit for the native heap growth. Please use -XX:HeapBaseMinAddress
#     to set the Java Heap base and to place the Java Heap above 4GB virtual address.
# This output file may be truncated or incomplete.
#
#  Out of Memory Error (allocation.cpp:389), pid=6284, tid=0x0000000000001c70
#
# JRE version: OpenJDK Runtime Environment (8.0_202-b03) (build 1.8.0_202-release-1483-b03)
# Java VM: OpenJDK 64-Bit Server VM (25.202-b03 mixed mode windows-amd64 compressed oops)
# Failed to write core dump. Minidumps are not enabled by default on client versions of Windows
#

---------------  T H R E A D  ---------------

Current thread (0x0000000015eae000):  JavaThread "C2 CompilerThread1" daemon [_thread_in_native, id=7280, stack(0x0000000017610000,0x0000000017710000)]

Stack: [0x0000000017610000,0x0000000017710000]
[error occurred during error reporting (printing stack bounds), id 0xc0000005]

Native frames: (J=compiled Java code, j=interpreted, Vv=VM code, C=native code)


Current CompileTask:
C2:  12314 3810       4       groovy.lang.MetaClassImpl$1MOPIter::methodNameAction (479 bytes)


---------------  P R O C E S S  ---------------

Java Threads: ( => current thread )
  0x000000001e8ba800 JavaThread "Build operations Thread 4" [_thread_blocked, id=7728, stack(0x0000000020640000,0x0000000020740000)]
  0x000000001e8b7800 JavaThread "Build operations Thread 3" [_thread_blocked, id=7132, stack(0x0000000020540000,0x0000000020640000)]
  0x000000001e8bc800 JavaThread "Build operations Thread 2" [_thread_blocked, id=5296, stack(0x0000000020440000,0x0000000020540000)]
  0x0000000019e29800 JavaThread "Build operations" [_thread_blocked, id=6320, stack(0x000000001fa80000,0x000000001fb80000)]
  0x0000000019e28800 JavaThread "Cache worker for Artifact transforms cache (C:\Users\ALEXANDER\.gradle\caches\transforms-1)" [_thread_blocked, id=8352, stack(0x000000001f780000,0x000000001f880000)]
  0x0000000019e25800 JavaThread "Cache worker for cache directory md-rule (C:\Users\ALEXANDER\.gradle\caches\4.10\md-rule)" [_thread_blocked, id=4952, stack(0x000000001f680000,0x000000001f780000)]
  0x0000000019e2a000 JavaThread "Cache worker for cache directory md-supplier (C:\Users\ALEXANDER\.gradle\caches\4.10\md-supplier)" [_thread_blocked, id=10884, stack(0x000000001e1d0000,0x000000001e2d0000)]
  0x0000000019e27000 JavaThread "Cache worker for journal cache (C:\Users\ALEXANDER\.gradle\caches\journal-1)" [_thread_blocked, id=7964, stack(0x000000001cb00000,0x000000001cc00000)]
  0x0000000019e26800 JavaThread "Cache worker for file hash cache (C:\Users\ALEXANDER\AndroidStudioProjects\Asandic\.gradle\4.10\fileHashes)" [_thread_blocked, id=8000, stack(0x000000001ca00000,0x000000001cb00000)]
  0x0000000019de4000 JavaThread "File lock request listener" [_thread_in_native, id=7364, stack(0x000000001b930000,0x000000001ba30000)]
  0x0000000019e25000 JavaThread "Cache worker for file hash cache (C:\Users\ALEXANDER\.gradle\caches\4.10\fileHashes)" [_thread_blocked, id=5648, stack(0x000000001b830000,0x000000001b930000)]
  0x0000000017ae3000 JavaThread "Stdin handler" [_thread_blocked, id=9108, stack(0x000000001b530000,0x000000001b630000)]
  0x0000000017fc2000 JavaThread "Asynchronous log dispatcher for DefaultDaemonConnection: socket connection from /127.0.0.1:49198 to /127.0.0.1:49199" [_thread_blocked, id=9476, stack(0x000000001b430000,0x000000001b530000)]
  0x0000000017ae2000 JavaThread "Daemon worker" [_thread_in_Java, id=10040, stack(0x000000001b330000,0x000000001b430000)]
  0x0000000019424800 JavaThread "Cancel handler" [_thread_blocked, id=7328, stack(0x000000001b230000,0x000000001b330000)]
  0x0000000019567800 JavaThread "Handler for socket connection from /127.0.0.1:49198 to /127.0.0.1:49199" [_thread_in_native, id=1220, stack(0x000000001af30000,0x000000001b030000)]
  0x0000000018103800 JavaThread "Daemon" [_thread_blocked, id=9788, stack(0x000000001ae30000,0x000000001af30000)]
  0x0000000017fad000 JavaThread "Daemon periodic checks" [_thread_blocked, id=6908, stack(0x000000001ad30000,0x000000001ae30000)]
  0x000000001805c800 JavaThread "Incoming local TCP Connector on port 49198" [_thread_in_native, id=10604, stack(0x000000001aaf0000,0x000000001abf0000)]
  0x000000001783a800 JavaThread "Service Thread" daemon [_thread_blocked, id=4704, stack(0x0000000017c10000,0x0000000017d10000)]
  0x0000000015ebb000 JavaThread "C1 CompilerThread2" daemon [_thread_in_native, id=6504, stack(0x0000000017710000,0x0000000017810000)]
=>0x0000000015eae000 JavaThread "C2 CompilerThread1" daemon [_thread_in_native, id=7280, stack(0x0000000017610000,0x0000000017710000)]
  0x0000000015eab000 JavaThread "C2 CompilerThread0" daemon [_thread_in_native, id=504, stack(0x0000000017510000,0x0000000017610000)]
  0x0000000015ea9000 JavaThread "Attach Listener" daemon [_thread_blocked, id=8760, stack(0x0000000017410000,0x0000000017510000)]
  0x0000000015eb7800 JavaThread "Signal Dispatcher" daemon [_thread_blocked, id=10324, stack(0x0000000017310000,0x0000000017410000)]
  0x000000000253c000 JavaThread "Finalizer" daemon [_thread_blocked, id=7752, stack(0x0000000017110000,0x0000000017210000)]
  0x0000000015e99800 JavaThread "Reference Handler" daemon [_thread_blocked, id=4264, stack(0x0000000017010000,0x0000000017110000)]
  0x0000000002442800 JavaThread "main" [_thread_blocked, id=9360, stack(0x00000000022f0000,0x00000000023f0000)]

Other Threads:
  0x0000000015e76800 VMThread [stack: 0x0000000016f10000,0x0000000017010000] [id=2292]
  0x000000001783b000 WatcherThread [stack: 0x0000000017d10000,0x0000000017e10000] [id=10824]

VM state:not at safepoint (normal execution)

VM Mutex/Monitor currently owned by a thread: None

heap address: 0x00000000a0000000, size: 1536 MB, Compressed Oops mode: 32-bit
Narrow klass base: 0x0000000000000000, Narrow klass shift: 3
Compressed class space size: 1073741824 Address: 0x0000000100000000

Heap:
 PSYoungGen      total 102400K, used 27365K [0x00000000e0000000, 0x00000000e6800000, 0x0000000100000000)
  eden space 98304K, 27% used [0x00000000e0000000,0x00000000e1ab9500,0x00000000e6000000)
  from space 4096K, 0% used [0x00000000e6000000,0x00000000e6000000,0x00000000e6400000)
  to   space 4096K, 0% used [0x00000000e6400000,0x00000000e6400000,0x00000000e6800000)
 ParOldGen       total 76288K, used 16865K [0x00000000a0000000, 0x00000000a4a80000, 0x00000000e0000000)
  object space 76288K, 22% used [0x00000000a0000000,0x00000000a10785a0,0x00000000a4a80000)
 Metaspace       used 35783K, capacity 36376K, committed 36648K, reserved 1081344K
  class space    used 4857K, capacity 5084K, committed 5168K, reserved 1048576K

Card table byte_map: [0x0000000011900000,0x0000000011c10000] byte_map_base: 0x0000000011400000

Marking Bits: (ParMarkBitMap*) 0x000000006f7a9f30
 Begin Bits: [0x0000000012210000, 0x0000000013a10000)
 End Bits:   [0x0000000013a10000, 0x0000000015210000)

Polling page: 0x0000000000a80000

CodeCache: size=245760Kb used=13000Kb max_used=13000Kb free=232759Kb
 bounds [0x0000000002540000, 0x0000000003200000, 0x0000000011540000]
 total_blobs=4406 nmethods=3702 adapters=617
 compilation: enabled

Compilation events (10 events):
Event: 12.309 Thread 0x0000000015ebb000 3935       1       org.codehaus.groovy.classgen.asm.MopWriter$MopKey::hashCode (5 bytes)
Event: 12.309 Thread 0x0000000015ebb000 nmethod 3935 0x00000000031f5bd0 code [0x00000000031f5d20, 0x00000000031f5e30]
Event: 12.310 Thread 0x0000000015ebb000 3936       3       org.codehaus.groovy.ast.expr.TupleExpression::<init> (10 bytes)
Event: 12.310 Thread 0x0000000015ebb000 nmethod 3936 0x00000000031f5e90 code [0x00000000031f6020, 0x00000000031f6328]
Event: 12.310 Thread 0x0000000015ebb000 3937       1       org.codehaus.groovy.ast.stmt.Statement::getStatementLabels (5 bytes)
Event: 12.310 Thread 0x0000000015ebb000 nmethod 3937 0x00000000031f6490 code [0x00000000031f65e0, 0x00000000031f66f0]
Event: 12.310 Thread 0x0000000015ebb000 3938       3       org.codehaus.groovy.ast.ClassCodeVisitorSupport::visitExpressionStatement (11 bytes)
Event: 12.311 Thread 0x0000000015ebb000 nmethod 3938 0x00000000031f6750 code [0x00000000031f68e0, 0x00000000031f6c58]
Event: 12.311 Thread 0x0000000015ebb000 3939       3       org.codehaus.groovy.ast.ASTNode::getNodeMetaData (18 bytes)
Event: 12.311 Thread 0x0000000015ebb000 nmethod 3939 0x00000000031f6dd0 code [0x00000000031f6f40, 0x00000000031f7148]

GC Heap History (10 events):
Event: 7.207 GC heap before
{Heap before GC invocations=7 (full 1):
 PSYoungGen      total 102400K, used 98304K [0x00000000e0000000, 0x00000000e6800000, 0x0000000100000000)
  eden space 98304K, 100% used [0x00000000e0000000,0x00000000e6000000,0x00000000e6000000)
  from space 4096K, 0% used [0x00000000e6000000,0x00000000e6000000,0x00000000e6400000)
  to   space 4096K, 0% used [0x00000000e6400000,0x00000000e6400000,0x00000000e6800000)
 ParOldGen       total 52736K, used 12131K [0x00000000a0000000, 0x00000000a3380000, 0x00000000e0000000)
  object space 52736K, 23% used [0x00000000a0000000,0x00000000a0bd8e20,0x00000000a3380000)
 Metaspace       used 27100K, capacity 27556K, committed 27824K, reserved 1073152K
  class space    used 3800K, capacity 3967K, committed 4016K, reserved 1048576K
Event: 7.216 GC heap after
Heap after GC invocations=7 (full 1):
 PSYoungGen      total 102400K, used 4096K [0x00000000e0000000, 0x00000000e6800000, 0x0000000100000000)
  eden space 98304K, 0% used [0x00000000e0000000,0x00000000e0000000,0x00000000e6000000)
  from space 4096K, 100% used [0x00000000e6400000,0x00000000e6800000,0x00000000e6800000)
  to   space 4096K, 0% used [0x00000000e6000000,0x00000000e6000000,0x00000000e6400000)
 ParOldGen       total 52736K, used 16408K [0x00000000a0000000, 0x00000000a3380000, 0x00000000e0000000)
  object space 52736K, 31% used [0x00000000a0000000,0x00000000a1006330,0x00000000a3380000)
 Metaspace       used 27100K, capacity 27556K, committed 27824K, reserved 1073152K
  class space    used 3800K, capacity 3967K, committed 4016K, reserved 1048576K
}
Event: 8.709 GC heap before
{Heap before GC invocations=8 (full 1):
 PSYoungGen      total 102400K, used 102400K [0x00000000e0000000, 0x00000000e6800000, 0x0000000100000000)
  eden space 98304K, 100% used [0x00000000e0000000,0x00000000e6000000,0x00000000e6000000)
  from space 4096K, 100% used [0x00000000e6400000,0x00000000e6800000,0x00000000e6800000)
  to   space 4096K, 0% used [0x00000000e6000000,0x00000000e6000000,0x00000000e6400000)
 ParOldGen       total 52736K, used 16408K [0x00000000a0000000, 0x00000000a3380000, 0x00000000e0000000)
  object space 52736K, 31% used [0x00000000a0000000,0x00000000a1006330,0x00000000a3380000)
 Metaspace       used 27126K, capacity 27620K, committed 27824K, reserved 1073152K
  class space    used 3802K, capacity 3967K, committed 4016K, reserved 1048576K
Event: 8.720 GC heap after
Heap after GC invocations=8 (full 1):
 PSYoungGen      total 102400K, used 4091K [0x00000000e0000000, 0x00000000e6800000, 0x0000000100000000)
  eden space 98304K, 0% used [0x00000000e0000000,0x00000000e0000000,0x00000000e6000000)
  from space 4096K, 99% used [0x00000000e6000000,0x00000000e63fec68,0x00000000e6400000)
  to   space 4096K, 0% used [0x00000000e6400000,0x00000000e6400000,0x00000000e6800000)
 ParOldGen       total 52736K, used 21928K [0x00000000a0000000, 0x00000000a3380000, 0x00000000e0000000)
  object space 52736K, 41% used [0x00000000a0000000,0x00000000a156a160,0x00000000a3380000)
 Metaspace       used 27126K, capacity 27620K, committed 27824K, reserved 1073152K
  class space    used 3802K, capacity 3967K, committed 4016K, reserved 1048576K
}
Event: 10.786 GC heap before
{Heap before GC invocations=9 (full 1):
 PSYoungGen      total 102400K, used 102395K [0x00000000e0000000, 0x00000000e6800000, 0x0000000100000000)
  eden space 98304K, 100% used [0x00000000e0000000,0x00000000e6000000,0x00000000e6000000)
  from space 4096K, 99% used [0x00000000e6000000,0x00000000e63fec68,0x00000000e6400000)
  to   space 4096K, 0% used [0x00000000e6400000,0x00000000e6400000,0x00000000e6800000)
 ParOldGen       total 52736K, used 21928K [0x00000000a0000000, 0x00000000a3380000, 0x00000000e0000000)
  object space 52736K, 41% used [0x00000000a0000000,0x00000000a156a160,0x00000000a3380000)
 Metaspace       used 33024K, capacity 33728K, committed 33968K, reserved 1079296K
  class space    used 4428K, capacity 4675K, committed 4784K, reserved 1048576K
Event: 10.801 GC heap after
Heap after GC invocations=9 (full 1):
 PSYoungGen      total 102400K, used 4096K [0x00000000e0000000, 0x00000000e6800000, 0x0000000100000000)
  eden space 98304K, 0% used [0x00000000e0000000,0x00000000e0000000,0x00000000e6000000)
  from space 4096K, 100% used [0x00000000e6400000,0x00000000e6800000,0x00000000e6800000)
  to   space 4096K, 0% used [0x00000000e6000000,0x00000000e6000000,0x00000000e6400000)
 ParOldGen       total 52736K, used 28155K [0x00000000a0000000, 0x00000000a3380000, 0x00000000e0000000)
  object space 52736K, 53% used [0x00000000a0000000,0x00000000a1b7edf8,0x00000000a3380000)
 Metaspace       used 33024K, capacity 33728K, committed 33968K, reserved 1079296K
  class space    used 4428K, capacity 4675K, committed 4784K, reserved 1048576K
}
Event: 11.426 GC heap before
{Heap before GC invocations=10 (full 1):
 PSYoungGen      total 102400K, used 39947K [0x00000000e0000000, 0x00000000e6800000, 0x0000000100000000)
  eden space 98304K, 36% used [0x00000000e0000000,0x00000000e2302d48,0x00000000e6000000)
  from space 4096K, 100% used [0x00000000e6400000,0x00000000e6800000,0x00000000e6800000)
  to   space 4096K, 0% used [0x00000000e6000000,0x00000000e6000000,0x00000000e6400000)
 ParOldGen       total 52736K, used 28155K [0x00000000a0000000, 0x00000000a3380000, 0x00000000e0000000)
  object space 52736K, 53% used [0x00000000a0000000,0x00000000a1b7edf8,0x00000000a3380000)
 Metaspace       used 34694K, capacity 35324K, committed 35496K, reserved 1079296K
  class space    used 4713K, capacity 4950K, committed 5040K, reserved 1048576K
Event: 11.441 GC heap after
Heap after GC invocations=10 (full 1):
 PSYoungGen      total 102400K, used 4069K [0x00000000e0000000, 0x00000000e6800000, 0x0000000100000000)
  eden space 98304K, 0% used [0x00000000e0000000,0x00000000e0000000,0x00000000e6000000)
  from space 4096K, 99% used [0x00000000e6000000,0x00000000e63f9658,0x00000000e6400000)
  to   space 4096K, 0% used [0x00000000e6400000,0x00000000e6400000,0x00000000e6800000)
 ParOldGen       total 52736K, used 31597K [0x00000000a0000000, 0x00000000a3380000, 0x00000000e0000000)
  object space 52736K, 59% used [0x00000000a0000000,0x00000000a1edb508,0x00000000a3380000)
 Metaspace       used 34694K, capacity 35324K, committed 35496K, reserved 1079296K
  class space    used 4713K, capacity 4950K, committed 5040K, reserved 1048576K
}
Event: 11.441 GC heap before
{Heap before GC invocations=11 (full 2):
 PSYoungGen      total 102400K, used 4069K [0x00000000e0000000, 0x00000000e6800000, 0x0000000100000000)
  eden space 98304K, 0% used [0x00000000e0000000,0x00000000e0000000,0x00000000e6000000)
  from space 4096K, 99% used [0x00000000e6000000,0x00000000e63f9658,0x00000000e6400000)
  to   space 4096K, 0% used [0x00000000e6400000,0x00000000e6400000,0x00000000e6800000)
 ParOldGen       total 52736K, used 31597K [0x00000000a0000000, 0x00000000a3380000, 0x00000000e0000000)
  object space 52736K, 59% used [0x00000000a0000000,0x00000000a1edb508,0x00000000a3380000)
 Metaspace       used 34694K, capacity 35324K, committed 35496K, reserved 1079296K
  class space    used 4713K, capacity 4950K, committed 5040K, reserved 1048576K
Event: 11.531 GC heap after
Heap after GC invocations=11 (full 2):
 PSYoungGen      total 102400K, used 0K [0x00000000e0000000, 0x00000000e6800000, 0x0000000100000000)
  eden space 98304K, 0% used [0x00000000e0000000,0x00000000e0000000,0x00000000e6000000)
  from space 4096K, 0% used [0x00000000e6000000,0x00000000e6000000,0x00000000e6400000)
  to   space 4096K, 0% used [0x00000000e6400000,0x00000000e6400000,0x00000000e6800000)
 ParOldGen       total 76288K, used 16865K [0x00000000a0000000, 0x00000000a4a80000, 0x00000000e0000000)
  object space 76288K, 22% used [0x00000000a0000000,0x00000000a10785a0,0x00000000a4a80000)
 Metaspace       used 34658K, capacity 35204K, committed 35496K, reserved 1079296K
  class space    used 4704K, capacity 4910K, committed 5040K, reserved 1048576K
}

Deoptimization events (10 events):
Event: 11.551 Thread 0x0000000017ae2000 Uncommon trap: reason=unstable_if action=reinterpret pc=0x0000000002e197e4 method=sun.security.provider.DigestBase.engineUpdate([BII)V @ 1
Event: 11.640 Thread 0x0000000017ae2000 Uncommon trap: reason=unstable_if action=reinterpret pc=0x0000000002b56d8c method=java.util.concurrent.ConcurrentHashMap.get(Ljava/lang/Object;)Ljava/lang/Object; @ 76
Event: 11.641 Thread 0x0000000017ae2000 Uncommon trap: reason=class_check action=maybe_recompile pc=0x0000000002b5a6a0 method=java.util.concurrent.ConcurrentHashMap.putVal(Ljava/lang/Object;Ljava/lang/Object;Z)Ljava/lang/Object; @ 192
Event: 11.687 Thread 0x0000000017ae2000 Uncommon trap: reason=class_check action=maybe_recompile pc=0x0000000002b5a6a0 method=java.util.concurrent.ConcurrentHashMap.putVal(Ljava/lang/Object;Ljava/lang/Object;Z)Ljava/lang/Object; @ 192
Event: 11.689 Thread 0x0000000017ae2000 Uncommon trap: reason=class_check action=maybe_recompile pc=0x0000000002b5a6a0 method=java.util.concurrent.ConcurrentHashMap.putVal(Ljava/lang/Object;Ljava/lang/Object;Z)Ljava/lang/Object; @ 192
Event: 11.743 Thread 0x0000000017ae2000 Uncommon trap: reason=unstable_if action=reinterpret pc=0x0000000002b5a514 method=java.util.concurrent.ConcurrentHashMap.addCount(JI)V @ 34
Event: 11.746 Thread 0x000000001e8b7800 Uncommon trap: reason=unstable_if action=reinterpret pc=0x00000000029ff9f8 method=java.util.concurrent.ConcurrentHashMap.addCount(JI)V @ 7
Event: 11.746 Thread 0x000000001e8bc800 Uncommon trap: reason=unstable_if action=reinterpret pc=0x00000000029ff9f8 method=java.util.concurrent.ConcurrentHashMap.addCount(JI)V @ 7
Event: 11.947 Thread 0x0000000017ae2000 Uncommon trap: reason=range_check action=make_not_entrant pc=0x000000000310fd94 method=java.lang.String.charAt(I)C @ 27
Event: 12.109 Thread 0x0000000017ae2000 Uncommon trap: reason=unstable_if action=reinterpret pc=0x00000000029f86e0 method=java.util.WeakHashMap.expungeStaleEntries()V @ 66

Classes redefined (0 events):
No events

Internal exceptions (10 events):
Event: 12.101 Thread 0x0000000017ae2000 Exception <a 'java/lang/ClassNotFoundException': org/gradle/api/tasks/Delete_DecoratedBeanInfo> (0x00000000e14e3a00) thrown at [D:\src\AOSP-openjdk-cygwin\jdk8u\hotspot\src\share\vm\classfile\systemDictionary.cpp, line 210]
Event: 12.103 Thread 0x0000000017ae2000 Exception <a 'java/lang/ClassNotFoundException': org/gradle/api/tasks/DeleteBeanInfo> (0x00000000e150ae08) thrown at [D:\src\AOSP-openjdk-cygwin\jdk8u\hotspot\src\share\vm\classfile\systemDictionary.cpp, line 210]
Event: 12.104 Thread 0x0000000017ae2000 Exception <a 'java/lang/ClassNotFoundException': org/gradle/api/internal/ConventionTaskBeanInfo> (0x00000000e15378a8) thrown at [D:\src\AOSP-openjdk-cygwin\jdk8u\hotspot\src\share\vm\classfile\systemDictionary.cpp, line 210]
Event: 12.105 Thread 0x0000000017ae2000 Exception <a 'java/lang/ClassNotFoundException': org/gradle/api/DefaultTaskBeanInfo> (0x00000000e155c7d8) thrown at [D:\src\AOSP-openjdk-cygwin\jdk8u\hotspot\src\share\vm\classfile\systemDictionary.cpp, line 210]
Event: 12.106 Thread 0x0000000017ae2000 Exception <a 'java/lang/ClassNotFoundException': org/gradle/api/internal/AbstractTaskBeanInfo> (0x00000000e1588608) thrown at [D:\src\AOSP-openjdk-cygwin\jdk8u\hotspot\src\share\vm\classfile\systemDictionary.cpp, line 210]
Event: 12.107 Thread 0x0000000017ae2000 Exception <a 'java/lang/ClassNotFoundException': org/gradle/api/internal/AbstractTaskCustomizer> (0x00000000e15b5058) thrown at [D:\src\AOSP-openjdk-cygwin\jdk8u\hotspot\src\share\vm\classfile\systemDictionary.cpp, line 210]
Event: 12.113 Thread 0x0000000017ae2000 Exception <a 'java/lang/ClassNotFoundException': org/gradle/api/DefaultTaskCustomizer> (0x00000000e1640c78) thrown at [D:\src\AOSP-openjdk-cygwin\jdk8u\hotspot\src\share\vm\classfile\systemDictionary.cpp, line 210]
Event: 12.115 Thread 0x0000000017ae2000 Exception <a 'java/lang/ClassNotFoundException': org/gradle/api/internal/ConventionTaskCustomizer> (0x00000000e167df98) thrown at [D:\src\AOSP-openjdk-cygwin\jdk8u\hotspot\src\share\vm\classfile\systemDictionary.cpp, line 210]
Event: 12.116 Thread 0x0000000017ae2000 Exception <a 'java/lang/ClassNotFoundException': org/gradle/api/tasks/DeleteCustomizer> (0x00000000e16b8ae8) thrown at [D:\src\AOSP-openjdk-cygwin\jdk8u\hotspot\src\share\vm\classfile\systemDictionary.cpp, line 210]
Event: 12.120 Thread 0x0000000017ae2000 Exception <a 'java/lang/ClassNotFoundException': org/gradle/api/tasks/Delete_DecoratedCustomizer> (0x00000000e1701a68) thrown at [D:\src\AOSP-openjdk-cygwin\jdk8u\hotspot\src\share\vm\classfile\systemDictionary.cpp, line 210]

Events (10 events):
Event: 12.139 loading class org/gradle/configuration/project/ConfigureProjectBuildOperationType$Result
Event: 12.139 loading class org/gradle/configuration/project/ConfigureProjectBuildOperationType$Result done
Event: 12.139 loading class org/gradle/configuration/project/ConfigureProjectBuildOperationType$1
Event: 12.139 loading class org/gradle/configuration/project/ConfigureProjectBuildOperationType$1 done
Event: 12.230 loading class org/codehaus/groovy/syntax/Numbers
Event: 12.230 loading class org/codehaus/groovy/syntax/Numbers done
Event: 12.232 loading class java/math/BigDecimal$1
Event: 12.232 loading class java/math/BigDecimal$1 done
Event: 12.233 loading class java/math/MathContext
Event: 12.246 loading class java/math/MathContext done


Dynamic libraries:
0x00007ff77bf50000 - 0x00007ff77bf81000 	C:\Program Files\Android\Android Studio\jre\bin\java.exe
0x00007ff814100000 - 0x00007ff8142ed000 	C:\Windows\SYSTEM32\ntdll.dll
0x00007ff8135c0000 - 0x00007ff813673000 	C:\Windows\System32\KERNEL32.DLL
0x00007ff810530000 - 0x00007ff8107c3000 	C:\Windows\System32\KERNELBASE.dll
0x00007ff813f90000 - 0x00007ff814033000 	C:\Windows\System32\ADVAPI32.dll
0x00007ff811510000 - 0x00007ff8115ae000 	C:\Windows\System32\msvcrt.dll
0x00007ff813520000 - 0x00007ff8135be000 	C:\Windows\System32\sechost.dll
0x00007ff811330000 - 0x00007ff811453000 	C:\Windows\System32\RPCRT4.dll
0x00007ff813370000 - 0x00007ff813507000 	C:\Windows\System32\USER32.dll
0x00007ff8101d0000 - 0x00007ff8101f0000 	C:\Windows\System32\win32u.dll
0x00007ff813240000 - 0x00007ff813269000 	C:\Windows\System32\GDI32.dll
0x00007ff810850000 - 0x00007ff8109ea000 	C:\Windows\System32\gdi32full.dll
0x00007ff811290000 - 0x00007ff811330000 	C:\Windows\System32\msvcp_win.dll
0x00007ff8109f0000 - 0x00007ff810aec000 	C:\Windows\System32\ucrtbase.dll
0x00007ffffb5e0000 - 0x00007ffffb859000 	C:\Windows\WinSxS\amd64_microsoft.windows.common-controls_6595b64144ccf1df_6.0.17758.1_none_f04561a4ff3c0a8f\COMCTL32.dll
0x00007ff812da0000 - 0x00007ff8130ce000 	C:\Windows\System32\combase.dll
0x00007ff8107d0000 - 0x00007ff81084e000 	C:\Windows\System32\bcryptPrimitives.dll
0x00007ff8140a0000 - 0x00007ff8140ce000 	C:\Windows\System32\IMM32.DLL
0x000000006ef00000 - 0x000000006efd2000 	C:\Program Files\Android\Android Studio\jre\jre\bin\msvcr100.dll
0x000000006efe0000 - 0x000000006f826000 	C:\Program Files\Android\Android Studio\jre\jre\bin\server\jvm.dll
0x00007ff813360000 - 0x00007ff813368000 	C:\Windows\System32\PSAPI.DLL
0x00007ff808910000 - 0x00007ff80891a000 	C:\Windows\SYSTEM32\VERSION.dll
0x00007ff80d880000 - 0x00007ff80d8a4000 	C:\Windows\SYSTEM32\WINMM.dll
0x00007ffffe8e0000 - 0x00007ffffe8e9000 	C:\Windows\SYSTEM32\WSOCK32.dll
0x00007ff811760000 - 0x00007ff8117cd000 	C:\Windows\System32\WS2_32.dll
0x00007ff80d850000 - 0x00007ff80d87d000 	C:\Windows\SYSTEM32\winmmbase.dll
0x00007ff810af0000 - 0x00007ff810b3a000 	C:\Windows\System32\cfgmgr32.dll
0x00007ff80d920000 - 0x00007ff80d92f000 	C:\Program Files\Android\Android Studio\jre\jre\bin\verify.dll
0x00007ff80c2b0000 - 0x00007ff80c2d9000 	C:\Program Files\Android\Android Studio\jre\jre\bin\java.dll
0x00007ff80c260000 - 0x00007ff80c276000 	C:\Program Files\Android\Android Studio\jre\jre\bin\zip.dll
0x00007ff8117d0000 - 0x00007ff812cbf000 	C:\Windows\System32\SHELL32.dll
0x00007ff811460000 - 0x00007ff811508000 	C:\Windows\System32\shcore.dll
0x00007ff810b40000 - 0x00007ff811288000 	C:\Windows\System32\windows.storage.dll
0x00007ff8101a0000 - 0x00007ff8101c4000 	C:\Windows\System32\profapi.dll
0x00007ff810140000 - 0x00007ff81019d000 	C:\Windows\System32\powrprof.dll
0x00007ff814040000 - 0x00007ff814092000 	C:\Windows\System32\shlwapi.dll
0x00007ff810100000 - 0x00007ff810111000 	C:\Windows\System32\kernel.appcore.dll
0x00007ff8102d0000 - 0x00007ff8102e7000 	C:\Windows\System32\cryptsp.dll
0x00007ff8099b0000 - 0x00007ff8099ca000 	C:\Program Files\Android\Android Studio\jre\jre\bin\net.dll
0x00007ff80f990000 - 0x00007ff80f9f7000 	C:\Windows\system32\mswsock.dll
0x00007ff8098c0000 - 0x00007ff8098d1000 	C:\Program Files\Android\Android Studio\jre\jre\bin\nio.dll
0x00007ff8097e0000 - 0x00007ff8097fe000 	C:\Users\ALEXANDER\.gradle\native\25\windows-amd64\native-platform.dll
0x00007ff80c370000 - 0x00007ff80c37d000 	C:\Program Files\Android\Android Studio\jre\jre\bin\management.dll
0x00007ff80f4f0000 - 0x00007ff80f523000 	C:\Windows\system32\rsaenh.dll
0x00007ff8101f0000 - 0x00007ff810216000 	C:\Windows\System32\bcrypt.dll
0x00007ff810030000 - 0x00007ff810058000 	C:\Windows\SYSTEM32\USERENV.dll
0x00007ff80fb60000 - 0x00007ff80fb6c000 	C:\Windows\SYSTEM32\CRYPTBASE.dll
0x00007ff80f690000 - 0x00007ff80f6cd000 	C:\Windows\SYSTEM32\IPHLPAPI.DLL
0x00007ff8130d0000 - 0x00007ff8130d8000 	C:\Windows\System32\NSI.dll
0x00007ff806dc0000 - 0x00007ff806dd6000 	C:\Windows\SYSTEM32\dhcpcsvc6.DLL
0x00007ff806da0000 - 0x00007ff806dbc000 	C:\Windows\SYSTEM32\dhcpcsvc.DLL
0x00007ff80f6d0000 - 0x00007ff80f796000 	C:\Windows\SYSTEM32\DNSAPI.dll

VM Arguments:
jvm_args: -Xmx1536m -Dfile.encoding=windows-1252 -Duser.country=US -Duser.language=en -Duser.variant 
java_command: org.gradle.launcher.daemon.bootstrap.GradleDaemon 4.10
java_class_path (initial): F:\Personae\Projects\Asandic Android Proj\gradle-4.10\lib\gradle-launcher-4.10.jar
Launcher Type: SUN_STANDARD

Environment Variables:
JAVA_HOME=C:\Program Files\Java\jdk1.8.0_77
PATH=C:\ProgramData\Oracle\Java\javapath;C:\Windows\system32;C:\Windows;C:\Windows\System32\Wbem;C:\Windows\System32\WindowsPowerShell\v1.0\;C:\Windows\System32\OpenSSH\;E:\AOMEI Backupper;C:\Program Files\Microsoft SQL Server\Client SDK\ODBC\130\Tools\Binn\;C:\Program Files (x86)\Microsoft SQL Server\130\Tools\Binn\;C:\Program Files\Microsoft SQL Server\130\Tools\Binn\;C:\Program Files\Microsoft SQL Server\130\DTS\Binn\;C:\Program Files (x86)\Microsoft SQL Server\Client SDK\ODBC\130\Tools\Binn\;C:\Program Files (x86)\Microsoft SQL Server\140\Tools\Binn\;C:\Program Files (x86)\Microsoft SQL Server\140\DTS\Binn\;C:\Program Files (x86)\Microsoft SQL Server\140\Tools\Binn\ManagementStudio\;C:\Program Files (x86)\Brackets\command;C:\Windows\system32\config\systemprofile\.dnx\bin;C:\Program Files\Microsoft DNX\Dnvm\;C:\Program Files\Git\cmd;C:\Program Files (x86)\ATI Technologies\ATI.ACE\Core-Static;C:\Program Files\Java\jdk1.8.0_77\bin;C:\Program Files (x86)\sbt\bin;C:\Program Files\nodejs\;C:\Users\ALEXANDER\AppData\Local\Microsoft\WindowsApps;C:\Users\ALEXANDER\AppData\Local\atom\bin;C:\Users\ALEXANDER\AppData\Local\Programs\Microsoft VS Code\bin;C:\Users\ALEXANDER\AppData\Roaming\npm
USERNAME=ALEXANDER
OS=Windows_NT
PROCESSOR_IDENTIFIER=Intel64 Family 6 Model 58 Stepping 9, GenuineIntel



---------------  S Y S T E M  ---------------

OS: Windows 10.0 , 64 bit Build 17758 (10.0.17758.1)

CPU:total 4 (initial active 4) (2 cores per cpu, 2 threads per core) family 6 model 58 stepping 9, cmov, cx8, fxsr, mmx, sse, sse2, sse3, ssse3, sse4.1, sse4.2, popcnt, avx, aes, clmul, erms, ht, tsc, tscinvbit, tscinv

Memory: 4k page, physical 6191420k(636008k free), swap 6191420k(5724k free)

vm_info: OpenJDK 64-Bit Server VM (25.202-b03) for windows-amd64 JRE (1.8.0_202-release-1483-b03), built by "builder" with MS VC++ 10.0 (VS2010)

time: Fri Nov 01 12:10:53 2019
timezone: GMT Standard Time
elapsed time: 12 seconds (0d 0h 0m 12s)

