#
# There is insufficient memory for the Java Runtime Environment to continue.
# Native memory allocation (malloc) failed to allocate 2157456 bytes for Chunk::new
# Possible reasons:
#   The system is out of physical RAM or swap space
#   In 32 bit mode, the process size limit was hit
# Possible solutions:
#   Reduce memory load on the system
#   Increase physical memory or swap space
#   Check if swap backing store is full
#   Use 64 bit Java on a 64 bit OS
#   Decrease Java heap size (-Xmx/-Xms)
#   Decrease number of Java threads
#   Decrease Java thread stack sizes (-Xss)
#   Set larger code cache with -XX:ReservedCodeCacheSize=
# This output file may be truncated or incomplete.
#
#  Out of Memory Error (allocation.cpp:390), pid=6484, tid=9104
#
# JRE version: Java(TM) SE Runtime Environment (8.0_77-b03) (build 1.8.0_77-b03)
# Java VM: Java HotSpot(TM) 64-Bit Server VM (25.77-b03 mixed mode windows-amd64 compressed oops)
# Failed to write core dump. Minidumps are not enabled by default on client versions of Windows
#

---------------  T H R E A D  ---------------

Current thread (0x0000000016022800):  JavaThread "C2 CompilerThread1" daemon [_thread_in_native, id=9104, stack(0x0000000017790000,0x0000000017890000)]

Stack: [0x0000000017790000,0x0000000017890000]
[error occurred during error reporting (printing stack bounds), id 0xc0000005]

Native frames: (J=compiled Java code, j=interpreted, Vv=VM code, C=native code)


Current CompileTask:
C2:  34224 4299       4       com.sun.beans.TypeResolver::resolve (37 bytes)


---------------  P R O C E S S  ---------------

Java Threads: ( => current thread )
  0x000000001d4b2000 JavaThread "Cache worker for Build Output Cleanup Cache (C:\Users\ALEXANDER\AndroidStudioProjects\Asandic\.gradle\buildOutputCleanup)" [_thread_blocked, id=4656, stack(0x00000000210f0000,0x00000000211f0000)]
  0x000000001d4b5000 JavaThread "Build operations Thread 4" [_thread_blocked, id=1028, stack(0x00000000209f0000,0x0000000020af0000)]
  0x000000001d4b1800 JavaThread "Build operations Thread 3" [_thread_blocked, id=7580, stack(0x00000000208f0000,0x00000000209f0000)]
  0x000000001d4b0800 JavaThread "Build operations Thread 2" [_thread_blocked, id=8904, stack(0x00000000207f0000,0x00000000208f0000)]
  0x000000001d4b0000 JavaThread "Build operations" [_thread_blocked, id=8260, stack(0x00000000206f0000,0x00000000207f0000)]
  0x000000001907c800 JavaThread "Cache worker for execution history cache (C:\Users\ALEXANDER\.gradle\caches\5.5\executionHistory)" [_thread_blocked, id=4856, stack(0x000000001fdf0000,0x000000001fef0000)]
  0x000000001907f000 JavaThread "Cache worker for cache directory md-rule (C:\Users\ALEXANDER\.gradle\caches\5.5\md-rule)" [_thread_blocked, id=5584, stack(0x000000001fcf0000,0x000000001fdf0000)]
  0x0000000019082000 JavaThread "Cache worker for cache directory md-supplier (C:\Users\ALEXANDER\.gradle\caches\5.5\md-supplier)" [_thread_blocked, id=6256, stack(0x000000001e330000,0x000000001e430000)]
  0x000000001907e000 JavaThread "Cache worker for file hash cache (C:\Users\ALEXANDER\AndroidStudioProjects\Asandic\.gradle\5.5\fileHashes)" [_thread_blocked, id=8312, stack(0x000000001cf80000,0x000000001d080000)]
  0x000000001907d800 JavaThread "Cache worker for journal cache (C:\Users\ALEXANDER\.gradle\caches\journal-1)" [_thread_blocked, id=8884, stack(0x000000001abe0000,0x000000001ace0000)]
  0x000000001907f800 JavaThread "File lock request listener" [_thread_in_native, id=6668, stack(0x000000001aae0000,0x000000001abe0000)]
  0x000000001907c000 JavaThread "Cache worker for file hash cache (C:\Users\ALEXANDER\.gradle\caches\5.5\fileHashes)" [_thread_blocked, id=4852, stack(0x000000001a9e0000,0x000000001aae0000)]
  0x0000000017a58000 JavaThread "Thread-9" [_thread_blocked, id=1804, stack(0x000000001a8e0000,0x000000001a9e0000)]
  0x0000000018f16000 JavaThread "Stdin handler" [_thread_blocked, id=2560, stack(0x000000001a7e0000,0x000000001a8e0000)]
  0x0000000018f15800 JavaThread "Asynchronous log dispatcher for DefaultDaemonConnection: socket connection from /127.0.0.1:53118 to /127.0.0.1:53119" [_thread_blocked, id=9132, stack(0x000000001a6e0000,0x000000001a7e0000)]
  0x0000000018f13000 JavaThread "Daemon worker" [_thread_in_native, id=2640, stack(0x000000001a5e0000,0x000000001a6e0000)]
  0x0000000018f0f000 JavaThread "Cancel handler" [_thread_blocked, id=232, stack(0x000000001a4e0000,0x000000001a5e0000)]
  0x0000000018f8a800 JavaThread "Handler for socket connection from /127.0.0.1:53118 to /127.0.0.1:53119" [_thread_in_native, id=9212, stack(0x000000001a1e0000,0x000000001a2e0000)]
  0x0000000018f8d000 JavaThread "Daemon" [_thread_blocked, id=8808, stack(0x000000001a0e0000,0x000000001a1e0000)]
  0x0000000018fae800 JavaThread "Daemon periodic checks" [_thread_blocked, id=7152, stack(0x0000000019fe0000,0x000000001a0e0000)]
  0x0000000018fad800 JavaThread "Incoming local TCP Connector on port 53118" [_thread_in_native, id=996, stack(0x0000000019da0000,0x0000000019ea0000)]
  0x0000000017d87000 JavaThread "Daemon health stats" [_thread_blocked, id=7436, stack(0x0000000019760000,0x0000000019860000)]
  0x00000000179c8800 JavaThread "Service Thread" daemon [_thread_blocked, id=1128, stack(0x0000000017d90000,0x0000000017e90000)]
  0x000000001602b000 JavaThread "C1 CompilerThread2" daemon [_thread_blocked, id=8956, stack(0x0000000017890000,0x0000000017990000)]
=>0x0000000016022800 JavaThread "C2 CompilerThread1" daemon [_thread_in_native, id=9104, stack(0x0000000017790000,0x0000000017890000)]
  0x0000000016020000 JavaThread "C2 CompilerThread0" daemon [_thread_in_native, id=9200, stack(0x0000000017690000,0x0000000017790000)]
  0x000000001601e000 JavaThread "Attach Listener" daemon [_thread_blocked, id=8520, stack(0x0000000017590000,0x0000000017690000)]
  0x000000001601b000 JavaThread "Signal Dispatcher" daemon [_thread_blocked, id=6148, stack(0x0000000017490000,0x0000000017590000)]
  0x000000001600a800 JavaThread "Finalizer" daemon [_thread_blocked, id=2336, stack(0x0000000017290000,0x0000000017390000)]
  0x0000000015fe9000 JavaThread "Reference Handler" daemon [_thread_blocked, id=3228, stack(0x0000000017190000,0x0000000017290000)]
  0x000000000240e000 JavaThread "main" [_thread_blocked, id=236, stack(0x00000000024b0000,0x00000000025b0000)]

Other Threads:
  0x0000000015fe7800 VMThread [stack: 0x0000000017090000,0x0000000017190000] [id=7340]
  0x00000000179cb000 WatcherThread [stack: 0x0000000017e90000,0x0000000017f90000] [id=6660]

VM state:not at safepoint (normal execution)

VM Mutex/Monitor currently owned by a thread: None

Heap:
 PSYoungGen      total 96768K, used 32981K [0x00000000e0000000, 0x00000000e6c00000, 0x0000000100000000)
  eden space 87040K, 27% used [0x00000000e0000000,0x00000000e17582e8,0x00000000e5500000)
  from space 9728K, 93% used [0x00000000e5f80000,0x00000000e685d498,0x00000000e6900000)
  to   space 10752K, 0% used [0x00000000e5500000,0x00000000e5500000,0x00000000e5f80000)
 ParOldGen       total 66560K, used 20417K [0x00000000a0000000, 0x00000000a4100000, 0x00000000e0000000)
  object space 66560K, 30% used [0x00000000a0000000,0x00000000a13f0530,0x00000000a4100000)
 Metaspace       used 46938K, capacity 48474K, committed 48640K, reserved 1091584K
  class space    used 6494K, capacity 6891K, committed 6912K, reserved 1048576K

Card table byte_map: [0x0000000011a70000,0x0000000011d80000] byte_map_base: 0x0000000011570000

Marking Bits: (ParMarkBitMap*) 0x000000006db40600
 Begin Bits: [0x0000000012380000, 0x0000000013b80000)
 End Bits:   [0x0000000013b80000, 0x0000000015380000)

Polling page: 0x0000000000ad0000

CodeCache: size=245760Kb used=14539Kb max_used=14539Kb free=231220Kb
 bounds [0x00000000026b0000, 0x00000000034f0000, 0x00000000116b0000]
 total_blobs=4908 nmethods=4135 adapters=684
 compilation: enabled

Compilation events (10 events):
Event: 34.058 Thread 0x000000001602b000 nmethod 4366 0x00000000034dbb90 code [0x00000000034dbd40, 0x00000000034dc428]
Event: 34.095 Thread 0x000000001602b000 4368       3       sun.invoke.util.VerifyAccess::isTypeVisible (49 bytes)
Event: 34.096 Thread 0x000000001602b000 nmethod 4368 0x00000000034dc6d0 code [0x00000000034dc860, 0x00000000034dcda8]
Event: 34.097 Thread 0x000000001602b000 4369       3       com.google.common.collect.ImmutableList::builder (8 bytes)
Event: 34.098 Thread 0x000000001602b000 nmethod 4369 0x00000000034dcfd0 code [0x00000000034dd160, 0x00000000034dd5c8]
Event: 34.121 Thread 0x000000001602b000 4370       3       jdk.internal.org.objectweb.asm.MethodVisitor::visitVarInsn (17 bytes)
Event: 34.122 Thread 0x000000001602b000 nmethod 4370 0x00000000034dd810 code [0x00000000034dd980, 0x00000000034ddbe8]
Event: 34.123 Thread 0x000000001602b000 4371 %     3       org.gradle.internal.instantiation.AbstractClassGenerator::inspectType @ 480 (559 bytes)
Event: 34.127 Thread 0x000000001602b000 nmethod 4371% 0x00000000034ddcd0 code [0x00000000034de340, 0x00000000034e2248]
Event: 34.127 Thread 0x000000001602b000 4372       3       org.objectweb.asm.ClassWriter::toByteArray (1360 bytes)

GC Heap History (10 events):
Event: 25.865 GC heap before
{Heap before GC invocations=14 (full 1):
 PSYoungGen      total 56832K, used 52210K [0x00000000e0000000, 0x00000000e4000000, 0x0000000100000000)
  eden space 49152K, 100% used [0x00000000e0000000,0x00000000e3000000,0x00000000e3000000)
  from space 7680K, 39% used [0x00000000e3880000,0x00000000e3b7ca48,0x00000000e4000000)
  to   space 8192K, 0% used [0x00000000e3000000,0x00000000e3000000,0x00000000e3800000)
 ParOldGen       total 40448K, used 10735K [0x00000000a0000000, 0x00000000a2780000, 0x00000000e0000000)
  object space 40448K, 26% used [0x00000000a0000000,0x00000000a0a7bda8,0x00000000a2780000)
 Metaspace       used 33721K, capacity 34616K, committed 34816K, reserved 1079296K
  class space    used 4765K, capacity 4993K, committed 5120K, reserved 1048576K
Event: 25.882 GC heap after
Heap after GC invocations=14 (full 1):
 PSYoungGen      total 57344K, used 4843K [0x00000000e0000000, 0x00000000e5580000, 0x0000000100000000)
  eden space 49152K, 0% used [0x00000000e0000000,0x00000000e0000000,0x00000000e3000000)
  from space 8192K, 59% used [0x00000000e3000000,0x00000000e34baf38,0x00000000e3800000)
  to   space 8192K, 0% used [0x00000000e4d80000,0x00000000e4d80000,0x00000000e5580000)
 ParOldGen       total 40448K, used 12251K [0x00000000a0000000, 0x00000000a2780000, 0x00000000e0000000)
  object space 40448K, 30% used [0x00000000a0000000,0x00000000a0bf6e08,0x00000000a2780000)
 Metaspace       used 33721K, capacity 34616K, committed 34816K, reserved 1079296K
  class space    used 4765K, capacity 4993K, committed 5120K, reserved 1048576K
}
Event: 26.199 GC heap before
{Heap before GC invocations=15 (full 1):
 PSYoungGen      total 57344K, used 20209K [0x00000000e0000000, 0x00000000e5580000, 0x0000000100000000)
  eden space 49152K, 31% used [0x00000000e0000000,0x00000000e0f016e0,0x00000000e3000000)
  from space 8192K, 59% used [0x00000000e3000000,0x00000000e34baf38,0x00000000e3800000)
  to   space 8192K, 0% used [0x00000000e4d80000,0x00000000e4d80000,0x00000000e5580000)
 ParOldGen       total 40448K, used 12251K [0x00000000a0000000, 0x00000000a2780000, 0x00000000e0000000)
  object space 40448K, 30% used [0x00000000a0000000,0x00000000a0bf6e08,0x00000000a2780000)
 Metaspace       used 34545K, capacity 35472K, committed 35496K, reserved 1079296K
  class space    used 4879K, capacity 5100K, committed 5120K, reserved 1048576K
Event: 26.205 GC heap after
Heap after GC invocations=15 (full 1):
 PSYoungGen      total 79360K, used 1284K [0x00000000e0000000, 0x00000000e5700000, 0x0000000100000000)
  eden space 71168K, 0% used [0x00000000e0000000,0x00000000e0000000,0x00000000e4580000)
  from space 8192K, 15% used [0x00000000e4d80000,0x00000000e4ec1310,0x00000000e5580000)
  to   space 8192K, 0% used [0x00000000e4580000,0x00000000e4580000,0x00000000e4d80000)
 ParOldGen       total 40448K, used 14815K [0x00000000a0000000, 0x00000000a2780000, 0x00000000e0000000)
  object space 40448K, 36% used [0x00000000a0000000,0x00000000a0e77e18,0x00000000a2780000)
 Metaspace       used 34545K, capacity 35472K, committed 35496K, reserved 1079296K
  class space    used 4879K, capacity 5100K, committed 5120K, reserved 1048576K
}
Event: 26.205 GC heap before
{Heap before GC invocations=16 (full 2):
 PSYoungGen      total 79360K, used 1284K [0x00000000e0000000, 0x00000000e5700000, 0x0000000100000000)
  eden space 71168K, 0% used [0x00000000e0000000,0x00000000e0000000,0x00000000e4580000)
  from space 8192K, 15% used [0x00000000e4d80000,0x00000000e4ec1310,0x00000000e5580000)
  to   space 8192K, 0% used [0x00000000e4580000,0x00000000e4580000,0x00000000e4d80000)
 ParOldGen       total 40448K, used 14815K [0x00000000a0000000, 0x00000000a2780000, 0x00000000e0000000)
  object space 40448K, 36% used [0x00000000a0000000,0x00000000a0e77e18,0x00000000a2780000)
 Metaspace       used 34545K, capacity 35472K, committed 35496K, reserved 1079296K
  class space    used 4879K, capacity 5100K, committed 5120K, reserved 1048576K
Event: 26.386 GC heap after
Heap after GC invocations=16 (full 2):
 PSYoungGen      total 79360K, used 0K [0x00000000e0000000, 0x00000000e5700000, 0x0000000100000000)
  eden space 71168K, 0% used [0x00000000e0000000,0x00000000e0000000,0x00000000e4580000)
  from space 8192K, 0% used [0x00000000e4d80000,0x00000000e4d80000,0x00000000e5580000)
  to   space 8192K, 0% used [0x00000000e4580000,0x00000000e4580000,0x00000000e4d80000)
 ParOldGen       total 66560K, used 15384K [0x00000000a0000000, 0x00000000a4100000, 0x00000000e0000000)
  object space 66560K, 23% used [0x00000000a0000000,0x00000000a0f062d0,0x00000000a4100000)
 Metaspace       used 34545K, capacity 35472K, committed 35496K, reserved 1079296K
  class space    used 4879K, capacity 5100K, committed 5120K, reserved 1048576K
}
Event: 31.068 GC heap before
{Heap before GC invocations=17 (full 2):
 PSYoungGen      total 79360K, used 71168K [0x00000000e0000000, 0x00000000e5700000, 0x0000000100000000)
  eden space 71168K, 100% used [0x00000000e0000000,0x00000000e4580000,0x00000000e4580000)
  from space 8192K, 0% used [0x00000000e4d80000,0x00000000e4d80000,0x00000000e5580000)
  to   space 8192K, 0% used [0x00000000e4580000,0x00000000e4580000,0x00000000e4d80000)
 ParOldGen       total 66560K, used 15384K [0x00000000a0000000, 0x00000000a4100000, 0x00000000e0000000)
  object space 66560K, 23% used [0x00000000a0000000,0x00000000a0f062d0,0x00000000a4100000)
 Metaspace       used 41752K, capacity 43092K, committed 43264K, reserved 1087488K
  class space    used 5787K, capacity 6085K, committed 6144K, reserved 1048576K
Event: 31.080 GC heap after
Heap after GC invocations=17 (full 2):
 PSYoungGen      total 79360K, used 8178K [0x00000000e0000000, 0x00000000e6900000, 0x0000000100000000)
  eden space 71168K, 0% used [0x00000000e0000000,0x00000000e0000000,0x00000000e4580000)
  from space 8192K, 99% used [0x00000000e4580000,0x00000000e4d7ca48,0x00000000e4d80000)
  to   space 9728K, 0% used [0x00000000e5f80000,0x00000000e5f80000,0x00000000e6900000)
 ParOldGen       total 66560K, used 16452K [0x00000000a0000000, 0x00000000a4100000, 0x00000000e0000000)
  object space 66560K, 24% used [0x00000000a0000000,0x00000000a10110a0,0x00000000a4100000)
 Metaspace       used 41752K, capacity 43092K, committed 43264K, reserved 1087488K
  class space    used 5787K, capacity 6085K, committed 6144K, reserved 1048576K
}
Event: 33.578 GC heap before
{Heap before GC invocations=18 (full 2):
 PSYoungGen      total 79360K, used 79346K [0x00000000e0000000, 0x00000000e6900000, 0x0000000100000000)
  eden space 71168K, 100% used [0x00000000e0000000,0x00000000e4580000,0x00000000e4580000)
  from space 8192K, 99% used [0x00000000e4580000,0x00000000e4d7ca48,0x00000000e4d80000)
  to   space 9728K, 0% used [0x00000000e5f80000,0x00000000e5f80000,0x00000000e6900000)
 ParOldGen       total 66560K, used 16452K [0x00000000a0000000, 0x00000000a4100000, 0x00000000e0000000)
  object space 66560K, 24% used [0x00000000a0000000,0x00000000a10110a0,0x00000000a4100000)
 Metaspace       used 46420K, capacity 47996K, committed 48256K, reserved 1091584K
  class space    used 6412K, capacity 6780K, committed 6784K, reserved 1048576K
Event: 33.609 GC heap after
Heap after GC invocations=18 (full 2):
 PSYoungGen      total 96768K, used 9077K [0x00000000e0000000, 0x00000000e6c00000, 0x0000000100000000)
  eden space 87040K, 0% used [0x00000000e0000000,0x00000000e0000000,0x00000000e5500000)
  from space 9728K, 93% used [0x00000000e5f80000,0x00000000e685d498,0x00000000e6900000)
  to   space 10752K, 0% used [0x00000000e5500000,0x00000000e5500000,0x00000000e5f80000)
 ParOldGen       total 66560K, used 20417K [0x00000000a0000000, 0x00000000a4100000, 0x00000000e0000000)
  object space 66560K, 30% used [0x00000000a0000000,0x00000000a13f0530,0x00000000a4100000)
 Metaspace       used 46420K, capacity 47996K, committed 48256K, reserved 1091584K
  class space    used 6412K, capacity 6780K, committed 6784K, reserved 1048576K
}

Deoptimization events (10 events):
Event: 32.681 Thread 0x0000000018f13000 Uncommon trap: reason=unstable_if action=reinterpret pc=0x000000000332ce6c method=java.util.concurrent.ConcurrentHashMap.addCount(JI)V @ 110
Event: 32.681 Thread 0x0000000018f13000 Uncommon trap: reason=unstable_if action=reinterpret pc=0x000000000331d96c method=java.util.concurrent.ConcurrentHashMap.addCount(JI)V @ 110
Event: 33.318 Thread 0x0000000018f13000 Uncommon trap: reason=unstable_if action=reinterpret pc=0x0000000002bb5098 method=org.gradle.internal.reflect.PropertyAccessorType.of(Ljava/lang/reflect/Method;)Lorg/gradle/internal/reflect/PropertyAccessorType; @ 56
Event: 33.340 Thread 0x0000000018f13000 Uncommon trap: reason=unstable_if action=reinterpret pc=0x00000000032b342c method=groovy.lang.MetaClassImpl.filterPropertyMethod(Ljava/lang/Object;ZZ)Ljava/lang/Object; @ 72
Event: 33.763 Thread 0x0000000018f13000 Uncommon trap: reason=unstable_if action=reinterpret pc=0x000000000326e83c method=groovy.lang.MetaClassImpl.checkIfStdMethod(Lgroovy/lang/MetaMethod;)V @ 55
Event: 33.763 Thread 0x0000000018f13000 Uncommon trap: reason=unstable_if action=reinterpret pc=0x0000000003263350 method=groovy.lang.MetaClassImpl.checkIfStdMethod(Lgroovy/lang/MetaMethod;)V @ 55
Event: 33.849 Thread 0x0000000018f13000 Uncommon trap: reason=unstable_if action=reinterpret pc=0x00000000032d3c50 method=org.codehaus.groovy.runtime.metaclass.MetaMethodIndex.isNonRealMethod(Lgroovy/lang/MetaMethod;)Z @ 4
Event: 33.850 Thread 0x0000000018f13000 Uncommon trap: reason=unstable_if action=reinterpret pc=0x0000000003118544 method=org.codehaus.groovy.runtime.metaclass.MetaMethodIndex.isNonRealMethod(Lgroovy/lang/MetaMethod;)Z @ 4
Event: 33.850 Thread 0x0000000018f13000 Uncommon trap: reason=unstable_if action=reinterpret pc=0x0000000002f997d8 method=groovy.lang.MetaClassImpl$1MOPIter.methodNameAction(Ljava/lang/Class;Lorg/codehaus/groovy/runtime/metaclass/MetaMethodIndex$Entry;)V @ 182
Event: 33.881 Thread 0x0000000018f13000 Uncommon trap: reason=unstable_if action=reinterpret pc=0x00000000033cbbc8 method=java.lang.ClassLoader.checkCerts(Ljava/lang/String;Ljava/security/CodeSource;)V @ 29

Internal exceptions (10 events):
Event: 33.876 Thread 0x0000000018f13000 Exception <a 'java/lang/ClassNotFoundException': java/util/AbstractListBeanInfo> (0x00000000e0db6528) thrown at [D:\re\workspace\8-2-build-windows-amd64-cygwin\jdk8u77\6540\hotspot\src\share\vm\classfile\systemDictionary.cpp, line 210]
Event: 33.878 Thread 0x0000000018f13000 Exception <a 'java/lang/ClassNotFoundException': java/util/AbstractListCustomizer> (0x00000000e0dc0e60) thrown at [D:\re\workspace\8-2-build-windows-amd64-cygwin\jdk8u77\6540\hotspot\src\share\vm\classfile\systemDictionary.cpp, line 210]
Event: 33.879 Thread 0x0000000018f13000 Exception <a 'java/lang/ClassNotFoundException': java/util/ArrayListCustomizer> (0x00000000e0dd8298) thrown at [D:\re\workspace\8-2-build-windows-amd64-cygwin\jdk8u77\6540\hotspot\src\share\vm\classfile\systemDictionary.cpp, line 210]
Event: 33.881 Thread 0x0000000018f13000 Implicit null exception at 0x00000000033cafaf to 0x00000000033cbbb1
Event: 33.888 Thread 0x0000000018f13000 Exception <a 'java/lang/ClassNotFoundException': org/gradle/api/internal/plugins/DefaultPluginContainerBeanInfo> (0x00000000e0f712e0) thrown at [D:\re\workspace\8-2-build-windows-amd64-cygwin\jdk8u77\6540\hotspot\src\share\vm\classfile\systemDictionary.cpptø˘√Ò@@
Event: 33.889 Thread 0x0000000018f13000 Exception <a 'java/lang/ClassNotFoundException': org/gradle/api/internal/plugins/DefaultPluginCollectionBeanInfo> (0x00000000e0fab268) thrown at [D:\re\workspace\8-2-build-windows-amd64-cygwin\jdk8u77\6540\hotspot\src\share\vm\classfile\systemDictionary.cp8£Ê´‰Ò@@
Event: 33.890 Thread 0x0000000018f13000 Exception <a 'java/lang/ClassNotFoundException': org/gradle/api/internal/DefaultDomainObjectSetBeanInfo> (0x00000000e0fdf8e0) thrown at [D:\re\workspace\8-2-build-windows-amd64-cygwin\jdk8u77\6540\hotspot\src\share\vm\classfile\systemDictionary.cpp, line 2Å§ô8Ú@@
Event: 33.891 Thread 0x0000000018f13000 Exception <a 'java/lang/ClassNotFoundException': org/gradle/api/internal/DefaultDomainObjectSetCustomizer> (0x00000000e1015a48) thrown at [D:\re\workspace\8-2-build-windows-amd64-cygwin\jdk8u77\6540\hotspot\src\share\vm\classfile\systemDictionary.cpp, line@–8Ú@@
Event: 33.892 Thread 0x0000000018f13000 Exception <a 'java/lang/ClassNotFoundException': org/gradle/api/internal/plugins/DefaultPluginCollectionCustomizer> (0x00000000e1061638) thrown at [D:\re\workspace\8-2-build-windows-amd64-cygwin\jdk8u77\6540\hotspot\src\share\vm\classfile\systemDictionary.+¯màÚ@@
Event: 33.895 Thread 0x0000000018f13000 Exception <a 'java/lang/ClassNotFoundException': org/gradle/api/internal/plugins/DefaultPluginContainerCustomizer> (0x00000000e10cc7e8) thrown at [D:\re\workspace\8-2-build-windows-amd64-cygwin\jdk8u77\6540\hotspot\src\share\vm\classfile\systemDictionary.c/ŒW$@@

Events (10 events):
Event: 34.126 loading class org/gradle/internal/reflect/AnnotationCategory
Event: 34.126 loading class org/gradle/internal/reflect/AnnotationCategory done
Event: 34.126 loading class org/gradle/internal/reflect/annotations/impl/DefaultTypeAnnotationMetadataStore$PropertyAnnotationMetadataBuilder
Event: 34.126 loading class org/gradle/internal/reflect/annotations/impl/DefaultTypeAnnotationMetadataStore$PropertyAnnotationMetadataBuilder done
Event: 34.127 loading class com/google/common/collect/CompactHashSet
Event: 34.127 loading class com/google/common/collect/CompactHashSet done
Event: 34.129 loading class org/gradle/api/artifacts/transform/TransformOutputs
Event: 34.129 loading class org/gradle/api/artifacts/transform/TransformOutputs done
Event: 34.129 loading class org/gradle/api/tasks/Classpath
Event: 34.129 loading class org/gradle/api/tasks/Classpath done


Dynamic libraries:
0x00007ff654870000 - 0x00007ff6548a7000 	C:\Program Files\Java\jdk1.8.0_77\bin\java.exe
0x00007ff91bd60000 - 0x00007ff91bf4d000 	C:\Windows\SYSTEM32\ntdll.dll
0x00007ff919b90000 - 0x00007ff919c43000 	C:\Windows\System32\KERNEL32.DLL
0x00007ff917e50000 - 0x00007ff9180e3000 	C:\Windows\System32\KERNELBASE.dll
0x00007ff91a150000 - 0x00007ff91a1f3000 	C:\Windows\System32\ADVAPI32.dll
0x00007ff919fc0000 - 0x00007ff91a05e000 	C:\Windows\System32\msvcrt.dll
0x00007ff918f90000 - 0x00007ff91902e000 	C:\Windows\System32\sechost.dll
0x00007ff919e90000 - 0x00007ff919fb3000 	C:\Windows\System32\RPCRT4.dll
0x00007ff91a530000 - 0x00007ff91a6c7000 	C:\Windows\System32\USER32.dll
0x00007ff918670000 - 0x00007ff918690000 	C:\Windows\System32\win32u.dll
0x00007ff919c50000 - 0x00007ff919c79000 	C:\Windows\System32\GDI32.dll
0x00007ff9184d0000 - 0x00007ff91866a000 	C:\Windows\System32\gdi32full.dll
0x00007ff918350000 - 0x00007ff9183f0000 	C:\Windows\System32\msvcp_win.dll
0x00007ff918690000 - 0x00007ff91878c000 	C:\Windows\System32\ucrtbase.dll
0x00007ff903470000 - 0x00007ff9036e9000 	C:\Windows\WinSxS\amd64_microsoft.windows.common-controls_6595b64144ccf1df_6.0.17758.1_none_f04561a4ff3c0a8f\COMCTL32.dll
0x00007ff919860000 - 0x00007ff919b8e000 	C:\Windows\System32\combase.dll
0x00007ff9183f0000 - 0x00007ff91846e000 	C:\Windows\System32\bcryptPrimitives.dll
0x00007ff91a4a0000 - 0x00007ff91a4ce000 	C:\Windows\System32\IMM32.DLL
0x000000006dbc0000 - 0x000000006dc92000 	C:\Program Files\Java\jdk1.8.0_77\jre\bin\msvcr100.dll
0x000000006d330000 - 0x000000006dbc0000 	C:\Program Files\Java\jdk1.8.0_77\jre\bin\server\jvm.dll
0x00007ff919e80000 - 0x00007ff919e88000 	C:\Windows\System32\PSAPI.DLL
0x00007ff90adf0000 - 0x00007ff90adf9000 	C:\Windows\SYSTEM32\WSOCK32.dll
0x00007ff915b10000 - 0x00007ff915b34000 	C:\Windows\SYSTEM32\WINMM.dll
0x00007ff919d90000 - 0x00007ff919dfd000 	C:\Windows\System32\WS2_32.dll
0x00007ff90eb80000 - 0x00007ff90eb8a000 	C:\Windows\SYSTEM32\VERSION.dll
0x00007ff915ae0000 - 0x00007ff915b0d000 	C:\Windows\SYSTEM32\WINMMBASE.dll
0x00007ff9180f0000 - 0x00007ff91813a000 	C:\Windows\System32\cfgmgr32.dll
0x000000006d320000 - 0x000000006d32f000 	C:\Program Files\Java\jdk1.8.0_77\jre\bin\verify.dll
0x000000006d2f0000 - 0x000000006d319000 	C:\Program Files\Java\jdk1.8.0_77\jre\bin\java.dll
0x000000006d2d0000 - 0x000000006d2e6000 	C:\Program Files\Java\jdk1.8.0_77\jre\bin\zip.dll
0x00007ff91a840000 - 0x00007ff91bd2f000 	C:\Windows\System32\SHELL32.dll
0x00007ff91a3f0000 - 0x00007ff91a498000 	C:\Windows\System32\shcore.dll
0x00007ff918790000 - 0x00007ff918ed8000 	C:\Windows\System32\windows.storage.dll
0x00007ff917d60000 - 0x00007ff917d84000 	C:\Windows\System32\profapi.dll
0x00007ff917db0000 - 0x00007ff917e0d000 	C:\Windows\System32\powrprof.dll
0x00007ff919e00000 - 0x00007ff919e52000 	C:\Windows\System32\shlwapi.dll
0x00007ff917e10000 - 0x00007ff917e21000 	C:\Windows\System32\kernel.appcore.dll
0x00007ff917e30000 - 0x00007ff917e47000 	C:\Windows\System32\cryptsp.dll
0x000000006d2b0000 - 0x000000006d2ca000 	C:\Program Files\Java\jdk1.8.0_77\jre\bin\net.dll
0x00007ff9175f0000 - 0x00007ff917657000 	C:\Windows\system32\mswsock.dll
0x000000006d290000 - 0x000000006d2a1000 	C:\Program Files\Java\jdk1.8.0_77\jre\bin\nio.dll
0x00007ff8f33b0000 - 0x00007ff8f33d6000 	C:\Users\ALEXANDER\.gradle\native\29\windows-amd64\native-platform.dll
0x000000006d280000 - 0x000000006d28d000 	C:\Program Files\Java\jdk1.8.0_77\jre\bin\management.dll
0x00007ff917150000 - 0x00007ff917183000 	C:\Windows\system32\rsaenh.dll
0x00007ff918140000 - 0x00007ff918166000 	C:\Windows\System32\bcrypt.dll
0x00007ff917c60000 - 0x00007ff917c88000 	C:\Windows\SYSTEM32\USERENV.dll
0x00007ff9177c0000 - 0x00007ff9177cc000 	C:\Windows\SYSTEM32\CRYPTBASE.dll
0x00007ff917350000 - 0x00007ff91738d000 	C:\Windows\SYSTEM32\IPHLPAPI.DLL
0x00007ff91a060000 - 0x00007ff91a068000 	C:\Windows\System32\NSI.dll
0x00007ff910f40000 - 0x00007ff910f56000 	C:\Windows\SYSTEM32\dhcpcsvc6.DLL
0x00007ff910f20000 - 0x00007ff910f3c000 	C:\Windows\SYSTEM32\dhcpcsvc.DLL
0x00007ff917390000 - 0x00007ff917456000 	C:\Windows\SYSTEM32\DNSAPI.dll

VM Arguments:
jvm_args: -Xmx1536m -Dfile.encoding=windows-1252 -Duser.country=US -Duser.language=en -Duser.variant 
java_command: org.gradle.launcher.daemon.bootstrap.GradleDaemon 5.5
java_class_path (initial): F:\Personae\Projects\Asandic Android Proj\gradle-5.5\lib\gradle-launcher-5.5.jar
Launcher Type: SUN_STANDARD

Environment Variables:
JAVA_HOME=C:\Program Files\Java\jdk1.8.0_77
PATH=C:\ProgramData\Oracle\Java\javapath;C:\Windows\system32;C:\Windows;C:\Windows\System32\Wbem;C:\Windows\System32\WindowsPowerShell\v1.0\;C:\Windows\System32\OpenSSH\;E:\AOMEI Backupper;C:\Program Files\Microsoft SQL Server\Client SDK\ODBC\130\Tools\Binn\;C:\Program Files (x86)\Microsoft SQL Server\130\Tools\Binn\;C:\Program Files\Microsoft SQL Server\130\Tools\Binn\;C:\Program Files\Microsoft SQL Server\130\DTS\Binn\;C:\Program Files (x86)\Microsoft SQL Server\Client SDK\ODBC\130\Tools\Binn\;C:\Program Files (x86)\Microsoft SQL Server\140\Tools\Binn\;C:\Program Files (x86)\Microsoft SQL Server\140\DTS\Binn\;C:\Program Files (x86)\Microsoft SQL Server\140\Tools\Binn\ManagementStudio\;C:\Program Files (x86)\Brackets\command;C:\Windows\system32\config\systemprofile\.dnx\bin;C:\Program Files\Microsoft DNX\Dnvm\;C:\Program Files\Git\cmd;C:\Program Files (x86)\ATI Technologies\ATI.ACE\Core-Static;C:\Program Files\Java\jdk1.8.0_77\bin;C:\Program Files (x86)\sbt\bin;C:\Program Files\nodejs\;C:\Users\ALEXANDER\AppData\Local\Microsoft\WindowsApps;C:\Users\ALEXANDER\AppData\Local\atom\bin;C:\Users\ALEXANDER\AppData\Local\Programs\Microsoft VS Code\bin;C:\Users\ALEXANDER\AppData\Roaming\npm
USERNAME=ALEXANDER
OS=Windows_NT
PROCESSOR_IDENTIFIER=Intel64 Family 6 Model 58 Stepping 9, GenuineIntel



---------------  S Y S T E M  ---------------

OS: Windows 10.0 , 64 bit Build 17758 (10.0.17758.1)

CPU:total 4 (2 cores per cpu, 2 threads per core) family 6 model 58 stepping 9, cmov, cx8, fxsr, mmx, sse, sse2, sse3, ssse3, sse4.1, sse4.2, popcnt, avx, aes, clmul, erms, ht, tsc, tscinvbit, tscinv

Memory: 4k page, physical 6191420k(421872k free), swap 6191420k(6312k free)

vm_info: Java HotSpot(TM) 64-Bit Server VM (25.77-b03) for windows-amd64 JRE (1.8.0_77-b03), built on Mar 20 2016 22:01:33 by "java_re" with MS VC++ 10.0 (VS2010)

time: Sun Nov 10 18:09:28 2019
elapsed time: 34 seconds (0d 0h 0m 34s)

