#
# There is insufficient memory for the Java Runtime Environment to continue.
# Native memory allocation (malloc) failed to allocate 2165296 bytes for Chunk::new
# Possible reasons:
#   The system is out of physical RAM or swap space
#   The process is running with CompressedOops enabled, and the Java Heap may be blocking the growth of the native heap
# Possible solutions:
#   Reduce memory load on the system
#   Increase physical memory or swap space
#   Check if swap backing store is full
#   Decrease Java heap size (-Xmx/-Xms)
#   Decrease number of Java threads
#   Decrease Java thread stack sizes (-Xss)
#   Set larger code cache with -XX:ReservedCodeCacheSize=
#   JVM is running with Unscaled Compressed Oops mode in which the Java heap is
#     placed in the first 4GB address space. The Java Heap base address is the
#     maximum limit for the native heap growth. Please use -XX:HeapBaseMinAddress
#     to set the Java Heap base and to place the Java Heap above 4GB virtual address.
# This output file may be truncated or incomplete.
#
#  Out of Memory Error (allocation.cpp:389), pid=5636, tid=0x0000000000002050
#
# JRE version: OpenJDK Runtime Environment (8.0_202-b03) (build 1.8.0_202-release-1483-b03)
# Java VM: OpenJDK 64-Bit Server VM (25.202-b03 mixed mode windows-amd64 compressed oops)
# Failed to write core dump. Minidumps are not enabled by default on client versions of Windows
#

---------------  T H R E A D  ---------------

Current thread (0x0000000016480800):  JavaThread "C2 CompilerThread1" daemon [_thread_in_native, id=8272, stack(0x0000000017bd0000,0x0000000017cd0000)]

Stack: [0x0000000017bd0000,0x0000000017cd0000]
[error occurred during error reporting (printing stack bounds), id 0xc0000005]

Native frames: (J=compiled Java code, j=interpreted, Vv=VM code, C=native code)


Current CompileTask:
C2:   8473 2517   !   4       java.net.URLClassLoader$1::run (63 bytes)


---------------  P R O C E S S  ---------------

Java Threads: ( => current thread )
  0x00000000191ad000 JavaThread "Cache worker for Artifact transforms cache (C:\Users\ALEXANDER\.gradle\caches\transforms-1)" [_thread_blocked, id=5660, stack(0x0000000020000000,0x0000000020100000)]
  0x00000000191ac800 JavaThread "Cache worker for cache directory md-rule (C:\Users\ALEXANDER\.gradle\caches\4.10\md-rule)" [_thread_blocked, id=8224, stack(0x000000001ff00000,0x0000000020000000)]
  0x00000000191ab800 JavaThread "Cache worker for cache directory md-supplier (C:\Users\ALEXANDER\.gradle\caches\4.10\md-supplier)" [_thread_blocked, id=9400, stack(0x000000001d3c0000,0x000000001d4c0000)]
  0x00000000191ae000 JavaThread "Cache worker for journal cache (C:\Users\ALEXANDER\.gradle\caches\journal-1)" [_thread_blocked, id=8520, stack(0x000000001d0c0000,0x000000001d1c0000)]
  0x00000000194bb800 JavaThread "Cache worker for file hash cache (C:\Users\ALEXANDER\AndroidStudioProjects\Asandic\.gradle\4.10\fileHashes)" [_thread_blocked, id=10836, stack(0x000000001bff0000,0x000000001c0f0000)]
  0x0000000019002000 JavaThread "File lock request listener" [_thread_in_native, id=11192, stack(0x000000001bef0000,0x000000001bff0000)]
  0x0000000018e5f000 JavaThread "Cache worker for file hash cache (C:\Users\ALEXANDER\.gradle\caches\4.10\fileHashes)" [_thread_blocked, id=5228, stack(0x000000001bdf0000,0x000000001bef0000)]
  0x000000001914b000 JavaThread "Stdin handler" [_thread_blocked, id=1928, stack(0x000000001baf0000,0x000000001bbf0000)]
  0x00000000194f0800 JavaThread "Asynchronous log dispatcher for DefaultDaemonConnection: socket connection from /127.0.0.1:49182 to /127.0.0.1:49183" [_thread_blocked, id=2100, stack(0x000000001b9f0000,0x000000001baf0000)]
  0x00000000194ef800 JavaThread "Daemon worker" [_thread_in_Java, id=6424, stack(0x000000001b8f0000,0x000000001b9f0000)]
  0x00000000194ee800 JavaThread "Cancel handler" [_thread_blocked, id=5424, stack(0x000000001b7f0000,0x000000001b8f0000)]
  0x0000000018f9e800 JavaThread "Handler for socket connection from /127.0.0.1:49182 to /127.0.0.1:49183" [_thread_in_native, id=3548, stack(0x000000001b4f0000,0x000000001b5f0000)]
  0x0000000018f9e000 JavaThread "Daemon" [_thread_blocked, id=7660, stack(0x000000001b3f0000,0x000000001b4f0000)]
  0x0000000019c70000 JavaThread "Daemon periodic checks" [_thread_blocked, id=7360, stack(0x000000001b2f0000,0x000000001b3f0000)]
  0x0000000019a88800 JavaThread "Incoming local TCP Connector on port 49182" [_thread_in_native, id=8720, stack(0x000000001b0b0000,0x000000001b1b0000)]
  0x00000000164db800 JavaThread "Service Thread" daemon [_thread_blocked, id=10572, stack(0x00000000181d0000,0x00000000182d0000)]
  0x0000000016487800 JavaThread "C1 CompilerThread2" daemon [_thread_blocked, id=10820, stack(0x0000000017cd0000,0x0000000017dd0000)]
=>0x0000000016480800 JavaThread "C2 CompilerThread1" daemon [_thread_in_native, id=8272, stack(0x0000000017bd0000,0x0000000017cd0000)]
  0x000000001647d000 JavaThread "C2 CompilerThread0" daemon [_thread_in_native, id=1088, stack(0x0000000017ad0000,0x0000000017bd0000)]
  0x000000001647a800 JavaThread "Attach Listener" daemon [_thread_blocked, id=6544, stack(0x00000000179d0000,0x0000000017ad0000)]
  0x0000000002a1e800 JavaThread "Signal Dispatcher" daemon [_thread_blocked, id=7540, stack(0x00000000178d0000,0x00000000179d0000)]
  0x0000000002a16800 JavaThread "Finalizer" daemon [_thread_blocked, id=6728, stack(0x00000000176d0000,0x00000000177d0000)]
  0x0000000016469800 JavaThread "Reference Handler" daemon [_thread_blocked, id=6904, stack(0x00000000175d0000,0x00000000176d0000)]
  0x0000000002922800 JavaThread "main" [_thread_blocked, id=1188, stack(0x0000000002780000,0x0000000002880000)]

Other Threads:
  0x0000000016446800 VMThread [stack: 0x00000000174d0000,0x00000000175d0000] [id=10140]
  0x00000000164dc800 WatcherThread [stack: 0x00000000182d0000,0x00000000183d0000] [id=9412]

VM state:not at safepoint (normal execution)

VM Mutex/Monitor currently owned by a thread: None

heap address: 0x00000000a0000000, size: 1536 MB, Compressed Oops mode: 32-bit
Narrow klass base: 0x0000000000000000, Narrow klass shift: 3
Compressed class space size: 1073741824 Address: 0x0000000100000000

Heap:
 PSYoungGen      total 108032K, used 92332K [0x00000000e0000000, 0x00000000e7400000, 0x0000000100000000)
  eden space 98304K, 93% used [0x00000000e0000000,0x00000000e5a2b198,0x00000000e6000000)
  from space 9728K, 0% used [0x00000000e6a80000,0x00000000e6a80000,0x00000000e7400000)
  to   space 10240K, 0% used [0x00000000e6000000,0x00000000e6000000,0x00000000e6a00000)
 ParOldGen       total 45056K, used 7970K [0x00000000a0000000, 0x00000000a2c00000, 0x00000000e0000000)
  object space 45056K, 17% used [0x00000000a0000000,0x00000000a07c8910,0x00000000a2c00000)
 Metaspace       used 29837K, capacity 30306K, committed 30464K, reserved 1075200K
  class space    used 4079K, capacity 4262K, committed 4352K, reserved 1048576K

Card table byte_map: [0x0000000011ed0000,0x00000000121e0000] byte_map_base: 0x00000000119d0000

Marking Bits: (ParMarkBitMap*) 0x000000006f7a9f30
 Begin Bits: [0x00000000127e0000, 0x0000000013fe0000)
 End Bits:   [0x0000000013fe0000, 0x00000000157e0000)

Polling page: 0x0000000002880000

CodeCache: size=245760Kb used=9717Kb max_used=9717Kb free=236042Kb
 bounds [0x0000000002b10000, 0x00000000034a0000, 0x0000000011b10000]
 total_blobs=3174 nmethods=2509 adapters=578
 compilation: enabled

Compilation events (10 events):
Event: 8.421 Thread 0x0000000016487800 2541       3       org.apache.commons.collections.map.AbstractHashedMap::hashIndex (6 bytes)
Event: 8.421 Thread 0x0000000016487800 nmethod 2541 0x0000000003490250 code [0x00000000034903a0, 0x00000000034904f0]
Event: 8.430 Thread 0x0000000016487800 2542       3       org.gradle.cache.internal.btree.FileBackedBlockStore$BlockImpl::getPos (31 bytes)
Event: 8.431 Thread 0x0000000016487800 nmethod 2542 0x0000000003490590 code [0x0000000003490720, 0x0000000003490c78]
Event: 8.431 Thread 0x0000000016487800 2543       3       com.esotericsoftware.kryo.io.Output::require (197 bytes)
Event: 8.432 Thread 0x0000000016487800 nmethod 2543 0x0000000003490e50 code [0x0000000003491100, 0x00000000034920f8]
Event: 8.432 Thread 0x0000000016487800 2544       3       java.util.AbstractQueue::add (20 bytes)
Event: 8.432 Thread 0x0000000016487800 nmethod 2544 0x0000000003492710 code [0x00000000034928a0, 0x0000000003492bb8]
Event: 8.432 Thread 0x0000000016487800 2545       3       com.google.common.cache.LocalCache::connectAccessOrder (15 bytes)
Event: 8.433 Thread 0x0000000016487800 nmethod 2545 0x0000000003492cd0 code [0x0000000003492e40, 0x0000000003493118]

GC Heap History (10 events):
Event: 3.601 GC heap before
{Heap before GC invocations=3 (full 0):
 PSYoungGen      total 28672K, used 27538K [0x00000000e0000000, 0x00000000e3800000, 0x0000000100000000)
  eden space 24576K, 100% used [0x00000000e0000000,0x00000000e1800000,0x00000000e1800000)
  from space 4096K, 72% used [0x00000000e1c00000,0x00000000e1ee4858,0x00000000e2000000)
  to   space 4096K, 0% used [0x00000000e1800000,0x00000000e1800000,0x00000000e1c00000)
 ParOldGen       total 65536K, used 16K [0x00000000a0000000, 0x00000000a4000000, 0x00000000e0000000)
  object space 65536K, 0% used [0x00000000a0000000,0x00000000a0004000,0x00000000a4000000)
 Metaspace       used 12073K, capacity 12404K, committed 12544K, reserved 1060864K
  class space    used 1617K, capacity 1770K, committed 1792K, reserved 1048576K
Event: 3.611 GC heap after
Heap after GC invocations=3 (full 0):
 PSYoungGen      total 28672K, used 4073K [0x00000000e0000000, 0x00000000e3800000, 0x0000000100000000)
  eden space 24576K, 0% used [0x00000000e0000000,0x00000000e0000000,0x00000000e1800000)
  from space 4096K, 99% used [0x00000000e1800000,0x00000000e1bfa438,0x00000000e1c00000)
  to   space 4096K, 0% used [0x00000000e3400000,0x00000000e3400000,0x00000000e3800000)
 ParOldGen       total 65536K, used 1751K [0x00000000a0000000, 0x00000000a4000000, 0x00000000e0000000)
  object space 65536K, 2% used [0x00000000a0000000,0x00000000a01b5ce0,0x00000000a4000000)
 Metaspace       used 12073K, capacity 12404K, committed 12544K, reserved 1060864K
  class space    used 1617K, capacity 1770K, committed 1792K, reserved 1048576K
}
Event: 3.913 GC heap before
{Heap before GC invocations=4 (full 0):
 PSYoungGen      total 28672K, used 28649K [0x00000000e0000000, 0x00000000e3800000, 0x0000000100000000)
  eden space 24576K, 100% used [0x00000000e0000000,0x00000000e1800000,0x00000000e1800000)
  from space 4096K, 99% used [0x00000000e1800000,0x00000000e1bfa438,0x00000000e1c00000)
  to   space 4096K, 0% used [0x00000000e3400000,0x00000000e3400000,0x00000000e3800000)
 ParOldGen       total 65536K, used 1751K [0x00000000a0000000, 0x00000000a4000000, 0x00000000e0000000)
  object space 65536K, 2% used [0x00000000a0000000,0x00000000a01b5ce0,0x00000000a4000000)
 Metaspace       used 13803K, capacity 14142K, committed 14464K, reserved 1060864K
  class space    used 1940K, capacity 2095K, committed 2176K, reserved 1048576K
Event: 3.923 GC heap after
Heap after GC invocations=4 (full 0):
 PSYoungGen      total 53248K, used 4080K [0x00000000e0000000, 0x00000000e3800000, 0x0000000100000000)
  eden space 49152K, 0% used [0x00000000e0000000,0x00000000e0000000,0x00000000e3000000)
  from space 4096K, 99% used [0x00000000e3400000,0x00000000e37fc030,0x00000000e3800000)
  to   space 4096K, 0% used [0x00000000e3000000,0x00000000e3000000,0x00000000e3400000)
 ParOldGen       total 65536K, used 3990K [0x00000000a0000000, 0x00000000a4000000, 0x00000000e0000000)
  object space 65536K, 6% used [0x00000000a0000000,0x00000000a03e5868,0x00000000a4000000)
 Metaspace       used 13803K, capacity 14142K, committed 14464K, reserved 1060864K
  class space    used 1940K, capacity 2095K, committed 2176K, reserved 1048576K
}
Event: 6.300 GC heap before
{Heap before GC invocations=5 (full 0):
 PSYoungGen      total 53248K, used 53232K [0x00000000e0000000, 0x00000000e3800000, 0x0000000100000000)
  eden space 49152K, 100% used [0x00000000e0000000,0x00000000e3000000,0x00000000e3000000)
  from space 4096K, 99% used [0x00000000e3400000,0x00000000e37fc030,0x00000000e3800000)
  to   space 4096K, 0% used [0x00000000e3000000,0x00000000e3000000,0x00000000e3400000)
 ParOldGen       total 65536K, used 3990K [0x00000000a0000000, 0x00000000a4000000, 0x00000000e0000000)
  object space 65536K, 6% used [0x00000000a0000000,0x00000000a03e5868,0x00000000a4000000)
 Metaspace       used 18813K, capacity 19324K, committed 19584K, reserved 1067008K
  class space    used 2712K, capacity 2894K, committed 2944K, reserved 1048576K
Event: 6.313 GC heap after
Heap after GC invocations=5 (full 0):
 PSYoungGen      total 53248K, used 4080K [0x00000000e0000000, 0x00000000e7500000, 0x0000000100000000)
  eden space 49152K, 0% used [0x00000000e0000000,0x00000000e0000000,0x00000000e3000000)
  from space 4096K, 99% used [0x00000000e3000000,0x00000000e33fc040,0x00000000e3400000)
  to   space 10752K, 0% used [0x00000000e6a80000,0x00000000e6a80000,0x00000000e7500000)
 ParOldGen       total 65536K, used 10173K [0x00000000a0000000, 0x00000000a4000000, 0x00000000e0000000)
  object space 65536K, 15% used [0x00000000a0000000,0x00000000a09ef460,0x00000000a4000000)
 Metaspace       used 18813K, capacity 19324K, committed 19584K, reserved 1067008K
  class space    used 2712K, capacity 2894K, committed 2944K, reserved 1048576K
}
Event: 6.625 GC heap before
{Heap before GC invocations=6 (full 0):
 PSYoungGen      total 53248K, used 17513K [0x00000000e0000000, 0x00000000e7500000, 0x0000000100000000)
  eden space 49152K, 27% used [0x00000000e0000000,0x00000000e0d1e550,0x00000000e3000000)
  from space 4096K, 99% used [0x00000000e3000000,0x00000000e33fc040,0x00000000e3400000)
  to   space 10752K, 0% used [0x00000000e6a80000,0x00000000e6a80000,0x00000000e7500000)
 ParOldGen       total 65536K, used 10173K [0x00000000a0000000, 0x00000000a4000000, 0x00000000e0000000)
  object space 65536K, 15% used [0x00000000a0000000,0x00000000a09ef460,0x00000000a4000000)
 Metaspace       used 20674K, capacity 21154K, committed 21296K, reserved 1067008K
  class space    used 2932K, capacity 3119K, committed 3200K, reserved 1048576K
Event: 6.635 GC heap after
Heap after GC invocations=6 (full 0):
 PSYoungGen      total 108032K, used 5899K [0x00000000e0000000, 0x00000000e7400000, 0x0000000100000000)
  eden space 98304K, 0% used [0x00000000e0000000,0x00000000e0000000,0x00000000e6000000)
  from space 9728K, 60% used [0x00000000e6a80000,0x00000000e7042c40,0x00000000e7400000)
  to   space 10240K, 0% used [0x00000000e6000000,0x00000000e6000000,0x00000000e6a00000)
 ParOldGen       total 65536K, used 10181K [0x00000000a0000000, 0x00000000a4000000, 0x00000000e0000000)
  object space 65536K, 15% used [0x00000000a0000000,0x00000000a09f1460,0x00000000a4000000)
 Metaspace       used 20674K, capacity 21154K, committed 21296K, reserved 1067008K
  class space    used 2932K, capacity 3119K, committed 3200K, reserved 1048576K
}
Event: 6.635 GC heap before
{Heap before GC invocations=7 (full 1):
 PSYoungGen      total 108032K, used 5899K [0x00000000e0000000, 0x00000000e7400000, 0x0000000100000000)
  eden space 98304K, 0% used [0x00000000e0000000,0x00000000e0000000,0x00000000e6000000)
  from space 9728K, 60% used [0x00000000e6a80000,0x00000000e7042c40,0x00000000e7400000)
  to   space 10240K, 0% used [0x00000000e6000000,0x00000000e6000000,0x00000000e6a00000)
 ParOldGen       total 65536K, used 10181K [0x00000000a0000000, 0x00000000a4000000, 0x00000000e0000000)
  object space 65536K, 15% used [0x00000000a0000000,0x00000000a09f1460,0x00000000a4000000)
 Metaspace       used 20674K, capacity 21154K, committed 21296K, reserved 1067008K
  class space    used 2932K, capacity 3119K, committed 3200K, reserved 1048576K
Event: 6.675 GC heap after
Heap after GC invocations=7 (full 1):
 PSYoungGen      total 108032K, used 0K [0x00000000e0000000, 0x00000000e7400000, 0x0000000100000000)
  eden space 98304K, 0% used [0x00000000e0000000,0x00000000e0000000,0x00000000e6000000)
  from space 9728K, 0% used [0x00000000e6a80000,0x00000000e6a80000,0x00000000e7400000)
  to   space 10240K, 0% used [0x00000000e6000000,0x00000000e6000000,0x00000000e6a00000)
 ParOldGen       total 45056K, used 7970K [0x00000000a0000000, 0x00000000a2c00000, 0x00000000e0000000)
  object space 45056K, 17% used [0x00000000a0000000,0x00000000a07c8910,0x00000000a2c00000)
 Metaspace       used 20674K, capacity 21154K, committed 21296K, reserved 1067008K
  class space    used 2932K, capacity 3119K, committed 3200K, reserved 1048576K
}

Deoptimization events (10 events):
Event: 7.068 Thread 0x00000000194ef800 Uncommon trap: reason=class_check action=maybe_recompile pc=0x0000000002e5ab2c method=sun.misc.URLClassPath.getResource(Ljava/lang/String;Z)Lsun/misc/Resource; @ 62
Event: 7.068 Thread 0x00000000194ef800 Uncommon trap: reason=unstable_if action=reinterpret pc=0x00000000032410ac method=java.lang.String.regionMatches(ZILjava/lang/String;II)Z @ 41
Event: 7.096 Thread 0x00000000194ef800 Uncommon trap: reason=bimorphic action=maybe_recompile pc=0x0000000003142860 method=java.io.BufferedInputStream.read([BII)I @ 101
Event: 7.099 Thread 0x00000000194ef800 Uncommon trap: reason=bimorphic action=maybe_recompile pc=0x0000000003142860 method=java.io.BufferedInputStream.read([BII)I @ 101
Event: 7.102 Thread 0x00000000194ef800 Uncommon trap: reason=bimorphic action=maybe_recompile pc=0x0000000003142860 method=java.io.BufferedInputStream.read([BII)I @ 101
Event: 7.103 Thread 0x00000000194ef800 Uncommon trap: reason=bimorphic action=maybe_recompile pc=0x0000000003142860 method=java.io.BufferedInputStream.read([BII)I @ 101
Event: 7.558 Thread 0x00000000194ef800 Uncommon trap: reason=unstable_if action=reinterpret pc=0x0000000002fe34e0 method=java.util.HashMap.hash(Ljava/lang/Object;)I @ 1
Event: 7.635 Thread 0x00000000194ef800 Uncommon trap: reason=unstable_if action=reinterpret pc=0x0000000002ddf08c method=java.io.WinNTFileSystem.resolve(Ljava/lang/String;Ljava/lang/String;)Ljava/lang/String; @ 49
Event: 7.891 Thread 0x00000000194ef800 Uncommon trap: reason=unstable_if action=reinterpret pc=0x0000000002da4b3c method=java.util.HashMap.getNode(ILjava/lang/Object;)Ljava/util/HashMap$Node; @ 129
Event: 7.931 Thread 0x00000000194ef800 Uncommon trap: reason=unstable_if action=reinterpret pc=0x000000000344ba9c method=org.objectweb.asm.Type.appendDescriptor(Ljava/lang/StringBuilder;Ljava/lang/Class;)V @ 6

Classes redefined (0 events):
No events

Internal exceptions (10 events):
Event: 7.433 Thread 0x00000000194ef800 Exception <a 'java/lang/ClassNotFoundException': groovy/lang/Closure$1Customizer> (0x00000000e20a4540) thrown at [D:\src\AOSP-openjdk-cygwin\jdk8u\hotspot\src\share\vm\classfile\systemDictionary.cpp, line 210]
Event: 7.514 Thread 0x00000000194ef800 Exception <a 'java/lang/ClassNotFoundException': org/gradle/internal/metaobject/ConfigureDelegateBeanInfo> (0x00000000e250c4f8) thrown at [D:\src\AOSP-openjdk-cygwin\jdk8u\hotspot\src\share\vm\classfile\systemDictionary.cpp, line 210]
Event: 7.515 Thread 0x00000000194ef800 Exception <a 'java/lang/ClassNotFoundException': org/gradle/internal/metaobject/ConfigureDelegateCustomizer> (0x00000000e25359e0) thrown at [D:\src\AOSP-openjdk-cygwin\jdk8u\hotspot\src\share\vm\classfile\systemDictionary.cpp, line 210]
Event: 7.520 Thread 0x00000000194ef800 Exception <a 'java/lang/ClassNotFoundException': org/gradle/api/internal/initialization/DefaultScriptHandlerBeanInfo> (0x00000000e25b7950) thrown at [D:\src\AOSP-openjdk-cygwin\jdk8u\hotspot\src\share\vm\classfile\systemDictionary.cpp, line 210]
Event: 7.521 Thread 0x00000000194ef800 Exception <a 'java/lang/ClassNotFoundException': org/gradle/api/internal/initialization/DefaultScriptHandlerCustomizer> (0x00000000e25e77c0) thrown at [D:\src\AOSP-openjdk-cygwin\jdk8u\hotspot\src\share\vm\classfile\systemDictionary.cpp, line 210]
Event: 7.558 Thread 0x00000000194ef800 Implicit null exception at 0x0000000002fe32d5 to 0x0000000002fe34d1
Event: 7.858 Thread 0x00000000194ef800 Exception <a 'java/lang/ClassNotFoundException': org/gradle/api/internal/artifacts/dsl/dependencies/DefaultDependencyHandler_DecoratedBeanInfo> (0x00000000e45039c0) thrown at [D:\src\AOSP-openjdk-cygwin\jdk8u\hotspot\src\share\vm\classfile\systemDictionar
Event: 7.859 Thread 0x00000000194ef800 Exception <a 'java/lang/ClassNotFoundException': org/gradle/api/internal/artifacts/dsl/dependencies/DefaultDependencyHandlerBeanInfo> (0x00000000e4554e50) thrown at [D:\src\AOSP-openjdk-cygwin\jdk8u\hotspot\src\share\vm\classfile\systemDictionary.cpp, lin
Event: 7.860 Thread 0x00000000194ef800 Exception <a 'java/lang/ClassNotFoundException': org/gradle/api/internal/artifacts/dsl/dependencies/DefaultDependencyHandlerCustomizer> (0x00000000e45a6e28) thrown at [D:\src\AOSP-openjdk-cygwin\jdk8u\hotspot\src\share\vm\classfile\systemDictionary.cpp, l
Event: 7.864 Thread 0x00000000194ef800 Exception <a 'java/lang/ClassNotFoundException': org/gradle/api/internal/artifacts/dsl/dependencies/DefaultDependencyHandler_DecoratedCustomizer> (0x00000000e4620818) thrown at [D:\src\AOSP-openjdk-cygwin\jdk8u\hotspot\src\share\vm\classfile\systemDiction

Events (10 events):
Event: 8.418 loading class org/gradle/api/internal/changedetection/state/DefaultFileSystemSnapshotter$InternableString
Event: 8.418 loading class org/gradle/api/internal/changedetection/state/DefaultFileSystemSnapshotter$InternableString done
Event: 8.419 loading class org/gradle/internal/MutableBoolean
Event: 8.419 loading class org/gradle/internal/MutableBoolean done
Event: 8.420 loading class org/gradle/api/internal/changedetection/state/DefaultFileSystemSnapshotter$5
Event: 8.420 loading class org/gradle/api/internal/changedetection/state/DefaultFileSystemSnapshotter$5 done
Event: 8.420 loading class org/gradle/api/internal/changedetection/state/mirror/PhysicalFileSnapshot
Event: 8.420 loading class org/gradle/api/internal/changedetection/state/mirror/PhysicalFileSnapshot done
Event: 8.420 loading class org/gradle/api/internal/changedetection/state/mirror/AbstractPhysicalSnapshot
Event: 8.420 loading class org/gradle/api/internal/changedetection/state/mirror/AbstractPhysicalSnapshot done


Dynamic libraries:
0x00007ff77bf50000 - 0x00007ff77bf81000 	C:\Program Files\Android\Android Studio\jre\bin\java.exe
0x00007ff814100000 - 0x00007ff8142ed000 	C:\Windows\SYSTEM32\ntdll.dll
0x00007ff8135c0000 - 0x00007ff813673000 	C:\Windows\System32\KERNEL32.DLL
0x00007ff810530000 - 0x00007ff8107c3000 	C:\Windows\System32\KERNELBASE.dll
0x00007ff813f90000 - 0x00007ff814033000 	C:\Windows\System32\ADVAPI32.dll
0x00007ff811510000 - 0x00007ff8115ae000 	C:\Windows\System32\msvcrt.dll
0x00007ff813520000 - 0x00007ff8135be000 	C:\Windows\System32\sechost.dll
0x00007ff811330000 - 0x00007ff811453000 	C:\Windows\System32\RPCRT4.dll
0x00007ff813370000 - 0x00007ff813507000 	C:\Windows\System32\USER32.dll
0x00007ff8101d0000 - 0x00007ff8101f0000 	C:\Windows\System32\win32u.dll
0x00007ff813240000 - 0x00007ff813269000 	C:\Windows\System32\GDI32.dll
0x00007ff810850000 - 0x00007ff8109ea000 	C:\Windows\System32\gdi32full.dll
0x00007ff811290000 - 0x00007ff811330000 	C:\Windows\System32\msvcp_win.dll
0x00007ff8109f0000 - 0x00007ff810aec000 	C:\Windows\System32\ucrtbase.dll
0x00007ffffb5e0000 - 0x00007ffffb859000 	C:\Windows\WinSxS\amd64_microsoft.windows.common-controls_6595b64144ccf1df_6.0.17758.1_none_f04561a4ff3c0a8f\COMCTL32.dll
0x00007ff812da0000 - 0x00007ff8130ce000 	C:\Windows\System32\combase.dll
0x00007ff8107d0000 - 0x00007ff81084e000 	C:\Windows\System32\bcryptPrimitives.dll
0x00007ff8140a0000 - 0x00007ff8140ce000 	C:\Windows\System32\IMM32.DLL
0x000000006ef00000 - 0x000000006efd2000 	C:\Program Files\Android\Android Studio\jre\jre\bin\msvcr100.dll
0x000000006efe0000 - 0x000000006f826000 	C:\Program Files\Android\Android Studio\jre\jre\bin\server\jvm.dll
0x00007ff813360000 - 0x00007ff813368000 	C:\Windows\System32\PSAPI.DLL
0x00007ffffe8e0000 - 0x00007ffffe8e9000 	C:\Windows\SYSTEM32\WSOCK32.dll
0x00007ff811760000 - 0x00007ff8117cd000 	C:\Windows\System32\WS2_32.dll
0x00007ff80d880000 - 0x00007ff80d8a4000 	C:\Windows\SYSTEM32\WINMM.dll
0x00007ff808910000 - 0x00007ff80891a000 	C:\Windows\SYSTEM32\VERSION.dll
0x00007ff80d850000 - 0x00007ff80d87d000 	C:\Windows\SYSTEM32\WINMMBASE.dll
0x00007ff810af0000 - 0x00007ff810b3a000 	C:\Windows\System32\cfgmgr32.dll
0x00007ff80d920000 - 0x00007ff80d92f000 	C:\Program Files\Android\Android Studio\jre\jre\bin\verify.dll
0x00007ff80c2b0000 - 0x00007ff80c2d9000 	C:\Program Files\Android\Android Studio\jre\jre\bin\java.dll
0x00007ff80c260000 - 0x00007ff80c276000 	C:\Program Files\Android\Android Studio\jre\jre\bin\zip.dll
0x00007ff8117d0000 - 0x00007ff812cbf000 	C:\Windows\System32\SHELL32.dll
0x00007ff811460000 - 0x00007ff811508000 	C:\Windows\System32\shcore.dll
0x00007ff810b40000 - 0x00007ff811288000 	C:\Windows\System32\windows.storage.dll
0x00007ff8101a0000 - 0x00007ff8101c4000 	C:\Windows\System32\profapi.dll
0x00007ff810140000 - 0x00007ff81019d000 	C:\Windows\System32\powrprof.dll
0x00007ff814040000 - 0x00007ff814092000 	C:\Windows\System32\shlwapi.dll
0x00007ff810100000 - 0x00007ff810111000 	C:\Windows\System32\kernel.appcore.dll
0x00007ff8102d0000 - 0x00007ff8102e7000 	C:\Windows\System32\cryptsp.dll
0x00007ff8099b0000 - 0x00007ff8099ca000 	C:\Program Files\Android\Android Studio\jre\jre\bin\net.dll
0x00007ff80f990000 - 0x00007ff80f9f7000 	C:\Windows\system32\mswsock.dll
0x00007ff8098c0000 - 0x00007ff8098d1000 	C:\Program Files\Android\Android Studio\jre\jre\bin\nio.dll
0x00007ff8097e0000 - 0x00007ff8097fe000 	C:\Users\ALEXANDER\.gradle\native\25\windows-amd64\native-platform.dll
0x00007ff80c370000 - 0x00007ff80c37d000 	C:\Program Files\Android\Android Studio\jre\jre\bin\management.dll
0x00007ff80f4f0000 - 0x00007ff80f523000 	C:\Windows\system32\rsaenh.dll
0x00007ff8101f0000 - 0x00007ff810216000 	C:\Windows\System32\bcrypt.dll
0x00007ff810030000 - 0x00007ff810058000 	C:\Windows\SYSTEM32\USERENV.dll
0x00007ff80fb60000 - 0x00007ff80fb6c000 	C:\Windows\SYSTEM32\CRYPTBASE.dll
0x00007ff80f690000 - 0x00007ff80f6cd000 	C:\Windows\SYSTEM32\IPHLPAPI.DLL
0x00007ff8130d0000 - 0x00007ff8130d8000 	C:\Windows\System32\NSI.dll
0x00007ff806dc0000 - 0x00007ff806dd6000 	C:\Windows\SYSTEM32\dhcpcsvc6.DLL
0x00007ff806da0000 - 0x00007ff806dbc000 	C:\Windows\SYSTEM32\dhcpcsvc.DLL
0x00007ff80f6d0000 - 0x00007ff80f796000 	C:\Windows\SYSTEM32\DNSAPI.dll

VM Arguments:
jvm_args: -Xmx1536m -Dfile.encoding=windows-1252 -Duser.country=US -Duser.language=en -Duser.variant 
java_command: org.gradle.launcher.daemon.bootstrap.GradleDaemon 4.10
java_class_path (initial): F:\Personae\Projects\Asandic Android Proj\gradle-4.10\lib\gradle-launcher-4.10.jar
Launcher Type: SUN_STANDARD

Environment Variables:
JAVA_HOME=C:\Program Files\Java\jdk1.8.0_77
PATH=C:\ProgramData\Oracle\Java\javapath;C:\Windows\system32;C:\Windows;C:\Windows\System32\Wbem;C:\Windows\System32\WindowsPowerShell\v1.0\;C:\Windows\System32\OpenSSH\;E:\AOMEI Backupper;C:\Program Files\Microsoft SQL Server\Client SDK\ODBC\130\Tools\Binn\;C:\Program Files (x86)\Microsoft SQL Server\130\Tools\Binn\;C:\Program Files\Microsoft SQL Server\130\Tools\Binn\;C:\Program Files\Microsoft SQL Server\130\DTS\Binn\;C:\Program Files (x86)\Microsoft SQL Server\Client SDK\ODBC\130\Tools\Binn\;C:\Program Files (x86)\Microsoft SQL Server\140\Tools\Binn\;C:\Program Files (x86)\Microsoft SQL Server\140\DTS\Binn\;C:\Program Files (x86)\Microsoft SQL Server\140\Tools\Binn\ManagementStudio\;C:\Program Files (x86)\Brackets\command;C:\Windows\system32\config\systemprofile\.dnx\bin;C:\Program Files\Microsoft DNX\Dnvm\;C:\Program Files\Git\cmd;C:\Program Files (x86)\ATI Technologies\ATI.ACE\Core-Static;C:\Program Files\Java\jdk1.8.0_77\bin;C:\Program Files (x86)\sbt\bin;C:\Program Files\nodejs\;C:\Users\ALEXANDER\AppData\Local\Microsoft\WindowsApps;C:\Users\ALEXANDER\AppData\Local\atom\bin;C:\Users\ALEXANDER\AppData\Local\Programs\Microsoft VS Code\bin;C:\Users\ALEXANDER\AppData\Roaming\npm
USERNAME=ALEXANDER
OS=Windows_NT
PROCESSOR_IDENTIFIER=Intel64 Family 6 Model 58 Stepping 9, GenuineIntel



---------------  S Y S T E M  ---------------

OS: Windows 10.0 , 64 bit Build 17758 (10.0.17758.1)

CPU:total 4 (initial active 4) (2 cores per cpu, 2 threads per core) family 6 model 58 stepping 9, cmov, cx8, fxsr, mmx, sse, sse2, sse3, ssse3, sse4.1, sse4.2, popcnt, avx, aes, clmul, erms, ht, tsc, tscinvbit, tscinv

Memory: 4k page, physical 6191420k(610128k free), swap 6191420k(14912k free)

vm_info: OpenJDK 64-Bit Server VM (25.202-b03) for windows-amd64 JRE (1.8.0_202-release-1483-b03), built by "builder" with MS VC++ 10.0 (VS2010)

time: Fri Nov 01 12:09:52 2019
timezone: GMT Standard Time
elapsed time: 8 seconds (0d 0h 0m 8s)

