#
# There is insufficient memory for the Java Runtime Environment to continue.
# Native memory allocation (malloc) failed to allocate 749856 bytes for Chunk::new
# Possible reasons:
#   The system is out of physical RAM or swap space
#   The process is running with CompressedOops enabled, and the Java Heap may be blocking the growth of the native heap
# Possible solutions:
#   Reduce memory load on the system
#   Increase physical memory or swap space
#   Check if swap backing store is full
#   Decrease Java heap size (-Xmx/-Xms)
#   Decrease number of Java threads
#   Decrease Java thread stack sizes (-Xss)
#   Set larger code cache with -XX:ReservedCodeCacheSize=
#   JVM is running with Unscaled Compressed Oops mode in which the Java heap is
#     placed in the first 4GB address space. The Java Heap base address is the
#     maximum limit for the native heap growth. Please use -XX:HeapBaseMinAddress
#     to set the Java Heap base and to place the Java Heap above 4GB virtual address.
# This output file may be truncated or incomplete.
#
#  Out of Memory Error (allocation.cpp:389), pid=8944, tid=0x00000000000025c0
#
# JRE version: OpenJDK Runtime Environment (8.0_202-b03) (build 1.8.0_202-release-1483-b03)
# Java VM: OpenJDK 64-Bit Server VM (25.202-b03 mixed mode windows-amd64 compressed oops)
# Failed to write core dump. Minidumps are not enabled by default on client versions of Windows
#

---------------  T H R E A D  ---------------

Current thread (0x000000001674d000):  JavaThread "C2 CompilerThread1" daemon [_thread_in_native, id=9664, stack(0x0000000017eb0000,0x0000000017fb0000)]

Stack: [0x0000000017eb0000,0x0000000017fb0000]
[error occurred during error reporting (printing stack bounds), id 0xc0000005]

Native frames: (J=compiled Java code, j=interpreted, Vv=VM code, C=native code)


Current CompileTask:
C2:   5243 1447   !   4       java.net.URLClassLoader$1::run (63 bytes)


---------------  P R O C E S S  ---------------

Java Threads: ( => current thread )
  0x000000001a2fd800 JavaThread "Stdin handler" [_thread_blocked, id=5564, stack(0x000000001bdd0000,0x000000001bed0000)]
  0x0000000019285000 JavaThread "Asynchronous log dispatcher for DefaultDaemonConnection: socket connection from /127.0.0.1:65479 to /127.0.0.1:65480" [_thread_blocked, id=10412, stack(0x000000001bcd0000,0x000000001bdd0000)]
  0x0000000019282000 JavaThread "Daemon worker" [_thread_in_vm_trans, id=9860, stack(0x000000001bbd0000,0x000000001bcd0000)]
  0x000000001927e800 JavaThread "Cancel handler" [_thread_blocked, id=7684, stack(0x000000001bad0000,0x000000001bbd0000)]
  0x000000001985f000 JavaThread "Handler for socket connection from /127.0.0.1:65479 to /127.0.0.1:65480" [_thread_in_native, id=5440, stack(0x000000001b7d0000,0x000000001b8d0000)]
  0x000000001985d800 JavaThread "Daemon" [_thread_blocked, id=7468, stack(0x000000001b6d0000,0x000000001b7d0000)]
  0x0000000019895800 JavaThread "Daemon periodic checks" [_thread_blocked, id=10908, stack(0x000000001b5d0000,0x000000001b6d0000)]
  0x0000000019b72000 JavaThread "Incoming local TCP Connector on port 65479" [_thread_in_native, id=7996, stack(0x000000001b390000,0x000000001b490000)]
  0x00000000180da800 JavaThread "Service Thread" daemon [_thread_blocked, id=1100, stack(0x00000000184b0000,0x00000000185b0000)]
  0x0000000016754800 JavaThread "C1 CompilerThread2" daemon [_thread_blocked, id=480, stack(0x0000000017fb0000,0x00000000180b0000)]
=>0x000000001674d000 JavaThread "C2 CompilerThread1" daemon [_thread_in_native, id=9664, stack(0x0000000017eb0000,0x0000000017fb0000)]
  0x000000001674a000 JavaThread "C2 CompilerThread0" daemon [_thread_in_native, id=7136, stack(0x0000000017db0000,0x0000000017eb0000)]
  0x0000000016757800 JavaThread "Attach Listener" daemon [_thread_blocked, id=7436, stack(0x0000000017cb0000,0x0000000017db0000)]
  0x0000000016756800 JavaThread "Signal Dispatcher" daemon [_thread_blocked, id=9232, stack(0x0000000017bb0000,0x0000000017cb0000)]
  0x0000000002ddd800 JavaThread "Finalizer" daemon [_thread_blocked, id=5956, stack(0x00000000179b0000,0x0000000017ab0000)]
  0x0000000016739000 JavaThread "Reference Handler" daemon [_thread_blocked, id=7824, stack(0x00000000178b0000,0x00000000179b0000)]
  0x0000000002ce2800 JavaThread "main" [_thread_blocked, id=6160, stack(0x0000000002b50000,0x0000000002c50000)]

Other Threads:
  0x0000000016716000 VMThread [stack: 0x00000000177b0000,0x00000000178b0000] [id=5048]
  0x00000000180dc000 WatcherThread [stack: 0x00000000185b0000,0x00000000186b0000] [id=10712]

VM state:not at safepoint (normal execution)

VM Mutex/Monitor currently owned by a thread: None

heap address: 0x00000000a0000000, size: 1536 MB, Compressed Oops mode: 32-bit
Narrow klass base: 0x0000000000000000, Narrow klass shift: 3
Compressed class space size: 1073741824 Address: 0x0000000100000000

Heap:
 PSYoungGen      total 28672K, used 6011K [0x00000000e0000000, 0x00000000e2000000, 0x0000000100000000)
  eden space 24576K, 7% used [0x00000000e0000000,0x00000000e01e2e18,0x00000000e1800000)
  from space 4096K, 99% used [0x00000000e1c00000,0x00000000e1ffc010,0x00000000e2000000)
  to   space 4096K, 0% used [0x00000000e1800000,0x00000000e1800000,0x00000000e1c00000)
 ParOldGen       total 65536K, used 3959K [0x00000000a0000000, 0x00000000a4000000, 0x00000000e0000000)
  object space 65536K, 6% used [0x00000000a0000000,0x00000000a03ddde0,0x00000000a4000000)
 Metaspace       used 13898K, capacity 14270K, committed 14464K, reserved 1060864K
  class space    used 1957K, capacity 2095K, committed 2176K, reserved 1048576K

Card table byte_map: [0x00000000121a0000,0x00000000124b0000] byte_map_base: 0x0000000011ca0000

Marking Bits: (ParMarkBitMap*) 0x000000006f7a9f30
 Begin Bits: [0x0000000012ab0000, 0x00000000142b0000)
 End Bits:   [0x00000000142b0000, 0x0000000015ab0000)

Polling page: 0x0000000001230000

CodeCache: size=245760Kb used=5060Kb max_used=5060Kb free=240699Kb
 bounds [0x0000000002de0000, 0x00000000032e0000, 0x0000000011de0000]
 total_blobs=1822 nmethods=1455 adapters=280
 compilation: enabled

Compilation events (10 events):
Event: 5.215 Thread 0x0000000016754800 1453       3       java.lang.invoke.MethodType$ConcurrentWeakInternSet$WeakEntry::<init> (15 bytes)
Event: 5.215 Thread 0x0000000016754800 nmethod 1453 0x00000000032cce50 code [0x00000000032ccfe0, 0x00000000032cd3c8]
Event: 5.215 Thread 0x0000000016754800 1455       3       java.lang.invoke.LambdaForm::signatureArity (28 bytes)
Event: 5.216 Thread 0x0000000016754800 nmethod 1455 0x00000000032cc910 code [0x00000000032cca80, 0x00000000032ccd68]
Event: 5.221 Thread 0x0000000016754800 1456       1       org.gradle.internal.service.AbstractServiceMethod::getParameterTypes (5 bytes)
Event: 5.221 Thread 0x0000000016754800 nmethod 1456 0x00000000032cc650 code [0x00000000032cc7a0, 0x00000000032cc8b0]
Event: 5.232 Thread 0x0000000016754800 1457       3       java.io.OutputStream::<init> (5 bytes)
Event: 5.232 Thread 0x0000000016754800 nmethod 1457 0x00000000032cc250 code [0x00000000032cc3c0, 0x00000000032cc570]
Event: 5.232 Thread 0x0000000016754800 1458       3       sun.misc.ProxyGenerator::dotToSlash (9 bytes)
Event: 5.232 Thread 0x0000000016754800 nmethod 1458 0x00000000032cbe10 code [0x00000000032cbf80, 0x00000000032cc188]

GC Heap History (8 events):
Event: 1.320 GC heap before
{Heap before GC invocations=1 (full 0):
 PSYoungGen      total 28672K, used 24576K [0x00000000e0000000, 0x00000000e2000000, 0x0000000100000000)
  eden space 24576K, 100% used [0x00000000e0000000,0x00000000e1800000,0x00000000e1800000)
  from space 4096K, 0% used [0x00000000e1c00000,0x00000000e1c00000,0x00000000e2000000)
  to   space 4096K, 0% used [0x00000000e1800000,0x00000000e1800000,0x00000000e1c00000)
 ParOldGen       total 65536K, used 0K [0x00000000a0000000, 0x00000000a4000000, 0x00000000e0000000)
  object space 65536K, 0% used [0x00000000a0000000,0x00000000a0000000,0x00000000a4000000)
 Metaspace       used 6524K, capacity 6672K, committed 6784K, reserved 1056768K
  class space    used 796K, capacity 844K, committed 896K, reserved 1048576K
Event: 1.326 GC heap after
Heap after GC invocations=1 (full 0):
 PSYoungGen      total 28672K, used 3812K [0x00000000e0000000, 0x00000000e2000000, 0x0000000100000000)
  eden space 24576K, 0% used [0x00000000e0000000,0x00000000e0000000,0x00000000e1800000)
  from space 4096K, 93% used [0x00000000e1800000,0x00000000e1bb90c8,0x00000000e1c00000)
  to   space 4096K, 0% used [0x00000000e1c00000,0x00000000e1c00000,0x00000000e2000000)
 ParOldGen       total 65536K, used 8K [0x00000000a0000000, 0x00000000a4000000, 0x00000000e0000000)
  object space 65536K, 0% used [0x00000000a0000000,0x00000000a0002000,0x00000000a4000000)
 Metaspace       used 6524K, capacity 6672K, committed 6784K, reserved 1056768K
  class space    used 796K, capacity 844K, committed 896K, reserved 1048576K
}
Event: 1.883 GC heap before
{Heap before GC invocations=2 (full 0):
 PSYoungGen      total 28672K, used 28388K [0x00000000e0000000, 0x00000000e2000000, 0x0000000100000000)
  eden space 24576K, 100% used [0x00000000e0000000,0x00000000e1800000,0x00000000e1800000)
  from space 4096K, 93% used [0x00000000e1800000,0x00000000e1bb90c8,0x00000000e1c00000)
  to   space 4096K, 0% used [0x00000000e1c00000,0x00000000e1c00000,0x00000000e2000000)
 ParOldGen       total 65536K, used 8K [0x00000000a0000000, 0x00000000a4000000, 0x00000000e0000000)
  object space 65536K, 0% used [0x00000000a0000000,0x00000000a0002000,0x00000000a4000000)
 Metaspace       used 6851K, capacity 7050K, committed 7168K, reserved 1056768K
  class space    used 862K, capacity 949K, committed 1024K, reserved 1048576K
Event: 1.887 GC heap after
Heap after GC invocations=2 (full 0):
 PSYoungGen      total 28672K, used 3013K [0x00000000e0000000, 0x00000000e2000000, 0x0000000100000000)
  eden space 24576K, 0% used [0x00000000e0000000,0x00000000e0000000,0x00000000e1800000)
  from space 4096K, 73% used [0x00000000e1c00000,0x00000000e1ef1628,0x00000000e2000000)
  to   space 4096K, 0% used [0x00000000e1800000,0x00000000e1800000,0x00000000e1c00000)
 ParOldGen       total 65536K, used 16K [0x00000000a0000000, 0x00000000a4000000, 0x00000000e0000000)
  object space 65536K, 0% used [0x00000000a0000000,0x00000000a0004000,0x00000000a4000000)
 Metaspace       used 6851K, capacity 7050K, committed 7168K, reserved 1056768K
  class space    used 862K, capacity 949K, committed 1024K, reserved 1048576K
}
Event: 4.412 GC heap before
{Heap before GC invocations=3 (full 0):
 PSYoungGen      total 28672K, used 27589K [0x00000000e0000000, 0x00000000e2000000, 0x0000000100000000)
  eden space 24576K, 100% used [0x00000000e0000000,0x00000000e1800000,0x00000000e1800000)
  from space 4096K, 73% used [0x00000000e1c00000,0x00000000e1ef1628,0x00000000e2000000)
  to   space 4096K, 0% used [0x00000000e1800000,0x00000000e1800000,0x00000000e1c00000)
 ParOldGen       total 65536K, used 16K [0x00000000a0000000, 0x00000000a4000000, 0x00000000e0000000)
  object space 65536K, 0% used [0x00000000a0000000,0x00000000a0004000,0x00000000a4000000)
 Metaspace       used 12024K, capacity 12372K, committed 12544K, reserved 1060864K
  class space    used 1607K, capacity 1738K, committed 1792K, reserved 1048576K
Event: 4.419 GC heap after
Heap after GC invocations=3 (full 0):
 PSYoungGen      total 28672K, used 4073K [0x00000000e0000000, 0x00000000e2000000, 0x0000000100000000)
  eden space 24576K, 0% used [0x00000000e0000000,0x00000000e0000000,0x00000000e1800000)
  from space 4096K, 99% used [0x00000000e1800000,0x00000000e1bfa438,0x00000000e1c00000)
  to   space 4096K, 0% used [0x00000000e1c00000,0x00000000e1c00000,0x00000000e2000000)
 ParOldGen       total 65536K, used 1660K [0x00000000a0000000, 0x00000000a4000000, 0x00000000e0000000)
  object space 65536K, 2% used [0x00000000a0000000,0x00000000a019f100,0x00000000a4000000)
 Metaspace       used 12024K, capacity 12372K, committed 12544K, reserved 1060864K
  class space    used 1607K, capacity 1738K, committed 1792K, reserved 1048576K
}
Event: 5.195 GC heap before
{Heap before GC invocations=4 (full 0):
 PSYoungGen      total 28672K, used 28649K [0x00000000e0000000, 0x00000000e2000000, 0x0000000100000000)
  eden space 24576K, 100% used [0x00000000e0000000,0x00000000e1800000,0x00000000e1800000)
  from space 4096K, 99% used [0x00000000e1800000,0x00000000e1bfa438,0x00000000e1c00000)
  to   space 4096K, 0% used [0x00000000e1c00000,0x00000000e1c00000,0x00000000e2000000)
 ParOldGen       total 65536K, used 1660K [0x00000000a0000000, 0x00000000a4000000, 0x00000000e0000000)
  object space 65536K, 2% used [0x00000000a0000000,0x00000000a019f100,0x00000000a4000000)
 Metaspace       used 13796K, capacity 14140K, committed 14464K, reserved 1060864K
  class space    used 1940K, capacity 2094K, committed 2176K, reserved 1048576K
Event: 5.208 GC heap after
Heap after GC invocations=4 (full 0):
 PSYoungGen      total 28672K, used 4080K [0x00000000e0000000, 0x00000000e2000000, 0x0000000100000000)
  eden space 24576K, 0% used [0x00000000e0000000,0x00000000e0000000,0x00000000e1800000)
  from space 4096K, 99% used [0x00000000e1c00000,0x00000000e1ffc010,0x00000000e2000000)
  to   space 4096K, 0% used [0x00000000e1800000,0x00000000e1800000,0x00000000e1c00000)
 ParOldGen       total 65536K, used 3959K [0x00000000a0000000, 0x00000000a4000000, 0x00000000e0000000)
  object space 65536K, 6% used [0x00000000a0000000,0x00000000a03ddde0,0x00000000a4000000)
 Metaspace       used 13796K, capacity 14140K, committed 14464K, reserved 1060864K
  class space    used 1940K, capacity 2094K, committed 2176K, reserved 1048576K
}

Deoptimization events (10 events):
Event: 1.908 Thread 0x0000000002ce2800 Uncommon trap: reason=class_check action=maybe_recompile pc=0x00000000030cb2c4 method=java.util.regex.Matcher.match(II)Z @ 86
Event: 2.188 Thread 0x0000000002ce2800 Uncommon trap: reason=unstable_if action=reinterpret pc=0x00000000030ed5d0 method=java.util.HashMap.getNode(ILjava/lang/Object;)Ljava/util/HashMap$Node; @ 129
Event: 2.188 Thread 0x0000000002ce2800 Uncommon trap: reason=class_check action=maybe_recompile pc=0x0000000003095828 method=java.util.HashMap.putVal(ILjava/lang/Object;Ljava/lang/Object;ZZ)Ljava/lang/Object; @ 203
Event: 2.817 Thread 0x0000000002ce2800 Uncommon trap: reason=unstable_if action=reinterpret pc=0x000000000313ba34 method=java.io.WinNTFileSystem.normalize(Ljava/lang/String;)Ljava/lang/String; @ 128
Event: 2.817 Thread 0x0000000002ce2800 Uncommon trap: reason=unstable_if action=reinterpret pc=0x0000000003117d28 method=java.io.WinNTFileSystem.normalize(Ljava/lang/String;II)Ljava/lang/String; @ 90
Event: 4.175 Thread 0x000000001985f000 Uncommon trap: reason=unstable_if action=reinterpret pc=0x000000000322db68 method=java.util.concurrent.ConcurrentHashMap.putVal(Ljava/lang/Object;Ljava/lang/Object;Z)Ljava/lang/Object; @ 206
Event: 4.287 Thread 0x0000000019282000 Uncommon trap: reason=bimorphic action=maybe_recompile pc=0x0000000003094ee8 method=java.util.HashMap.putVal(ILjava/lang/Object;Ljava/lang/Object;ZZ)Ljava/lang/Object; @ 253
Event: 4.287 Thread 0x0000000019282000 Uncommon trap: reason=bimorphic action=maybe_recompile pc=0x0000000003094ee8 method=java.util.HashMap.putVal(ILjava/lang/Object;Ljava/lang/Object;ZZ)Ljava/lang/Object; @ 253
Event: 4.287 Thread 0x0000000019282000 Uncommon trap: reason=bimorphic action=maybe_recompile pc=0x0000000003094ee8 method=java.util.HashMap.putVal(ILjava/lang/Object;Ljava/lang/Object;ZZ)Ljava/lang/Object; @ 253
Event: 4.287 Thread 0x0000000019282000 Uncommon trap: reason=bimorphic action=maybe_recompile pc=0x0000000003094ee8 method=java.util.HashMap.putVal(ILjava/lang/Object;Ljava/lang/Object;ZZ)Ljava/lang/Object; @ 253

Classes redefined (0 events):
No events

Internal exceptions (10 events):
Event: 4.180 Thread 0x000000001985f000 Exception <a 'java/lang/NoSuchMethodError': <clinit>> (0x00000000e120dd10) thrown at [D:\src\AOSP-openjdk-cygwin\jdk8u\hotspot\src\share\vm\prims\jni.cpp, line 1614]
Event: 4.183 Thread 0x000000001985f000 Exception <a 'java/lang/NoSuchMethodError': <clinit>> (0x00000000e1219670) thrown at [D:\src\AOSP-openjdk-cygwin\jdk8u\hotspot\src\share\vm\prims\jni.cpp, line 1614]
Event: 4.185 Thread 0x000000001985f000 Exception <a 'java/lang/NoSuchMethodError': <clinit>> (0x00000000e1222cc8) thrown at [D:\src\AOSP-openjdk-cygwin\jdk8u\hotspot\src\share\vm\prims\jni.cpp, line 1614]
Event: 4.192 Thread 0x000000001985f000 Exception <a 'java/lang/NoSuchMethodError': <clinit>> (0x00000000e1249e90) thrown at [D:\src\AOSP-openjdk-cygwin\jdk8u\hotspot\src\share\vm\prims\jni.cpp, line 1614]
Event: 4.194 Thread 0x000000001985f000 Exception <a 'java/lang/NoSuchMethodError': <clinit>> (0x00000000e1262018) thrown at [D:\src\AOSP-openjdk-cygwin\jdk8u\hotspot\src\share\vm\prims\jni.cpp, line 1614]
Event: 4.195 Thread 0x000000001985f000 Exception <a 'java/lang/NoSuchMethodError': <clinit>> (0x00000000e126aca8) thrown at [D:\src\AOSP-openjdk-cygwin\jdk8u\hotspot\src\share\vm\prims\jni.cpp, line 1614]
Event: 4.197 Thread 0x000000001985f000 Exception <a 'java/lang/NoSuchMethodError': <clinit>> (0x00000000e1280d08) thrown at [D:\src\AOSP-openjdk-cygwin\jdk8u\hotspot\src\share\vm\prims\jni.cpp, line 1614]
Event: 4.209 Thread 0x000000001985f000 Exception <a 'java/lang/NoSuchMethodError': <clinit>> (0x00000000e12e8688) thrown at [D:\src\AOSP-openjdk-cygwin\jdk8u\hotspot\src\share\vm\prims\jni.cpp, line 1614]
Event: 4.213 Thread 0x000000001985f000 Exception <a 'java/lang/NoSuchMethodError': <clinit>> (0x00000000e1314d90) thrown at [D:\src\AOSP-openjdk-cygwin\jdk8u\hotspot\src\share\vm\prims\jni.cpp, line 1614]
Event: 4.218 Thread 0x000000001985f000 Exception <a 'java/lang/NoSuchMethodError': <clinit>> (0x00000000e1331f30) thrown at [D:\src\AOSP-openjdk-cygwin\jdk8u\hotspot\src\share\vm\prims\jni.cpp, line 1614]

Events (10 events):
Event: 5.230 loading class org/gradle/api/internal/tasks/execution/statistics/TaskExecutionStatisticsListener
Event: 5.231 loading class org/gradle/api/internal/tasks/execution/statistics/TaskExecutionStatisticsListener done
Event: 5.231 loading class org/gradle/api/internal/tasks/execution/statistics/TaskExecutionStatistics
Event: 5.231 loading class org/gradle/api/internal/tasks/execution/statistics/TaskExecutionStatistics done
Event: 5.237 loading class org/gradle/internal/buildevents/TaskExecutionStatisticsReporter
Event: 5.237 loading class org/gradle/internal/buildevents/TaskExecutionStatisticsReporter done
Event: 5.238 loading class org/gradle/profile/ProfileListener
Event: 5.238 loading class org/gradle/profile/ProfileListener done
Event: 5.239 loading class org/gradle/profile/BuildProfile
Event: 5.239 loading class org/gradle/profile/BuildProfile done


Dynamic libraries:
0x00007ff77bf50000 - 0x00007ff77bf81000 	C:\Program Files\Android\Android Studio\jre\bin\java.exe
0x00007ff814100000 - 0x00007ff8142ed000 	C:\Windows\SYSTEM32\ntdll.dll
0x00007ff8135c0000 - 0x00007ff813673000 	C:\Windows\System32\KERNEL32.DLL
0x00007ff810530000 - 0x00007ff8107c3000 	C:\Windows\System32\KERNELBASE.dll
0x00007ff813f90000 - 0x00007ff814033000 	C:\Windows\System32\ADVAPI32.dll
0x00007ff811510000 - 0x00007ff8115ae000 	C:\Windows\System32\msvcrt.dll
0x00007ff813520000 - 0x00007ff8135be000 	C:\Windows\System32\sechost.dll
0x00007ff811330000 - 0x00007ff811453000 	C:\Windows\System32\RPCRT4.dll
0x00007ff813370000 - 0x00007ff813507000 	C:\Windows\System32\USER32.dll
0x00007ff8101d0000 - 0x00007ff8101f0000 	C:\Windows\System32\win32u.dll
0x00007ff813240000 - 0x00007ff813269000 	C:\Windows\System32\GDI32.dll
0x00007ff810850000 - 0x00007ff8109ea000 	C:\Windows\System32\gdi32full.dll
0x00007ff811290000 - 0x00007ff811330000 	C:\Windows\System32\msvcp_win.dll
0x00007ff8109f0000 - 0x00007ff810aec000 	C:\Windows\System32\ucrtbase.dll
0x00007ffffb5e0000 - 0x00007ffffb859000 	C:\Windows\WinSxS\amd64_microsoft.windows.common-controls_6595b64144ccf1df_6.0.17758.1_none_f04561a4ff3c0a8f\COMCTL32.dll
0x00007ff812da0000 - 0x00007ff8130ce000 	C:\Windows\System32\combase.dll
0x00007ff8107d0000 - 0x00007ff81084e000 	C:\Windows\System32\bcryptPrimitives.dll
0x00007ff8140a0000 - 0x00007ff8140ce000 	C:\Windows\System32\IMM32.DLL
0x000000006ef00000 - 0x000000006efd2000 	C:\Program Files\Android\Android Studio\jre\jre\bin\msvcr100.dll
0x000000006efe0000 - 0x000000006f826000 	C:\Program Files\Android\Android Studio\jre\jre\bin\server\jvm.dll
0x00007ff813360000 - 0x00007ff813368000 	C:\Windows\System32\PSAPI.DLL
0x00007ffffe8e0000 - 0x00007ffffe8e9000 	C:\Windows\SYSTEM32\WSOCK32.dll
0x00007ff80d880000 - 0x00007ff80d8a4000 	C:\Windows\SYSTEM32\WINMM.dll
0x00007ff811760000 - 0x00007ff8117cd000 	C:\Windows\System32\WS2_32.dll
0x00007ff808910000 - 0x00007ff80891a000 	C:\Windows\SYSTEM32\VERSION.dll
0x00007ff80d850000 - 0x00007ff80d87d000 	C:\Windows\SYSTEM32\WINMMBASE.dll
0x00007ff810af0000 - 0x00007ff810b3a000 	C:\Windows\System32\cfgmgr32.dll
0x00007ff80d920000 - 0x00007ff80d92f000 	C:\Program Files\Android\Android Studio\jre\jre\bin\verify.dll
0x00007ff80c2b0000 - 0x00007ff80c2d9000 	C:\Program Files\Android\Android Studio\jre\jre\bin\java.dll
0x00007ff80c260000 - 0x00007ff80c276000 	C:\Program Files\Android\Android Studio\jre\jre\bin\zip.dll
0x00007ff8117d0000 - 0x00007ff812cbf000 	C:\Windows\System32\SHELL32.dll
0x00007ff811460000 - 0x00007ff811508000 	C:\Windows\System32\shcore.dll
0x00007ff810b40000 - 0x00007ff811288000 	C:\Windows\System32\windows.storage.dll
0x00007ff8101a0000 - 0x00007ff8101c4000 	C:\Windows\System32\profapi.dll
0x00007ff810140000 - 0x00007ff81019d000 	C:\Windows\System32\powrprof.dll
0x00007ff814040000 - 0x00007ff814092000 	C:\Windows\System32\shlwapi.dll
0x00007ff810100000 - 0x00007ff810111000 	C:\Windows\System32\kernel.appcore.dll
0x00007ff8102d0000 - 0x00007ff8102e7000 	C:\Windows\System32\cryptsp.dll
0x00007ff8099b0000 - 0x00007ff8099ca000 	C:\Program Files\Android\Android Studio\jre\jre\bin\net.dll
0x00007ff80f990000 - 0x00007ff80f9f7000 	C:\Windows\system32\mswsock.dll
0x00007ff8098c0000 - 0x00007ff8098d1000 	C:\Program Files\Android\Android Studio\jre\jre\bin\nio.dll
0x00007ff8097e0000 - 0x00007ff8097fe000 	C:\Users\ALEXANDER\.gradle\native\25\windows-amd64\native-platform.dll
0x00007ff80c370000 - 0x00007ff80c37d000 	C:\Program Files\Android\Android Studio\jre\jre\bin\management.dll
0x00007ff80f4f0000 - 0x00007ff80f523000 	C:\Windows\system32\rsaenh.dll
0x00007ff8101f0000 - 0x00007ff810216000 	C:\Windows\System32\bcrypt.dll
0x00007ff810030000 - 0x00007ff810058000 	C:\Windows\SYSTEM32\USERENV.dll
0x00007ff80fb60000 - 0x00007ff80fb6c000 	C:\Windows\SYSTEM32\CRYPTBASE.dll
0x00007ff80f690000 - 0x00007ff80f6cd000 	C:\Windows\SYSTEM32\IPHLPAPI.DLL
0x00007ff8130d0000 - 0x00007ff8130d8000 	C:\Windows\System32\NSI.dll
0x00007ff806dc0000 - 0x00007ff806dd6000 	C:\Windows\SYSTEM32\dhcpcsvc6.DLL
0x00007ff806da0000 - 0x00007ff806dbc000 	C:\Windows\SYSTEM32\dhcpcsvc.DLL
0x00007ff80f6d0000 - 0x00007ff80f796000 	C:\Windows\SYSTEM32\DNSAPI.dll

VM Arguments:
jvm_args: -Xmx1536m -Dfile.encoding=windows-1252 -Duser.country=US -Duser.language=en -Duser.variant 
java_command: org.gradle.launcher.daemon.bootstrap.GradleDaemon 4.10
java_class_path (initial): F:\Personae\Projects\Asandic Android Proj\gradle-4.10\lib\gradle-launcher-4.10.jar
Launcher Type: SUN_STANDARD

Environment Variables:
JAVA_HOME=C:\Program Files\Java\jdk1.8.0_77
PATH=C:\ProgramData\Oracle\Java\javapath;C:\Windows\system32;C:\Windows;C:\Windows\System32\Wbem;C:\Windows\System32\WindowsPowerShell\v1.0\;C:\Windows\System32\OpenSSH\;E:\AOMEI Backupper;C:\Program Files\Microsoft SQL Server\Client SDK\ODBC\130\Tools\Binn\;C:\Program Files (x86)\Microsoft SQL Server\130\Tools\Binn\;C:\Program Files\Microsoft SQL Server\130\Tools\Binn\;C:\Program Files\Microsoft SQL Server\130\DTS\Binn\;C:\Program Files (x86)\Microsoft SQL Server\Client SDK\ODBC\130\Tools\Binn\;C:\Program Files (x86)\Microsoft SQL Server\140\Tools\Binn\;C:\Program Files (x86)\Microsoft SQL Server\140\DTS\Binn\;C:\Program Files (x86)\Microsoft SQL Server\140\Tools\Binn\ManagementStudio\;C:\Program Files (x86)\Brackets\command;C:\Windows\system32\config\systemprofile\.dnx\bin;C:\Program Files\Microsoft DNX\Dnvm\;C:\Program Files\Git\cmd;C:\Program Files (x86)\ATI Technologies\ATI.ACE\Core-Static;C:\Program Files\Java\jdk1.8.0_77\bin;C:\Program Files (x86)\sbt\bin;C:\Program Files\nodejs\;C:\Users\ALEXANDER\AppData\Local\Microsoft\WindowsApps;C:\Users\ALEXANDER\AppData\Local\atom\bin;C:\Users\ALEXANDER\AppData\Local\Programs\Microsoft VS Code\bin;C:\Users\ALEXANDER\AppData\Roaming\npm
USERNAME=ALEXANDER
OS=Windows_NT
PROCESSOR_IDENTIFIER=Intel64 Family 6 Model 58 Stepping 9, GenuineIntel



---------------  S Y S T E M  ---------------

OS: Windows 10.0 , 64 bit Build 17758 (10.0.17758.1)

CPU:total 4 (initial active 4) (2 cores per cpu, 2 threads per core) family 6 model 58 stepping 9, cmov, cx8, fxsr, mmx, sse, sse2, sse3, ssse3, sse4.1, sse4.2, popcnt, avx, aes, clmul, erms, ht, tsc, tscinvbit, tscinv

Memory: 4k page, physical 6191420k(667956k free), swap 6191420k(5592k free)

vm_info: OpenJDK 64-Bit Server VM (25.202-b03) for windows-amd64 JRE (1.8.0_202-release-1483-b03), built by "builder" with MS VC++ 10.0 (VS2010)

time: Fri Nov 01 12:02:17 2019
timezone: GMT Standard Time
elapsed time: 5 seconds (0d 0h 0m 5s)

