#
# There is insufficient memory for the Java Runtime Environment to continue.
# Native memory allocation (malloc) failed to allocate 219296 bytes for Chunk::new
# Possible reasons:
#   The system is out of physical RAM or swap space
#   The process is running with CompressedOops enabled, and the Java Heap may be blocking the growth of the native heap
# Possible solutions:
#   Reduce memory load on the system
#   Increase physical memory or swap space
#   Check if swap backing store is full
#   Decrease Java heap size (-Xmx/-Xms)
#   Decrease number of Java threads
#   Decrease Java thread stack sizes (-Xss)
#   Set larger code cache with -XX:ReservedCodeCacheSize=
#   JVM is running with Unscaled Compressed Oops mode in which the Java heap is
#     placed in the first 4GB address space. The Java Heap base address is the
#     maximum limit for the native heap growth. Please use -XX:HeapBaseMinAddress
#     to set the Java Heap base and to place the Java Heap above 4GB virtual address.
# This output file may be truncated or incomplete.
#
#  Out of Memory Error (allocation.cpp:389), pid=2944, tid=0x000000000000186c
#
# JRE version: OpenJDK Runtime Environment (8.0_202-b03) (build 1.8.0_202-release-1483-b03)
# Java VM: OpenJDK 64-Bit Server VM (25.202-b03 mixed mode windows-amd64 compressed oops)
# Failed to write core dump. Minidumps are not enabled by default on client versions of Windows
#

---------------  T H R E A D  ---------------

Current thread (0x000000001667c800):  JavaThread "C2 CompilerThread1" daemon [_thread_in_native, id=6252, stack(0x0000000017dd0000,0x0000000017ed0000)]

Stack: [0x0000000017dd0000,0x0000000017ed0000]
[error occurred during error reporting (printing stack bounds), id 0xc0000005]

Native frames: (J=compiled Java code, j=interpreted, Vv=VM code, C=native code)


Current CompileTask:
C2:1889865 22844       4       com.android.tools.r8.graph.w::j (280 bytes)


---------------  P R O C E S S  ---------------

Java Threads: ( => current thread )
  0x00000000219e3000 JavaThread "ForkJoinPool.commonPool-worker-2" daemon [_thread_blocked, id=6716, stack(0x00000000389d0000,0x0000000038ad0000)]
  0x00000000219db000 JavaThread "ForkJoinPool.commonPool-worker-1" daemon [_thread_blocked, id=5664, stack(0x00000000388d0000,0x00000000389d0000)]
  0x00000000219e2000 JavaThread "stdout" [_thread_in_native, id=8404, stack(0x00000000387d0000,0x00000000388d0000)]
  0x00000000219e1800 JavaThread "stderr" [_thread_in_native, id=880, stack(0x00000000386d0000,0x00000000387d0000)]
  0x00000000219d9800 JavaThread "stdout" [_thread_in_native, id=9764, stack(0x00000000385d0000,0x00000000386d0000)]
  0x00000000219e0800 JavaThread "stderr" [_thread_in_native, id=11868, stack(0x00000000384d0000,0x00000000385d0000)]
  0x00000000219da800 JavaThread "stdout" [_thread_in_native, id=4576, stack(0x00000000383d0000,0x00000000384d0000)]
  0x00000000219e0000 JavaThread "stderr" [_thread_in_native, id=11856, stack(0x00000000382d0000,0x00000000383d0000)]
  0x00000000219d8000 JavaThread "stdout" [_thread_in_native, id=12044, stack(0x00000000381d0000,0x00000000382d0000)]
  0x00000000219dd800 JavaThread "stderr" [_thread_in_native, id=6028, stack(0x00000000380d0000,0x00000000381d0000)]
  0x00000000219d9000 JavaThread "pool-36-thread-1" [_thread_blocked, id=12028, stack(0x0000000037fd0000,0x00000000380d0000)]
  0x00000000219d7800 JavaThread "MarlinRenderer Disposer" daemon [_thread_blocked, id=11412, stack(0x0000000037ed0000,0x0000000037fd0000)]
  0x00000000219de800 JavaThread "Java2D Disposer" daemon [_thread_blocked, id=1364, stack(0x0000000037dd0000,0x0000000037ed0000)]
  0x00000000219dc800 JavaThread "WorkerExecutor Queue Thread 5" [_thread_blocked, id=204, stack(0x0000000037cd0000,0x0000000037dd0000)]
  0x000000001ece8800 JavaThread "WorkerExecutor Queue Thread 4" [_thread_blocked, id=9668, stack(0x00000000379d0000,0x0000000037ad0000)]
  0x0000000018d1b000 JavaThread "WorkerExecutor Queue Thread 3" [_thread_blocked, id=9260, stack(0x00000000378d0000,0x00000000379d0000)]
  0x000000001f5a9800 JavaThread "WorkerExecutor Queue" [_thread_blocked, id=9848, stack(0x00000000375d0000,0x00000000376d0000)]
  0x000000001f5ab800 JavaThread "Cache worker for execution history cache (C:\Users\ALEXANDER\AndroidStudioProjects\Asandic\.gradle\5.5\executionHistory)" [_thread_blocked, id=12156, stack(0x00000000374d0000,0x00000000375d0000)]
  0x000000001f5b0000 JavaThread "Execution worker for ':' Thread 3" [_thread_blocked, id=1532, stack(0x00000000373d0000,0x00000000374d0000)]
  0x000000001f5a8800 JavaThread "Execution worker for ':' Thread 2" [_thread_blocked, id=8648, stack(0x00000000372d0000,0x00000000373d0000)]
  0x000000001f5af800 JavaThread "Execution worker for ':'" [_thread_blocked, id=8496, stack(0x00000000371d0000,0x00000000372d0000)]
  0x000000001f5a1000 JavaThread "Cache worker for file content cache (C:\Users\ALEXANDER\AndroidStudioProjects\Asandic\.gradle\5.5\fileContent)" [_thread_blocked, id=8196, stack(0x00000000370d0000,0x00000000371d0000)]
  0x000000001f5a8000 JavaThread "Cache worker for file content cache (C:\Users\ALEXANDER\.gradle\caches\5.5\fileContent)" [_thread_blocked, id=9432, stack(0x0000000036fd0000,0x00000000370d0000)]
  0x000000001f5a7000 JavaThread "Cache worker for Build Output Cleanup Cache (C:\Users\ALEXANDER\AndroidStudioProjects\Asandic\.gradle\buildOutputCleanup)" [_thread_blocked, id=8584, stack(0x0000000036ed0000,0x0000000036fd0000)]
  0x000000001f5a4000 JavaThread "Build operations Thread 4" [_thread_in_Java, id=5824, stack(0x0000000036dd0000,0x0000000036ed0000)]
  0x000000001f5a3800 JavaThread "Build operations Thread 3" [_thread_in_native, id=9524, stack(0x0000000036cd0000,0x0000000036dd0000)]
  0x000000001ecf3800 JavaThread "Build operations Thread 2" [_thread_in_Java, id=3964, stack(0x0000000036bd0000,0x0000000036cd0000)]
  0x000000001ecf1800 JavaThread "Build operations" [_thread_in_Java, id=11664, stack(0x0000000036ad0000,0x0000000036bd0000)]
  0x000000001ecf6000 JavaThread "Cache worker for cache directory md-rule (C:\Users\ALEXANDER\.gradle\caches\5.5\md-rule)" [_thread_blocked, id=1880, stack(0x00000000369d0000,0x0000000036ad0000)]
  0x000000001ecf0800 JavaThread "Cache worker for cache directory md-supplier (C:\Users\ALEXANDER\.gradle\caches\5.5\md-supplier)" [_thread_blocked, id=5196, stack(0x00000000368d0000,0x00000000369d0000)]
  0x000000001ecf6800 JavaThread "Cache worker for file hash cache (C:\Users\ALEXANDER\AndroidStudioProjects\Asandic\.gradle\5.5\fileHashes)" [_thread_blocked, id=5876, stack(0x00000000367d0000,0x00000000368d0000)]
  0x000000001ecf3000 JavaThread "Thread-270" [_thread_blocked, id=3656, stack(0x00000000366d0000,0x00000000367d0000)]
  0x000000001ece7800 JavaThread "Stdin handler" [_thread_blocked, id=4784, stack(0x00000000365d0000,0x00000000366d0000)]
  0x000000001ecea800 JavaThread "Asynchronous log dispatcher for DefaultDaemonConnection: socket connection from /127.0.0.1:50458 to /127.0.0.1:50933" [_thread_blocked, id=3820, stack(0x00000000364d0000,0x00000000365d0000)]
  0x000000001ecec000 JavaThread "Cancel handler" [_thread_blocked, id=10304, stack(0x00000000363d0000,0x00000000364d0000)]
  0x000000001ece9000 JavaThread "Handler for socket connection from /127.0.0.1:50458 to /127.0.0.1:50933" [_thread_in_native, id=4064, stack(0x00000000362d0000,0x00000000363d0000)]
  0x000000001f5a5000 JavaThread "Daemon worker Thread 4" [_thread_blocked, id=5468, stack(0x00000000335d0000,0x00000000336d0000)]
  0x000000001f5a2000 JavaThread "Daemon Thread 4" [_thread_blocked, id=8752, stack(0x00000000332d0000,0x00000000333d0000)]
  0x000000001ecef000 JavaThread "Memory manager" [_thread_blocked, id=1688, stack(0x0000000023750000,0x0000000023850000)]
  0x0000000018d1c800 JavaThread "Cache worker for execution history cache (C:\Users\ALEXANDER\.gradle\caches\5.5\executionHistory)" [_thread_blocked, id=5640, stack(0x000000001f6b0000,0x000000001f7b0000)]
  0x0000000018d1d800 JavaThread "Cache worker for journal cache (C:\Users\ALEXANDER\.gradle\caches\journal-1)" [_thread_blocked, id=10060, stack(0x000000001c3f0000,0x000000001c4f0000)]
  0x0000000018d19000 JavaThread "File lock request listener" [_thread_in_native, id=5760, stack(0x000000001c0f0000,0x000000001c1f0000)]
  0x0000000019b8c800 JavaThread "Cache worker for file hash cache (C:\Users\ALEXANDER\.gradle\caches\5.5\fileHashes)" [_thread_blocked, id=9444, stack(0x000000001bff0000,0x000000001c0f0000)]
  0x000000001949c800 JavaThread "Daemon periodic checks" [_thread_blocked, id=3068, stack(0x000000001b5f0000,0x000000001b6f0000)]
  0x00000000197be800 JavaThread "Incoming local TCP Connector on port 50458" [_thread_in_native, id=9688, stack(0x000000001b3b0000,0x000000001b4b0000)]
  0x0000000019708800 JavaThread "Daemon health stats" [_thread_blocked, id=10444, stack(0x000000001ad70000,0x000000001ae70000)]
  0x0000000017ff8800 JavaThread "Service Thread" daemon [_thread_blocked, id=3884, stack(0x00000000183d0000,0x00000000184d0000)]
  0x0000000016683000 JavaThread "C1 CompilerThread2" daemon [_thread_in_native, id=12136, stack(0x0000000017ed0000,0x0000000017fd0000)]
=>0x000000001667c800 JavaThread "C2 CompilerThread1" daemon [_thread_in_native, id=6252, stack(0x0000000017dd0000,0x0000000017ed0000)]
  0x000000001667a000 JavaThread "C2 CompilerThread0" daemon [_thread_in_native, id=11640, stack(0x0000000017cd0000,0x0000000017dd0000)]
  0x0000000016687800 JavaThread "Attach Listener" daemon [_thread_blocked, id=8228, stack(0x0000000017bd0000,0x0000000017cd0000)]
  0x0000000016686800 JavaThread "Signal Dispatcher" daemon [_thread_blocked, id=11084, stack(0x0000000017ad0000,0x0000000017bd0000)]
  0x0000000002d0d800 JavaThread "Finalizer" daemon [_thread_blocked, id=12236, stack(0x00000000178d0000,0x00000000179d0000)]
  0x0000000016669000 JavaThread "Reference Handler" daemon [_thread_blocked, id=2628, stack(0x00000000177d0000,0x00000000178d0000)]
  0x0000000002c12800 JavaThread "main" [_thread_blocked, id=11984, stack(0x0000000002b10000,0x0000000002c10000)]

Other Threads:
  0x0000000016646000 VMThread [stack: 0x00000000176d0000,0x00000000177d0000] [id=8484]
  0x0000000017ffd000 WatcherThread [stack: 0x00000000184d0000,0x00000000185d0000] [id=12176]

VM state:not at safepoint (normal execution)

VM Mutex/Monitor currently owned by a thread:  ([mutex/lock_event])
[0x0000000002c10fd0] MethodData_lock - owner thread: 0x0000000000000000

heap address: 0x00000000a0000000, size: 1536 MB, Compressed Oops mode: 32-bit
Narrow klass base: 0x0000000000000000, Narrow klass shift: 3
Compressed class space size: 1073741824 Address: 0x0000000100000000

Heap:
 PSYoungGen      total 391168K, used 238765K [0x00000000e0000000, 0x00000000f9880000, 0x0000000100000000)
  eden space 372224K, 62% used [0x00000000e0000000,0x00000000ee4f0e28,0x00000000f6b80000)
  from space 18944K, 22% used [0x00000000f8600000,0x00000000f8a3a798,0x00000000f9880000)
  to   space 23040K, 0% used [0x00000000f6b80000,0x00000000f6b80000,0x00000000f8200000)
 ParOldGen       total 132096K, used 109316K [0x00000000a0000000, 0x00000000a8100000, 0x00000000e0000000)
  object space 132096K, 82% used [0x00000000a0000000,0x00000000a6ac1008,0x00000000a8100000)
 Metaspace       used 116278K, capacity 126924K, committed 127192K, reserved 1163264K
  class space    used 14894K, capacity 16588K, committed 16640K, reserved 1048576K

Card table byte_map: [0x00000000120d0000,0x00000000123e0000] byte_map_base: 0x0000000011bd0000

Marking Bits: (ParMarkBitMap*) 0x0000000071639f30
 Begin Bits: [0x00000000129e0000, 0x00000000141e0000)
 End Bits:   [0x00000000141e0000, 0x00000000159e0000)

Polling page: 0x00000000012c0000

CodeCache: size=245760Kb used=67744Kb max_used=68003Kb free=178015Kb
 bounds [0x0000000002d10000, 0x0000000006fe0000, 0x0000000011d10000]
 total_blobs=19372 nmethods=18378 adapters=905
 compilation: enabled

Compilation events (10 events):
Event: 1889.854 Thread 0x0000000016683000 nmethod 22879 0x0000000006c6c050 code [0x0000000006c6c1e0, 0x0000000006c6c518]
Event: 1889.854 Thread 0x0000000016683000 22875       3       com.android.tools.r8.utils.u::a (46 bytes)
Event: 1889.855 Thread 0x0000000016683000 nmethod 22875 0x0000000006cb1e90 code [0x0000000006cb2060, 0x0000000006cb2a48]
Event: 1889.855 Thread 0x0000000016683000 22871       3       com.android.tools.r8.graph.B::c (8 bytes)
Event: 1889.855 Thread 0x0000000016683000 nmethod 22871 0x0000000006d5dfd0 code [0x0000000006d5e160, 0x0000000006d5e4d0]
Event: 1889.855 Thread 0x0000000016683000 22789       1       com.android.tools.r8.graph.InnerClassAttribute::a (5 bytes)
Event: 1889.856 Thread 0x0000000016683000 nmethod 22789 0x000000000583a0d0 code [0x000000000583a220, 0x000000000583a330]
Event: 1889.856 Thread 0x0000000016683000 22872       3       com.android.tools.r8.graph.FieldAccessFlags::g (13 bytes)
Event: 1889.856 Thread 0x0000000016683000 nmethod 22872 0x0000000006cb1910 code [0x0000000006cb1a80, 0x0000000006cb1d30]
Event: 1889.856 Thread 0x0000000016683000 22880       3       com.android.tools.r8.graph.DexAnnotationSet::b (60 bytes)

GC Heap History (10 events):
Event: 504.527 GC heap before
{Heap before GC invocations=48 (full 4):
 PSYoungGen      total 265216K, used 245370K [0x00000000e0000000, 0x00000000f4880000, 0x0000000100000000)
  eden space 236544K, 100% used [0x00000000e0000000,0x00000000ee700000,0x00000000ee700000)
  from space 28672K, 30% used [0x00000000ee700000,0x00000000eef9ebf0,0x00000000f0300000)
  to   space 27136K, 0% used [0x00000000f2e00000,0x00000000f2e00000,0x00000000f4880000)
 ParOldGen       total 132096K, used 89907K [0x00000000a0000000, 0x00000000a8100000, 0x00000000e0000000)
  object space 132096K, 68% used [0x00000000a0000000,0x00000000a57ccde8,0x00000000a8100000)
 Metaspace       used 107228K, capacity 114910K, committed 115160K, reserved 1148928K
  class space    used 13707K, capacity 15028K, committed 15104K, reserved 1048576K
Event: 504.548 GC heap after
Heap after GC invocations=48 (full 4):
 PSYoungGen      total 305152K, used 7398K [0x00000000e0000000, 0x00000000f4600000, 0x0000000100000000)
  eden space 280576K, 0% used [0x00000000e0000000,0x00000000e0000000,0x00000000f1200000)
  from space 24576K, 30% used [0x00000000f2e00000,0x00000000f3539a60,0x00000000f4600000)
  to   space 26624K, 0% used [0x00000000f1200000,0x00000000f1200000,0x00000000f2c00000)
 ParOldGen       total 132096K, used 93495K [0x00000000a0000000, 0x00000000a8100000, 0x00000000e0000000)
  object space 132096K, 70% used [0x00000000a0000000,0x00000000a5b4dfd8,0x00000000a8100000)
 Metaspace       used 107228K, capacity 114910K, committed 115160K, reserved 1148928K
  class space    used 13707K, capacity 15028K, committed 15104K, reserved 1048576K
}
Event: 618.273 GC heap before
{Heap before GC invocations=49 (full 4):
 PSYoungGen      total 305152K, used 287974K [0x00000000e0000000, 0x00000000f4600000, 0x0000000100000000)
  eden space 280576K, 100% used [0x00000000e0000000,0x00000000f1200000,0x00000000f1200000)
  from space 24576K, 30% used [0x00000000f2e00000,0x00000000f3539a60,0x00000000f4600000)
  to   space 26624K, 0% used [0x00000000f1200000,0x00000000f1200000,0x00000000f2c00000)
 ParOldGen       total 132096K, used 93495K [0x00000000a0000000, 0x00000000a8100000, 0x00000000e0000000)
  object space 132096K, 70% used [0x00000000a0000000,0x00000000a5b4dfd8,0x00000000a8100000)
 Metaspace       used 107945K, capacity 116256K, committed 116312K, reserved 1150976K
  class space    used 13816K, capacity 15188K, committed 15232K, reserved 1048576K
Event: 618.294 GC heap after
Heap after GC invocations=49 (full 4):
 PSYoungGen      total 307200K, used 9709K [0x00000000e0000000, 0x00000000f7300000, 0x0000000100000000)
  eden space 280576K, 0% used [0x00000000e0000000,0x00000000e0000000,0x00000000f1200000)
  from space 26624K, 36% used [0x00000000f1200000,0x00000000f1b7b4c0,0x00000000f2c00000)
  to   space 25088K, 0% used [0x00000000f5a80000,0x00000000f5a80000,0x00000000f7300000)
 ParOldGen       total 132096K, used 96824K [0x00000000a0000000, 0x00000000a8100000, 0x00000000e0000000)
  object space 132096K, 73% used [0x00000000a0000000,0x00000000a5e8e0e8,0x00000000a8100000)
 Metaspace       used 107945K, capacity 116256K, committed 116312K, reserved 1150976K
  class space    used 13816K, capacity 15188K, committed 15232K, reserved 1048576K
}
Event: 1821.730 GC heap before
{Heap before GC invocations=50 (full 4):
 PSYoungGen      total 307200K, used 290285K [0x00000000e0000000, 0x00000000f7300000, 0x0000000100000000)
  eden space 280576K, 100% used [0x00000000e0000000,0x00000000f1200000,0x00000000f1200000)
  from space 26624K, 36% used [0x00000000f1200000,0x00000000f1b7b4c0,0x00000000f2c00000)
  to   space 25088K, 0% used [0x00000000f5a80000,0x00000000f5a80000,0x00000000f7300000)
 ParOldGen       total 132096K, used 96824K [0x00000000a0000000, 0x00000000a8100000, 0x00000000e0000000)
  object space 132096K, 73% used [0x00000000a0000000,0x00000000a5e8e0e8,0x00000000a8100000)
 Metaspace       used 109150K, capacity 118896K, committed 119000K, reserved 1153024K
  class space    used 14031K, capacity 15565K, committed 15616K, reserved 1048576K
Event: 1821.769 GC heap after
Heap after GC invocations=50 (full 4):
 PSYoungGen      total 346624K, used 9570K [0x00000000e0000000, 0x00000000f6e00000, 0x0000000100000000)
  eden space 326656K, 0% used [0x00000000e0000000,0x00000000e0000000,0x00000000f3f00000)
  from space 19968K, 47% used [0x00000000f5a80000,0x00000000f63d88e0,0x00000000f6e00000)
  to   space 24064K, 0% used [0x00000000f3f00000,0x00000000f3f00000,0x00000000f5680000)
 ParOldGen       total 132096K, used 100517K [0x00000000a0000000, 0x00000000a8100000, 0x00000000e0000000)
  object space 132096K, 76% used [0x00000000a0000000,0x00000000a6229468,0x00000000a8100000)
 Metaspace       used 109150K, capacity 118896K, committed 119000K, reserved 1153024K
  class space    used 14031K, capacity 15565K, committed 15616K, reserved 1048576K
}
Event: 1871.278 GC heap before
{Heap before GC invocations=51 (full 4):
 PSYoungGen      total 346624K, used 336226K [0x00000000e0000000, 0x00000000f6e00000, 0x0000000100000000)
  eden space 326656K, 100% used [0x00000000e0000000,0x00000000f3f00000,0x00000000f3f00000)
  from space 19968K, 47% used [0x00000000f5a80000,0x00000000f63d88e0,0x00000000f6e00000)
  to   space 24064K, 0% used [0x00000000f3f00000,0x00000000f3f00000,0x00000000f5680000)
 ParOldGen       total 132096K, used 100517K [0x00000000a0000000, 0x00000000a8100000, 0x00000000e0000000)
  object space 132096K, 76% used [0x00000000a0000000,0x00000000a6229468,0x00000000a8100000)
 Metaspace       used 110798K, capacity 121130K, committed 121432K, reserved 1155072K
  class space    used 14253K, capacity 15913K, committed 16000K, reserved 1048576K
Event: 1871.299 GC heap after
Heap after GC invocations=51 (full 4):
 PSYoungGen      total 350720K, used 8257K [0x00000000e0000000, 0x00000000f9c80000, 0x0000000100000000)
  eden space 326656K, 0% used [0x00000000e0000000,0x00000000e0000000,0x00000000f3f00000)
  from space 24064K, 34% used [0x00000000f3f00000,0x00000000f47105b0,0x00000000f5680000)
  to   space 23040K, 0% used [0x00000000f8600000,0x00000000f8600000,0x00000000f9c80000)
 ParOldGen       total 132096K, used 103880K [0x00000000a0000000, 0x00000000a8100000, 0x00000000e0000000)
  object space 132096K, 78% used [0x00000000a0000000,0x00000000a65720a0,0x00000000a8100000)
 Metaspace       used 110798K, capacity 121130K, committed 121432K, reserved 1155072K
  class space    used 14253K, capacity 15913K, committed 16000K, reserved 1048576K
}
Event: 1886.881 GC heap before
{Heap before GC invocations=52 (full 4):
 PSYoungGen      total 350720K, used 334913K [0x00000000e0000000, 0x00000000f9c80000, 0x0000000100000000)
  eden space 326656K, 100% used [0x00000000e0000000,0x00000000f3f00000,0x00000000f3f00000)
  from space 24064K, 34% used [0x00000000f3f00000,0x00000000f47105b0,0x00000000f5680000)
  to   space 23040K, 0% used [0x00000000f8600000,0x00000000f8600000,0x00000000f9c80000)
 ParOldGen       total 132096K, used 103880K [0x00000000a0000000, 0x00000000a8100000, 0x00000000e0000000)
  object space 132096K, 78% used [0x00000000a0000000,0x00000000a65720a0,0x00000000a8100000)
 Metaspace       used 114089K, capacity 124516K, committed 124760K, reserved 1157120K
  class space    used 14588K, capacity 16212K, committed 16256K, reserved 1048576K
Event: 1886.906 GC heap after
Heap after GC invocations=52 (full 4):
 PSYoungGen      total 391168K, used 4329K [0x00000000e0000000, 0x00000000f9880000, 0x0000000100000000)
  eden space 372224K, 0% used [0x00000000e0000000,0x00000000e0000000,0x00000000f6b80000)
  from space 18944K, 22% used [0x00000000f8600000,0x00000000f8a3a798,0x00000000f9880000)
  to   space 23040K, 0% used [0x00000000f6b80000,0x00000000f6b80000,0x00000000f8200000)
 ParOldGen       total 132096K, used 109316K [0x00000000a0000000, 0x00000000a8100000, 0x00000000e0000000)
  object space 132096K, 82% used [0x00000000a0000000,0x00000000a6ac1008,0x00000000a8100000)
 Metaspace       used 114089K, capacity 124516K, committed 124760K, reserved 1157120K
  class space    used 14588K, capacity 16212K, committed 16256K, reserved 1048576K
}

Deoptimization events (10 events):
Event: 1888.401 Thread 0x000000001f5a5000 Uncommon trap: reason=unstable_if action=reinterpret pc=0x0000000004804508 method=org.gradle.api.internal.artifacts.transform.DefaultExecutionGraphDependenciesResolver.forTransformer(Lorg/gradle/api/internal/artifacts/transform/Transformer;)Lorg/gradle/in
Event: 1888.402 Thread 0x000000001f5a5000 Uncommon trap: reason=class_check action=maybe_recompile pc=0x000000000534524c method=org.gradle.api.internal.artifacts.transform.TransformationStep$$Lambda$347/1938018533.apply(Ljava/lang/Object;)Ljava/lang/Object; @ 13
Event: 1888.404 Thread 0x000000001f5a5000 Uncommon trap: reason=class_check action=maybe_recompile pc=0x000000000534524c method=org.gradle.api.internal.artifacts.transform.TransformationStep$$Lambda$347/1938018533.apply(Ljava/lang/Object;)Ljava/lang/Object; @ 13
Event: 1888.858 Thread 0x000000001ecf3800 Uncommon trap: reason=unstable_if action=reinterpret pc=0x000000000583d568 method=com.android.tools.r8.utils.ZipUtils.isClassFile(Ljava/lang/String;)Z @ 22
Event: 1888.920 Thread 0x000000001f5a3800 Uncommon trap: reason=unstable_if action=reinterpret pc=0x000000000380380c method=java.util.regex.Pattern.has(I)Z @ 6
Event: 1889.476 Thread 0x000000001ecf1800 Uncommon trap: reason=class_check action=maybe_recompile pc=0x0000000005dd6554 method=java.util.stream.StreamOpFlag.fromCharacteristics(Ljava/util/Spliterator;)I @ 14
Event: 1889.476 Thread 0x000000001f5a4000 Uncommon trap: reason=class_check action=maybe_recompile pc=0x0000000005dd6554 method=java.util.stream.StreamOpFlag.fromCharacteristics(Ljava/util/Spliterator;)I @ 14
Event: 1889.476 Thread 0x000000001ecf3800 Uncommon trap: reason=class_check action=maybe_recompile pc=0x0000000005dd6554 method=java.util.stream.StreamOpFlag.fromCharacteristics(Ljava/util/Spliterator;)I @ 14
Event: 1889.476 Thread 0x000000001f5a3800 Uncommon trap: reason=class_check action=maybe_recompile pc=0x0000000005dd6554 method=java.util.stream.StreamOpFlag.fromCharacteristics(Ljava/util/Spliterator;)I @ 14
Event: 1889.586 Thread 0x000000001f5a3800 Uncommon trap: reason=unstable_if action=reinterpret pc=0x00000000037422e0 method=java.nio.Bits.putInt(Ljava/nio/ByteBuffer;IIZ)V @ 1

Classes redefined (0 events):
No events

Internal exceptions (10 events):
Event: 1885.479 Thread 0x00000000219e3000 Exception <a 'java/lang/NoSuchMethodError': java.lang.Object.lambda$static$0(Ljava/lang/String;)Z> (0x00000000e9337e00) thrown at [D:\src\AOSP-openjdk-cygwin\jdk8u\hotspot\src\share\vm\interpreter\linkResolver.cpp, line 620]
Event: 1885.778 Thread 0x000000001f5b0000 Implicit null exception at 0x00000000061d4b5a to 0x00000000061d5035
Event: 1888.989 Thread 0x000000001f5a3800 Exception <a 'java/lang/NoSuchMethodError': java.lang.Object.lambda$and$0(Ljava/util/function/Predicate;Ljava/lang/Object;)Z> (0x00000000eba4a768) thrown at [D:\src\AOSP-openjdk-cygwin\jdk8u\hotspot\src\share\vm\interpreter\linkResolver.cpp, line 620]
Event: 1888.989 Thread 0x000000001ecf1800 Exception <a 'java/lang/NoSuchMethodError': java.lang.Object.lambda$and$0(Ljava/util/function/Predicate;Ljava/lang/Object;)Z> (0x00000000eba20f78) thrown at [D:\src\AOSP-openjdk-cygwin\jdk8u\hotspot\src\share\vm\interpreter\linkResolver.cpp, line 620]
Event: 1888.990 Thread 0x000000001f5a4000 Exception <a 'java/lang/NoSuchMethodError': java.lang.Object.lambda$and$0(Ljava/util/function/Predicate;Ljava/lang/Object;)Z> (0x00000000eb9e9e88) thrown at [D:\src\AOSP-openjdk-cygwin\jdk8u\hotspot\src\share\vm\interpreter\linkResolver.cpp, line 620]
Event: 1888.996 Thread 0x000000001ecf3800 Exception <a 'java/lang/NoSuchMethodError': java.lang.Object.lambda$and$0(Ljava/util/function/Predicate;Ljava/lang/Object;)Z> (0x00000000eb5e63d8) thrown at [D:\src\AOSP-openjdk-cygwin\jdk8u\hotspot\src\share\vm\interpreter\linkResolver.cpp, line 620]
Event: 1889.159 Thread 0x000000001f5a3800 Exception <a 'sun/nio/fs/WindowsException'> (0x00000000ec229208) thrown at [D:\src\AOSP-openjdk-cygwin\jdk8u\hotspot\src\share\vm\prims\jni.cpp, line 710]
Event: 1889.165 Thread 0x000000001ecf1800 Exception <a 'sun/nio/fs/WindowsException'> (0x00000000ec819e48) thrown at [D:\src\AOSP-openjdk-cygwin\jdk8u\hotspot\src\share\vm\prims\jni.cpp, line 710]
Event: 1889.183 Thread 0x000000001f5a4000 Exception <a 'sun/nio/fs/WindowsException'> (0x00000000ecc68028) thrown at [D:\src\AOSP-openjdk-cygwin\jdk8u\hotspot\src\share\vm\prims\jni.cpp, line 710]
Event: 1889.201 Thread 0x000000001ecf3800 Exception <a 'sun/nio/fs/WindowsException'> (0x00000000ed023fc0) thrown at [D:\src\AOSP-openjdk-cygwin\jdk8u\hotspot\src\share\vm\prims\jni.cpp, line 710]

Events (10 events):
Event: 1889.803 Thread 0x0000000016683000 flushing nmethod 0x0000000006d5b890
Event: 1889.803 Thread 0x0000000016683000 flushing nmethod 0x0000000006d5e110
Event: 1889.803 Thread 0x0000000016683000 flushing nmethod 0x0000000006d6a7d0
Event: 1889.803 Thread 0x0000000016683000 flushing nmethod 0x0000000006da7e10
Event: 1889.803 Thread 0x0000000016683000 flushing nmethod 0x0000000006daa390
Event: 1889.803 Thread 0x0000000016683000 flushing nmethod 0x0000000006db9590
Event: 1889.850 loading class com/android/tools/r8/ir/conversion/a0
Event: 1889.850 loading class com/android/tools/r8/ir/conversion/a0 done
Event: 1889.851 loading class com/android/tools/r8/ir/regalloc/RegisterAllocator
Event: 1889.851 loading class com/android/tools/r8/ir/regalloc/RegisterAllocator done


Dynamic libraries:
0x00007ff777c00000 - 0x00007ff777c31000 	C:\Program Files\Android\Android Studio\jre\bin\java.exe
0x00007fff0e460000 - 0x00007fff0e64d000 	C:\Windows\SYSTEM32\ntdll.dll
0x00007fff0bba0000 - 0x00007fff0bc53000 	C:\Windows\System32\KERNEL32.DLL
0x00007fff0a910000 - 0x00007fff0aba3000 	C:\Windows\System32\KERNELBASE.dll
0x00007fff0db60000 - 0x00007fff0dc03000 	C:\Windows\System32\ADVAPI32.dll
0x00007fff0b7a0000 - 0x00007fff0b83e000 	C:\Windows\System32\msvcrt.dll
0x00007fff0dac0000 - 0x00007fff0db5e000 	C:\Windows\System32\sechost.dll
0x00007fff0c370000 - 0x00007fff0c493000 	C:\Windows\System32\RPCRT4.dll
0x00007fff0c010000 - 0x00007fff0c1a7000 	C:\Windows\System32\USER32.dll
0x00007fff0adc0000 - 0x00007fff0ade0000 	C:\Windows\System32\win32u.dll
0x00007fff0bc60000 - 0x00007fff0bc89000 	C:\Windows\System32\GDI32.dll
0x00007fff0a530000 - 0x00007fff0a6ca000 	C:\Windows\System32\gdi32full.dll
0x00007fff0a6d0000 - 0x00007fff0a770000 	C:\Windows\System32\msvcp_win.dll
0x00007fff0a770000 - 0x00007fff0a86c000 	C:\Windows\System32\ucrtbase.dll
0x00007ffef5100000 - 0x00007ffef5379000 	C:\Windows\WinSxS\amd64_microsoft.windows.common-controls_6595b64144ccf1df_6.0.17758.1_none_f04561a4ff3c0a8f\COMCTL32.dll
0x00007fff0dc10000 - 0x00007fff0df3e000 	C:\Windows\System32\combase.dll
0x00007fff0a870000 - 0x00007fff0a8ee000 	C:\Windows\System32\bcryptPrimitives.dll
0x00007fff0c4a0000 - 0x00007fff0c4ce000 	C:\Windows\System32\IMM32.DLL
0x0000000070d90000 - 0x0000000070e62000 	C:\Program Files\Android\Android Studio\jre\jre\bin\msvcr100.dll
0x0000000070e70000 - 0x00000000716b6000 	C:\Program Files\Android\Android Studio\jre\jre\bin\server\jvm.dll
0x00007fff0bb90000 - 0x00007fff0bb98000 	C:\Windows\System32\PSAPI.DLL
0x00007fff07bd0000 - 0x00007fff07bf4000 	C:\Windows\SYSTEM32\WINMM.dll
0x00007fff01eb0000 - 0x00007fff01eba000 	C:\Windows\SYSTEM32\VERSION.dll
0x00007ffefc2c0000 - 0x00007ffefc2c9000 	C:\Windows\SYSTEM32\WSOCK32.dll
0x00007fff0df40000 - 0x00007fff0dfad000 	C:\Windows\System32\WS2_32.dll
0x00007fff07ba0000 - 0x00007fff07bcd000 	C:\Windows\SYSTEM32\winmmbase.dll
0x00007fff0b640000 - 0x00007fff0b68a000 	C:\Windows\System32\cfgmgr32.dll
0x00007ffee51d0000 - 0x00007ffee51df000 	C:\Program Files\Android\Android Studio\jre\jre\bin\verify.dll
0x00007ffeceec0000 - 0x00007ffeceee9000 	C:\Program Files\Android\Android Studio\jre\jre\bin\java.dll
0x00007ffed0b80000 - 0x00007ffed0b96000 	C:\Program Files\Android\Android Studio\jre\jre\bin\zip.dll
0x00007fff0c550000 - 0x00007fff0da3f000 	C:\Windows\System32\SHELL32.dll
0x00007fff0b690000 - 0x00007fff0b738000 	C:\Windows\System32\shcore.dll
0x00007fff0aef0000 - 0x00007fff0b638000 	C:\Windows\System32\windows.storage.dll
0x00007fff0a4e0000 - 0x00007fff0a504000 	C:\Windows\System32\profapi.dll
0x00007fff0a480000 - 0x00007fff0a4dd000 	C:\Windows\System32\powrprof.dll
0x00007fff0c4d0000 - 0x00007fff0c522000 	C:\Windows\System32\shlwapi.dll
0x00007fff0a460000 - 0x00007fff0a471000 	C:\Windows\System32\kernel.appcore.dll
0x00007fff0a8f0000 - 0x00007fff0a907000 	C:\Windows\System32\cryptsp.dll
0x00007ffed0b60000 - 0x00007ffed0b7a000 	C:\Program Files\Android\Android Studio\jre\jre\bin\net.dll
0x00007fff09cf0000 - 0x00007fff09d57000 	C:\Windows\system32\mswsock.dll
0x00007ffecfa80000 - 0x00007ffecfa91000 	C:\Program Files\Android\Android Studio\jre\jre\bin\nio.dll
0x00007fff01280000 - 0x00007fff012a6000 	C:\Users\ALEXANDER\.gradle\native\29\windows-amd64\native-platform.dll
0x00007ffedf1c0000 - 0x00007ffedf1cd000 	C:\Program Files\Android\Android Studio\jre\jre\bin\management.dll
0x00007fff09850000 - 0x00007fff09883000 	C:\Windows\system32\rsaenh.dll
0x00007fff0abb0000 - 0x00007fff0abd6000 	C:\Windows\System32\bcrypt.dll
0x00007fff0a360000 - 0x00007fff0a388000 	C:\Windows\SYSTEM32\USERENV.dll
0x00007fff09ec0000 - 0x00007fff09ecc000 	C:\Windows\SYSTEM32\CRYPTBASE.dll
0x00007fff09a50000 - 0x00007fff09a8d000 	C:\Windows\SYSTEM32\IPHLPAPI.DLL
0x00007fff0c280000 - 0x00007fff0c288000 	C:\Windows\System32\NSI.dll
0x00007fff000d0000 - 0x00007fff000e6000 	C:\Windows\SYSTEM32\dhcpcsvc6.DLL
0x00007fff000b0000 - 0x00007fff000cc000 	C:\Windows\SYSTEM32\dhcpcsvc.DLL
0x00007fff09a90000 - 0x00007fff09b56000 	C:\Windows\SYSTEM32\DNSAPI.dll
0x00007ffee6e80000 - 0x00007ffee6ea4000 	C:\Program Files\Android\Android Studio\jre\jre\bin\sunec.dll
0x00007ffefd120000 - 0x00007ffefd12a000 	C:\Windows\System32\rasadhlp.dll
0x00007ffeffda0000 - 0x00007ffeffe19000 	C:\Windows\System32\fwpuclnt.dll
0x00007ffefc1a0000 - 0x00007ffefc1ab000 	C:\Program Files\Android\Android Studio\jre\jre\bin\sunmscapi.dll
0x00007fff0abe0000 - 0x00007fff0adbb000 	C:\Windows\System32\CRYPT32.dll
0x00007fff0a510000 - 0x00007fff0a522000 	C:\Windows\System32\MSASN1.dll
0x00007ffece7e0000 - 0x00007ffece97c000 	C:\Program Files\Android\Android Studio\jre\jre\bin\awt.dll
0x00007fff0c1b0000 - 0x00007fff0c27b000 	C:\Windows\System32\OLEAUT32.dll
0x00007fff08770000 - 0x00007fff0879e000 	C:\Windows\SYSTEM32\dwmapi.dll
0x00007fff061f0000 - 0x00007fff067ae000 	C:\Windows\SYSTEM32\d2d1.dll
0x00007fff07df0000 - 0x00007fff07e7c000 	C:\Windows\SYSTEM32\apphelp.dll
0x00007fff084d0000 - 0x00007fff0856c000 	C:\Windows\system32\uxtheme.dll

VM Arguments:
jvm_args: -Xmx1536m -Dfile.encoding=windows-1252 -Duser.country=US -Duser.language=en -Duser.variant 
java_command: org.gradle.launcher.daemon.bootstrap.GradleDaemon 5.5
java_class_path (initial): F:\Personae\Projects\Asandic Android Proj\gradle-5.5\lib\gradle-launcher-5.5.jar
Launcher Type: SUN_STANDARD

Environment Variables:
JAVA_HOME=C:\Program Files\Java\jdk1.8.0_77
PATH=C:\ProgramData\Oracle\Java\javapath;C:\Windows\system32;C:\Windows;C:\Windows\System32\Wbem;C:\Windows\System32\WindowsPowerShell\v1.0\;C:\Windows\System32\OpenSSH\;E:\AOMEI Backupper;C:\Program Files\Microsoft SQL Server\Client SDK\ODBC\130\Tools\Binn\;C:\Program Files (x86)\Microsoft SQL Server\130\Tools\Binn\;C:\Program Files\Microsoft SQL Server\130\Tools\Binn\;C:\Program Files\Microsoft SQL Server\130\DTS\Binn\;C:\Program Files (x86)\Microsoft SQL Server\Client SDK\ODBC\130\Tools\Binn\;C:\Program Files (x86)\Microsoft SQL Server\140\Tools\Binn\;C:\Program Files (x86)\Microsoft SQL Server\140\DTS\Binn\;C:\Program Files (x86)\Microsoft SQL Server\140\Tools\Binn\ManagementStudio\;C:\Program Files (x86)\Brackets\command;C:\Windows\system32\config\systemprofile\.dnx\bin;C:\Program Files\Microsoft DNX\Dnvm\;C:\Program Files\Git\cmd;C:\Program Files (x86)\ATI Technologies\ATI.ACE\Core-Static;C:\Program Files\Java\jdk1.8.0_77\bin;C:\Program Files (x86)\sbt\bin;C:\Program Files\nodejs\;C:\Users\ALEXANDER\AppData\Local\Microsoft\WindowsApps;C:\Users\ALEXANDER\AppData\Local\atom\bin;C:\Users\ALEXANDER\AppData\Local\Programs\Microsoft VS Code\bin;C:\Users\ALEXANDER\AppData\Roaming\npm
USERNAME=ALEXANDER
OS=Windows_NT
PROCESSOR_IDENTIFIER=Intel64 Family 6 Model 58 Stepping 9, GenuineIntel



---------------  S Y S T E M  ---------------

OS: Windows 10.0 , 64 bit Build 17758 (10.0.17758.1)

CPU:total 4 (initial active 4) (2 cores per cpu, 2 threads per core) family 6 model 58 stepping 9, cmov, cx8, fxsr, mmx, sse, sse2, sse3, ssse3, sse4.1, sse4.2, popcnt, avx, aes, clmul, erms, ht, tsc, tscinvbit, tscinv

Memory: 4k page, physical 6191420k(329428k free), swap 6191420k(3280k free)

vm_info: OpenJDK 64-Bit Server VM (25.202-b03) for windows-amd64 JRE (1.8.0_202-release-1483-b03), built by "builder" with MS VC++ 10.0 (VS2010)

time: Fri Nov 01 15:59:52 2019
timezone: GMT Standard Time
elapsed time: 1889 seconds (0d 0h 31m 29s)

