#
# There is insufficient memory for the Java Runtime Environment to continue.
# Native memory allocation (malloc) failed to allocate 1804672 bytes for Chunk::new
# Possible reasons:
#   The system is out of physical RAM or swap space
#   The process is running with CompressedOops enabled, and the Java Heap may be blocking the growth of the native heap
# Possible solutions:
#   Reduce memory load on the system
#   Increase physical memory or swap space
#   Check if swap backing store is full
#   Decrease Java heap size (-Xmx/-Xms)
#   Decrease number of Java threads
#   Decrease Java thread stack sizes (-Xss)
#   Set larger code cache with -XX:ReservedCodeCacheSize=
#   JVM is running with Unscaled Compressed Oops mode in which the Java heap is
#     placed in the first 4GB address space. The Java Heap base address is the
#     maximum limit for the native heap growth. Please use -XX:HeapBaseMinAddress
#     to set the Java Heap base and to place the Java Heap above 4GB virtual address.
# This output file may be truncated or incomplete.
#
#  Out of Memory Error (allocation.cpp:389), pid=2620, tid=0x00000000000012a0
#
# JRE version: OpenJDK Runtime Environment (8.0_202-b03) (build 1.8.0_202-release-1483-b03)
# Java VM: OpenJDK 64-Bit Server VM (25.202-b03 mixed mode windows-amd64 compressed oops)
# Failed to write core dump. Minidumps are not enabled by default on client versions of Windows
#

---------------  T H R E A D  ---------------

Current thread (0x0000000016aff800):  JavaThread "C2 CompilerThread1" daemon [_thread_in_native, id=4768, stack(0x0000000018270000,0x0000000018370000)]

Stack: [0x0000000018270000,0x0000000018370000]
[error occurred during error reporting (printing stack bounds), id 0xc0000005]

Native frames: (J=compiled Java code, j=interpreted, Vv=VM code, C=native code)


Current CompileTask:
C2:   6521 2255   !   4       java.net.URLClassLoader$1::run (63 bytes)


---------------  P R O C E S S  ---------------

Java Threads: ( => current thread )
  0x00000000196c5000 JavaThread "Cache worker for Artifact transforms cache (C:\Users\ALEXANDER\.gradle\caches\transforms-1)" [_thread_blocked, id=1688, stack(0x0000000020400000,0x0000000020500000)]
  0x00000000196ca800 JavaThread "Cache worker for cache directory md-rule (C:\Users\ALEXANDER\.gradle\caches\4.10\md-rule)" [_thread_blocked, id=9396, stack(0x0000000020300000,0x0000000020400000)]
  0x00000000196cb000 JavaThread "Cache worker for cache directory md-supplier (C:\Users\ALEXANDER\.gradle\caches\4.10\md-supplier)" [_thread_blocked, id=10304, stack(0x000000001ee30000,0x000000001ef30000)]
  0x00000000196c8000 JavaThread "Cache worker for journal cache (C:\Users\ALEXANDER\.gradle\caches\journal-1)" [_thread_blocked, id=10292, stack(0x000000001e730000,0x000000001e830000)]
  0x000000001c5df800 JavaThread "Cache worker for file hash cache (C:\Users\ALEXANDER\AndroidStudioProjects\Asandic\.gradle\4.10\fileHashes)" [_thread_blocked, id=6232, stack(0x000000001d660000,0x000000001d760000)]
  0x0000000019a34800 JavaThread "File lock request listener" [_thread_in_native, id=4756, stack(0x000000001d560000,0x000000001d660000)]
  0x0000000019914000 JavaThread "Cache worker for file hash cache (C:\Users\ALEXANDER\.gradle\caches\4.10\fileHashes)" [_thread_in_vm, id=5304, stack(0x000000001c490000,0x000000001c590000)]
  0x000000001a547800 JavaThread "Stdin handler" [_thread_blocked, id=1196, stack(0x000000001c190000,0x000000001c290000)]
  0x000000001a54e800 JavaThread "Asynchronous log dispatcher for DefaultDaemonConnection: socket connection from /127.0.0.1:49190 to /127.0.0.1:49191" [_thread_blocked, id=6248, stack(0x000000001c090000,0x000000001c190000)]
  0x0000000019c9b000 JavaThread "Daemon worker" [_thread_in_native, id=7960, stack(0x000000001bf90000,0x000000001c090000)]
  0x000000001a9fc000 JavaThread "Cancel handler" [_thread_blocked, id=9368, stack(0x000000001be90000,0x000000001bf90000)]
  0x0000000018848800 JavaThread "Handler for socket connection from /127.0.0.1:49190 to /127.0.0.1:49191" [_thread_in_native, id=9640, stack(0x000000001bb90000,0x000000001bc90000)]
  0x00000000187a8000 JavaThread "Daemon" [_thread_blocked, id=1848, stack(0x000000001ba90000,0x000000001bb90000)]
  0x000000001991d000 JavaThread "Daemon periodic checks" [_thread_blocked, id=2264, stack(0x000000001b990000,0x000000001ba90000)]
  0x00000000197ce800 JavaThread "Incoming local TCP Connector on port 49190" [_thread_in_native, id=2300, stack(0x000000001b750000,0x000000001b850000)]
  0x0000000016b5e800 JavaThread "Service Thread" daemon [_thread_blocked, id=10680, stack(0x0000000018870000,0x0000000018970000)]
  0x0000000016b0c000 JavaThread "C1 CompilerThread2" daemon [_thread_in_native, id=9204, stack(0x0000000018370000,0x0000000018470000)]
=>0x0000000016aff800 JavaThread "C2 CompilerThread1" daemon [_thread_in_native, id=4768, stack(0x0000000018270000,0x0000000018370000)]
  0x0000000016afa800 JavaThread "C2 CompilerThread0" daemon [_thread_in_native, id=11132, stack(0x0000000018170000,0x0000000018270000)]
  0x0000000016af9000 JavaThread "Attach Listener" daemon [_thread_blocked, id=9816, stack(0x0000000018070000,0x0000000018170000)]
  0x0000000016b07800 JavaThread "Signal Dispatcher" daemon [_thread_blocked, id=8408, stack(0x0000000017f70000,0x0000000018070000)]
  0x000000000315c800 JavaThread "Finalizer" daemon [_thread_blocked, id=9096, stack(0x0000000017d70000,0x0000000017e70000)]
  0x0000000016ae9800 JavaThread "Reference Handler" daemon [_thread_blocked, id=9448, stack(0x0000000017c70000,0x0000000017d70000)]
  0x0000000003062800 JavaThread "main" [_thread_blocked, id=7300, stack(0x0000000002f50000,0x0000000003050000)]

Other Threads:
  0x0000000016ac6800 VMThread [stack: 0x0000000017b70000,0x0000000017c70000] [id=10436]
  0x000000001849b800 WatcherThread [stack: 0x0000000018970000,0x0000000018a70000] [id=7436]

VM state:not at safepoint (normal execution)

VM Mutex/Monitor currently owned by a thread: None

heap address: 0x00000000a0000000, size: 1536 MB, Compressed Oops mode: 32-bit
Narrow klass base: 0x0000000000000000, Narrow klass shift: 3
Compressed class space size: 1073741824 Address: 0x0000000100000000

Heap:
 PSYoungGen      total 53248K, used 26558K [0x00000000e0000000, 0x00000000e6300000, 0x0000000100000000)
  eden space 49152K, 45% used [0x00000000e0000000,0x00000000e15f2a80,0x00000000e3000000)
  from space 4096K, 99% used [0x00000000e3000000,0x00000000e33fcf80,0x00000000e3400000)
  to   space 9728K, 0% used [0x00000000e5980000,0x00000000e5980000,0x00000000e6300000)
 ParOldGen       total 46080K, used 9134K [0x00000000a0000000, 0x00000000a2d00000, 0x00000000e0000000)
  object space 46080K, 19% used [0x00000000a0000000,0x00000000a08ebb20,0x00000000a2d00000)
 Metaspace       used 27104K, capacity 27620K, committed 27824K, reserved 1073152K
  class space    used 3804K, capacity 3967K, committed 4016K, reserved 1048576K

Card table byte_map: [0x0000000012550000,0x0000000012860000] byte_map_base: 0x0000000012050000

Marking Bits: (ParMarkBitMap*) 0x000000006f7a9f30
 Begin Bits: [0x0000000012e60000, 0x0000000014660000)
 End Bits:   [0x0000000014660000, 0x0000000015e60000)

Polling page: 0x00000000011e0000

CodeCache: size=245760Kb used=8740Kb max_used=8740Kb free=237019Kb
 bounds [0x0000000003190000, 0x0000000003a20000, 0x0000000012190000]
 total_blobs=2933 nmethods=2277 adapters=569
 compilation: enabled

Compilation events (10 events):
Event: 6.515 Thread 0x0000000016b0c000 nmethod 2309 0x0000000003a18610 code [0x0000000003a18780, 0x0000000003a18bc8]
Event: 6.515 Thread 0x0000000016b0c000 2310       3       java.io.PushbackInputStream::read (145 bytes)
Event: 6.516 Thread 0x0000000016b0c000 nmethod 2310 0x0000000003a18d90 code [0x0000000003a18f80, 0x0000000003a19868]
Event: 6.516 Thread 0x0000000016b0c000 2311   !   3       sun.nio.ch.IOUtil::read (93 bytes)
Event: 6.517 Thread 0x0000000016b0c000 nmethod 2311 0x0000000003a19bd0 code [0x0000000003a19dc0, 0x0000000003a1a638]
Event: 6.517 Thread 0x0000000016b0c000 2312       3       sun.nio.ch.IOUtil::readIntoNativeBuffer (137 bytes)
Event: 6.518 Thread 0x0000000016b0c000 nmethod 2312 0x0000000003a1a990 code [0x0000000003a1ab60, 0x0000000003a1b548]
Event: 6.518 Thread 0x0000000016b0c000 2313       1       sun.nio.ch.Util::access$000 (4 bytes)
Event: 6.518 Thread 0x0000000016b0c000 nmethod 2313 0x0000000003a1b810 code [0x0000000003a1b960, 0x0000000003a1ba50]
Event: 6.519 Thread 0x0000000016b0c000 2314       3       java.util.zip.ZipInputStream::read (304 bytes)

GC Heap History (10 events):
Event: 3.689 GC heap before
{Heap before GC invocations=4 (full 0):
 PSYoungGen      total 28672K, used 28656K [0x00000000e0000000, 0x00000000e3800000, 0x0000000100000000)
  eden space 24576K, 100% used [0x00000000e0000000,0x00000000e1800000,0x00000000e1800000)
  from space 4096K, 99% used [0x00000000e1800000,0x00000000e1bfc010,0x00000000e1c00000)
  to   space 4096K, 0% used [0x00000000e3400000,0x00000000e3400000,0x00000000e3800000)
 ParOldGen       total 65536K, used 1719K [0x00000000a0000000, 0x00000000a4000000, 0x00000000e0000000)
  object space 65536K, 2% used [0x00000000a0000000,0x00000000a01adf80,0x00000000a4000000)
 Metaspace       used 13825K, capacity 14140K, committed 14464K, reserved 1060864K
  class space    used 1941K, capacity 2094K, committed 2176K, reserved 1048576K
Event: 3.697 GC heap after
Heap after GC invocations=4 (full 0):
 PSYoungGen      total 53248K, used 4064K [0x00000000e0000000, 0x00000000e3800000, 0x0000000100000000)
  eden space 49152K, 0% used [0x00000000e0000000,0x00000000e0000000,0x00000000e3000000)
  from space 4096K, 99% used [0x00000000e3400000,0x00000000e37f8020,0x00000000e3800000)
  to   space 4096K, 0% used [0x00000000e3000000,0x00000000e3000000,0x00000000e3400000)
 ParOldGen       total 65536K, used 4011K [0x00000000a0000000, 0x00000000a4000000, 0x00000000e0000000)
  object space 65536K, 6% used [0x00000000a0000000,0x00000000a03eae78,0x00000000a4000000)
 Metaspace       used 13825K, capacity 14140K, committed 14464K, reserved 1060864K
  class space    used 1941K, capacity 2094K, committed 2176K, reserved 1048576K
}
Event: 4.849 GC heap before
{Heap before GC invocations=5 (full 0):
 PSYoungGen      total 53248K, used 53216K [0x00000000e0000000, 0x00000000e3800000, 0x0000000100000000)
  eden space 49152K, 100% used [0x00000000e0000000,0x00000000e3000000,0x00000000e3000000)
  from space 4096K, 99% used [0x00000000e3400000,0x00000000e37f8020,0x00000000e3800000)
  to   space 4096K, 0% used [0x00000000e3000000,0x00000000e3000000,0x00000000e3400000)
 ParOldGen       total 65536K, used 4011K [0x00000000a0000000, 0x00000000a4000000, 0x00000000e0000000)
  object space 65536K, 6% used [0x00000000a0000000,0x00000000a03eae78,0x00000000a4000000)
 Metaspace       used 18758K, capacity 19196K, committed 19328K, reserved 1064960K
  class space    used 2708K, capacity 2894K, committed 2944K, reserved 1048576K
Event: 4.860 GC heap after
Heap after GC invocations=5 (full 0):
 PSYoungGen      total 53248K, used 4080K [0x00000000e0000000, 0x00000000e3800000, 0x0000000100000000)
  eden space 49152K, 0% used [0x00000000e0000000,0x00000000e0000000,0x00000000e3000000)
  from space 4096K, 99% used [0x00000000e3000000,0x00000000e33fc040,0x00000000e3400000)
  to   space 4096K, 0% used [0x00000000e3400000,0x00000000e3400000,0x00000000e3800000)
 ParOldGen       total 65536K, used 10111K [0x00000000a0000000, 0x00000000a4000000, 0x00000000e0000000)
  object space 65536K, 15% used [0x00000000a0000000,0x00000000a09dff00,0x00000000a4000000)
 Metaspace       used 18758K, capacity 19196K, committed 19328K, reserved 1064960K
  class space    used 2708K, capacity 2894K, committed 2944K, reserved 1048576K
}
Event: 5.081 GC heap before
{Heap before GC invocations=6 (full 0):
 PSYoungGen      total 53248K, used 16836K [0x00000000e0000000, 0x00000000e3800000, 0x0000000100000000)
  eden space 49152K, 25% used [0x00000000e0000000,0x00000000e0c75200,0x00000000e3000000)
  from space 4096K, 99% used [0x00000000e3000000,0x00000000e33fc040,0x00000000e3400000)
  to   space 4096K, 0% used [0x00000000e3400000,0x00000000e3400000,0x00000000e3800000)
 ParOldGen       total 65536K, used 10111K [0x00000000a0000000, 0x00000000a4000000, 0x00000000e0000000)
  object space 65536K, 15% used [0x00000000a0000000,0x00000000a09dff00,0x00000000a4000000)
 Metaspace       used 20794K, capacity 21250K, committed 21296K, reserved 1067008K
  class space    used 2909K, capacity 3088K, committed 3120K, reserved 1048576K
Event: 5.091 GC heap after
Heap after GC invocations=6 (full 0):
 PSYoungGen      total 53248K, used 4064K [0x00000000e0000000, 0x00000000e3800000, 0x0000000100000000)
  eden space 49152K, 0% used [0x00000000e0000000,0x00000000e0000000,0x00000000e3000000)
  from space 4096K, 99% used [0x00000000e3400000,0x00000000e37f8030,0x00000000e3800000)
  to   space 4096K, 0% used [0x00000000e3000000,0x00000000e3000000,0x00000000e3400000)
 ParOldGen       total 65536K, used 12114K [0x00000000a0000000, 0x00000000a4000000, 0x00000000e0000000)
  object space 65536K, 18% used [0x00000000a0000000,0x00000000a0bd49f0,0x00000000a4000000)
 Metaspace       used 20794K, capacity 21250K, committed 21296K, reserved 1067008K
  class space    used 2909K, capacity 3088K, committed 3120K, reserved 1048576K
}
Event: 5.091 GC heap before
{Heap before GC invocations=7 (full 1):
 PSYoungGen      total 53248K, used 4064K [0x00000000e0000000, 0x00000000e3800000, 0x0000000100000000)
  eden space 49152K, 0% used [0x00000000e0000000,0x00000000e0000000,0x00000000e3000000)
  from space 4096K, 99% used [0x00000000e3400000,0x00000000e37f8030,0x00000000e3800000)
  to   space 4096K, 0% used [0x00000000e3000000,0x00000000e3000000,0x00000000e3400000)
 ParOldGen       total 65536K, used 12114K [0x00000000a0000000, 0x00000000a4000000, 0x00000000e0000000)
  object space 65536K, 18% used [0x00000000a0000000,0x00000000a0bd49f0,0x00000000a4000000)
 Metaspace       used 20794K, capacity 21250K, committed 21296K, reserved 1067008K
  class space    used 2909K, capacity 3088K, committed 3120K, reserved 1048576K
Event: 5.137 GC heap after
Heap after GC invocations=7 (full 1):
 PSYoungGen      total 53248K, used 0K [0x00000000e0000000, 0x00000000e3800000, 0x0000000100000000)
  eden space 49152K, 0% used [0x00000000e0000000,0x00000000e0000000,0x00000000e3000000)
  from space 4096K, 0% used [0x00000000e3400000,0x00000000e3400000,0x00000000e3800000)
  to   space 4096K, 0% used [0x00000000e3000000,0x00000000e3000000,0x00000000e3400000)
 ParOldGen       total 46080K, used 8170K [0x00000000a0000000, 0x00000000a2d00000, 0x00000000e0000000)
  object space 46080K, 17% used [0x00000000a0000000,0x00000000a07faa10,0x00000000a2d00000)
 Metaspace       used 20794K, capacity 21250K, committed 21296K, reserved 1067008K
  class space    used 2909K, capacity 3088K, committed 3120K, reserved 1048576K
}
Event: 5.807 GC heap before
{Heap before GC invocations=8 (full 1):
 PSYoungGen      total 53248K, used 49152K [0x00000000e0000000, 0x00000000e3800000, 0x0000000100000000)
  eden space 49152K, 100% used [0x00000000e0000000,0x00000000e3000000,0x00000000e3000000)
  from space 4096K, 0% used [0x00000000e3400000,0x00000000e3400000,0x00000000e3800000)
  to   space 4096K, 0% used [0x00000000e3000000,0x00000000e3000000,0x00000000e3400000)
 ParOldGen       total 46080K, used 8170K [0x00000000a0000000, 0x00000000a2d00000, 0x00000000e0000000)
  object space 46080K, 17% used [0x00000000a0000000,0x00000000a07faa10,0x00000000a2d00000)
 Metaspace       used 25716K, capacity 26150K, committed 26288K, reserved 1071104K
  class space    used 3578K, capacity 3738K, committed 3760K, reserved 1048576K
Event: 5.814 GC heap after
Heap after GC invocations=8 (full 1):
 PSYoungGen      total 53248K, used 4083K [0x00000000e0000000, 0x00000000e6300000, 0x0000000100000000)
  eden space 49152K, 0% used [0x00000000e0000000,0x00000000e0000000,0x00000000e3000000)
  from space 4096K, 99% used [0x00000000e3000000,0x00000000e33fcf80,0x00000000e3400000)
  to   space 9728K, 0% used [0x00000000e5980000,0x00000000e5980000,0x00000000e6300000)
 ParOldGen       total 46080K, used 9134K [0x00000000a0000000, 0x00000000a2d00000, 0x00000000e0000000)
  object space 46080K, 19% used [0x00000000a0000000,0x00000000a08ebb20,0x00000000a2d00000)
 Metaspace       used 25716K, capacity 26150K, committed 26288K, reserved 1071104K
  class space    used 3578K, capacity 3738K, committed 3760K, reserved 1048576K
}

Deoptimization events (10 events):
Event: 5.468 Thread 0x0000000019c9b000 Uncommon trap: reason=unstable_if action=reinterpret pc=0x000000000365d020 method=java.util.HashMap.hash(Ljava/lang/Object;)I @ 1
Event: 5.532 Thread 0x0000000019c9b000 Uncommon trap: reason=unstable_if action=reinterpret pc=0x0000000003455f8c method=java.io.WinNTFileSystem.resolve(Ljava/lang/String;Ljava/lang/String;)Ljava/lang/String; @ 49
Event: 5.558 Thread 0x0000000019c9b000 Uncommon trap: reason=unstable_if action=reinterpret pc=0x0000000003471670 method=java.util.LinkedHashMap.afterNodeInsertion(Z)V @ 1
Event: 5.815 Thread 0x0000000016ae9800 Uncommon trap: reason=unstable_if action=reinterpret pc=0x00000000037a267c method=java.lang.ref.Reference.tryHandlePending(Z)Z @ 104
Event: 5.856 Thread 0x0000000019c9b000 Uncommon trap: reason=unstable_if action=reinterpret pc=0x000000000342833c method=java.util.HashMap.getNode(ILjava/lang/Object;)Ljava/util/HashMap$Node; @ 129
Event: 5.891 Thread 0x0000000019c9b000 Uncommon trap: reason=unstable_if action=reinterpret pc=0x00000000039c6e48 method=org.objectweb.asm.Type.appendDescriptor(Ljava/lang/StringBuilder;Ljava/lang/Class;)V @ 6
Event: 6.493 Thread 0x0000000019c9b000 Uncommon trap: reason=class_check action=maybe_recompile pc=0x0000000003797e70 method=java.util.zip.InflaterInputStream.read([BII)I @ 100
Event: 6.498 Thread 0x0000000019c9b000 Uncommon trap: reason=class_check action=maybe_recompile pc=0x0000000003797e70 method=java.util.zip.InflaterInputStream.read([BII)I @ 100
Event: 6.500 Thread 0x0000000019c9b000 Uncommon trap: reason=class_check action=maybe_recompile pc=0x0000000003797e70 method=java.util.zip.InflaterInputStream.read([BII)I @ 100
Event: 6.500 Thread 0x0000000019c9b000 Uncommon trap: reason=class_check action=maybe_recompile pc=0x0000000003797e70 method=java.util.zip.InflaterInputStream.read([BII)I @ 100

Classes redefined (0 events):
No events

Internal exceptions (10 events):
Event: 5.436 Thread 0x0000000019c9b000 Exception <a 'java/lang/ClassNotFoundException': org/gradle/api/internal/initialization/DefaultScriptHandlerCustomizer> (0x00000000e10713e0) thrown at [D:\src\AOSP-openjdk-cygwin\jdk8u\hotspot\src\share\vm\classfile\systemDictionary.cpp, line 210]
Event: 5.468 Thread 0x0000000019c9b000 Implicit null exception at 0x000000000365ce15 to 0x000000000365d011
Event: 5.802 Thread 0x0000000019c9b000 Exception <a 'java/lang/ClassNotFoundException': org/gradle/api/internal/artifacts/dsl/dependencies/DefaultDependencyHandler_DecoratedBeanInfo> (0x00000000e2f79a88) thrown at [D:\src\AOSP-openjdk-cygwin\jdk8u\hotspot\src\share\vm\classfile\systemDictionar
Event: 5.804 Thread 0x0000000019c9b000 Exception <a 'java/lang/ClassNotFoundException': org/gradle/api/internal/artifacts/dsl/dependencies/DefaultDependencyHandlerBeanInfo> (0x00000000e2fcacc8) thrown at [D:\src\AOSP-openjdk-cygwin\jdk8u\hotspot\src\share\vm\classfile\systemDictionary.cpp, lin
Event: 5.816 Thread 0x0000000019c9b000 Exception <a 'java/lang/ClassNotFoundException': org/gradle/api/internal/artifacts/dsl/dependencies/DefaultDependencyHandlerCustomizer> (0x00000000e001cf60) thrown at [D:\src\AOSP-openjdk-cygwin\jdk8u\hotspot\src\share\vm\classfile\systemDictionary.cpp, l
Event: 5.819 Thread 0x0000000019c9b000 Exception <a 'java/lang/ClassNotFoundException': org/gradle/api/internal/artifacts/dsl/dependencies/DefaultDependencyHandler_DecoratedCustomizer> (0x00000000e00974c0) thrown at [D:\src\AOSP-openjdk-cygwin\jdk8u\hotspot\src\share\vm\classfile\systemDiction
Event: 5.968 Thread 0x0000000019c9b000 Exception <a 'java/lang/NoSuchMethodError': <clinit>> (0x00000000e0f47188) thrown at [D:\src\AOSP-openjdk-cygwin\jdk8u\hotspot\src\share\vm\prims\jni.cpp, line 1614]
Event: 5.969 Thread 0x0000000019c9b000 Exception <a 'java/lang/NoSuchMethodError': <clinit>> (0x00000000e0f6d188) thrown at [D:\src\AOSP-openjdk-cygwin\jdk8u\hotspot\src\share\vm\prims\jni.cpp, line 1614]
Event: 5.970 Thread 0x0000000019c9b000 Exception <a 'java/lang/NoSuchMethodError': <clinit>> (0x00000000e0f6e640) thrown at [D:\src\AOSP-openjdk-cygwin\jdk8u\hotspot\src\share\vm\prims\jni.cpp, line 1614]
Event: 5.970 Thread 0x0000000019c9b000 Exception <a 'java/lang/NoSuchMethodError': <clinit>> (0x00000000e0f70318) thrown at [D:\src\AOSP-openjdk-cygwin\jdk8u\hotspot\src\share\vm\prims\jni.cpp, line 1614]

Events (10 events):
Event: 6.504 loading class org/gradle/internal/fingerprint/impl/FingerprintCompareStrategy$Impl
Event: 6.504 loading class org/gradle/internal/fingerprint/impl/FingerprintCompareStrategy$Impl done
Event: 6.504 loading class org/gradle/api/internal/changedetection/rules/TaskStateChange
Event: 6.504 loading class org/gradle/api/internal/changedetection/rules/TaskStateChange done
Event: 6.504 loading class org/gradle/internal/fingerprint/impl/NormalizedPathFingerprintCompareStrategy$1
Event: 6.504 loading class org/gradle/internal/fingerprint/impl/NormalizedPathFingerprintCompareStrategy$1 done
Event: 6.505 loading class org/gradle/internal/fingerprint/impl/IgnoredPathFingerprint
Event: 6.505 loading class org/gradle/internal/fingerprint/impl/IgnoredPathFingerprint done
Event: 6.506 loading class org/gradle/internal/fingerprint/impl/IgnoredPathFingerprint$1
Event: 6.506 loading class org/gradle/internal/fingerprint/impl/IgnoredPathFingerprint$1 done


Dynamic libraries:
0x00007ff77bf50000 - 0x00007ff77bf81000 	C:\Program Files\Android\Android Studio\jre\bin\java.exe
0x00007ff814100000 - 0x00007ff8142ed000 	C:\Windows\SYSTEM32\ntdll.dll
0x00007ff8135c0000 - 0x00007ff813673000 	C:\Windows\System32\KERNEL32.DLL
0x00007ff810530000 - 0x00007ff8107c3000 	C:\Windows\System32\KERNELBASE.dll
0x00007ff813f90000 - 0x00007ff814033000 	C:\Windows\System32\ADVAPI32.dll
0x00007ff811510000 - 0x00007ff8115ae000 	C:\Windows\System32\msvcrt.dll
0x00007ff813520000 - 0x00007ff8135be000 	C:\Windows\System32\sechost.dll
0x00007ff811330000 - 0x00007ff811453000 	C:\Windows\System32\RPCRT4.dll
0x00007ff813370000 - 0x00007ff813507000 	C:\Windows\System32\USER32.dll
0x00007ff8101d0000 - 0x00007ff8101f0000 	C:\Windows\System32\win32u.dll
0x00007ff813240000 - 0x00007ff813269000 	C:\Windows\System32\GDI32.dll
0x00007ff810850000 - 0x00007ff8109ea000 	C:\Windows\System32\gdi32full.dll
0x00007ff811290000 - 0x00007ff811330000 	C:\Windows\System32\msvcp_win.dll
0x00007ff8109f0000 - 0x00007ff810aec000 	C:\Windows\System32\ucrtbase.dll
0x00007ffffb5e0000 - 0x00007ffffb859000 	C:\Windows\WinSxS\amd64_microsoft.windows.common-controls_6595b64144ccf1df_6.0.17758.1_none_f04561a4ff3c0a8f\COMCTL32.dll
0x00007ff812da0000 - 0x00007ff8130ce000 	C:\Windows\System32\combase.dll
0x00007ff8107d0000 - 0x00007ff81084e000 	C:\Windows\System32\bcryptPrimitives.dll
0x00007ff8140a0000 - 0x00007ff8140ce000 	C:\Windows\System32\IMM32.DLL
0x000000006ef00000 - 0x000000006efd2000 	C:\Program Files\Android\Android Studio\jre\jre\bin\msvcr100.dll
0x000000006efe0000 - 0x000000006f826000 	C:\Program Files\Android\Android Studio\jre\jre\bin\server\jvm.dll
0x00007ff813360000 - 0x00007ff813368000 	C:\Windows\System32\PSAPI.DLL
0x00007ffffe8e0000 - 0x00007ffffe8e9000 	C:\Windows\SYSTEM32\WSOCK32.dll
0x00007ff808910000 - 0x00007ff80891a000 	C:\Windows\SYSTEM32\VERSION.dll
0x00007ff80d880000 - 0x00007ff80d8a4000 	C:\Windows\SYSTEM32\WINMM.dll
0x00007ff811760000 - 0x00007ff8117cd000 	C:\Windows\System32\WS2_32.dll
0x00007ff80d850000 - 0x00007ff80d87d000 	C:\Windows\SYSTEM32\WINMMBASE.dll
0x00007ff810af0000 - 0x00007ff810b3a000 	C:\Windows\System32\cfgmgr32.dll
0x00007ff80d920000 - 0x00007ff80d92f000 	C:\Program Files\Android\Android Studio\jre\jre\bin\verify.dll
0x00007ff80c2b0000 - 0x00007ff80c2d9000 	C:\Program Files\Android\Android Studio\jre\jre\bin\java.dll
0x00007ff80c260000 - 0x00007ff80c276000 	C:\Program Files\Android\Android Studio\jre\jre\bin\zip.dll
0x00007ff8117d0000 - 0x00007ff812cbf000 	C:\Windows\System32\SHELL32.dll
0x00007ff811460000 - 0x00007ff811508000 	C:\Windows\System32\shcore.dll
0x00007ff810b40000 - 0x00007ff811288000 	C:\Windows\System32\windows.storage.dll
0x00007ff8101a0000 - 0x00007ff8101c4000 	C:\Windows\System32\profapi.dll
0x00007ff810140000 - 0x00007ff81019d000 	C:\Windows\System32\powrprof.dll
0x00007ff814040000 - 0x00007ff814092000 	C:\Windows\System32\shlwapi.dll
0x00007ff810100000 - 0x00007ff810111000 	C:\Windows\System32\kernel.appcore.dll
0x00007ff8102d0000 - 0x00007ff8102e7000 	C:\Windows\System32\cryptsp.dll
0x00007ff8099b0000 - 0x00007ff8099ca000 	C:\Program Files\Android\Android Studio\jre\jre\bin\net.dll
0x00007ff80f990000 - 0x00007ff80f9f7000 	C:\Windows\system32\mswsock.dll
0x00007ff8098c0000 - 0x00007ff8098d1000 	C:\Program Files\Android\Android Studio\jre\jre\bin\nio.dll
0x00007ff8097e0000 - 0x00007ff8097fe000 	C:\Users\ALEXANDER\.gradle\native\25\windows-amd64\native-platform.dll
0x00007ff80c370000 - 0x00007ff80c37d000 	C:\Program Files\Android\Android Studio\jre\jre\bin\management.dll
0x00007ff80f4f0000 - 0x00007ff80f523000 	C:\Windows\system32\rsaenh.dll
0x00007ff8101f0000 - 0x00007ff810216000 	C:\Windows\System32\bcrypt.dll
0x00007ff810030000 - 0x00007ff810058000 	C:\Windows\SYSTEM32\USERENV.dll
0x00007ff80fb60000 - 0x00007ff80fb6c000 	C:\Windows\SYSTEM32\CRYPTBASE.dll
0x00007ff80f690000 - 0x00007ff80f6cd000 	C:\Windows\SYSTEM32\IPHLPAPI.DLL
0x00007ff8130d0000 - 0x00007ff8130d8000 	C:\Windows\System32\NSI.dll
0x00007ff806dc0000 - 0x00007ff806dd6000 	C:\Windows\SYSTEM32\dhcpcsvc6.DLL
0x00007ff806da0000 - 0x00007ff806dbc000 	C:\Windows\SYSTEM32\dhcpcsvc.DLL
0x00007ff80f6d0000 - 0x00007ff80f796000 	C:\Windows\SYSTEM32\DNSAPI.dll

VM Arguments:
jvm_args: -Xmx1536m -Dfile.encoding=windows-1252 -Duser.country=US -Duser.language=en -Duser.variant 
java_command: org.gradle.launcher.daemon.bootstrap.GradleDaemon 4.10
java_class_path (initial): F:\Personae\Projects\Asandic Android Proj\gradle-4.10\lib\gradle-launcher-4.10.jar
Launcher Type: SUN_STANDARD

Environment Variables:
JAVA_HOME=C:\Program Files\Java\jdk1.8.0_77
PATH=C:\ProgramData\Oracle\Java\javapath;C:\Windows\system32;C:\Windows;C:\Windows\System32\Wbem;C:\Windows\System32\WindowsPowerShell\v1.0\;C:\Windows\System32\OpenSSH\;E:\AOMEI Backupper;C:\Program Files\Microsoft SQL Server\Client SDK\ODBC\130\Tools\Binn\;C:\Program Files (x86)\Microsoft SQL Server\130\Tools\Binn\;C:\Program Files\Microsoft SQL Server\130\Tools\Binn\;C:\Program Files\Microsoft SQL Server\130\DTS\Binn\;C:\Program Files (x86)\Microsoft SQL Server\Client SDK\ODBC\130\Tools\Binn\;C:\Program Files (x86)\Microsoft SQL Server\140\Tools\Binn\;C:\Program Files (x86)\Microsoft SQL Server\140\DTS\Binn\;C:\Program Files (x86)\Microsoft SQL Server\140\Tools\Binn\ManagementStudio\;C:\Program Files (x86)\Brackets\command;C:\Windows\system32\config\systemprofile\.dnx\bin;C:\Program Files\Microsoft DNX\Dnvm\;C:\Program Files\Git\cmd;C:\Program Files (x86)\ATI Technologies\ATI.ACE\Core-Static;C:\Program Files\Java\jdk1.8.0_77\bin;C:\Program Files (x86)\sbt\bin;C:\Program Files\nodejs\;C:\Users\ALEXANDER\AppData\Local\Microsoft\WindowsApps;C:\Users\ALEXANDER\AppData\Local\atom\bin;C:\Users\ALEXANDER\AppData\Local\Programs\Microsoft VS Code\bin;C:\Users\ALEXANDER\AppData\Roaming\npm
USERNAME=ALEXANDER
OS=Windows_NT
PROCESSOR_IDENTIFIER=Intel64 Family 6 Model 58 Stepping 9, GenuineIntel



---------------  S Y S T E M  ---------------

OS: Windows 10.0 , 64 bit Build 17758 (10.0.17758.1)

CPU:total 4 (initial active 4) (2 cores per cpu, 2 threads per core) family 6 model 58 stepping 9, cmov, cx8, fxsr, mmx, sse, sse2, sse3, ssse3, sse4.1, sse4.2, popcnt, avx, aes, clmul, erms, ht, tsc, tscinvbit, tscinv

Memory: 4k page, physical 6191420k(664340k free), swap 6191420k(5560k free)

vm_info: OpenJDK 64-Bit Server VM (25.202-b03) for windows-amd64 JRE (1.8.0_202-release-1483-b03), built by "builder" with MS VC++ 10.0 (VS2010)

time: Fri Nov 01 12:10:21 2019
timezone: GMT Standard Time
elapsed time: 6 seconds (0d 0h 0m 6s)

